[0.870s] Invoking command in '/home/usman/ros2_ws/build/pdf_to_matrix': PYTHONPATH=/home/usman/ros2_ws/build/pdf_to_matrix/prefix_override:/usr/lib/python3/dist-packages/colcon_core/task/python/colcon_distutils_commands:/home/usman/ros2_ws/install/pdf_to_matrix/lib/python3.10/site-packages:${PYTHONPATH} /usr/bin/python3 -W ignore:setup.py install is deprecated setup.py develop --editable --build-directory /home/usman/ros2_ws/build/pdf_to_matrix/build --no-deps symlink_data
[0.956s] /home/usman/.local/lib/python3.10/site-packages/setuptools/_distutils/dist.py:261: UserWarning: Unknown distribution option: 'tests_require'
[0.956s]   warnings.warn(msg)
[1.037s] running develop
[1.037s] /home/usman/.local/lib/python3.10/site-packages/setuptools/command/develop.py:41: EasyInstallDeprecationWarning: easy_install command is deprecated.
[1.037s] !!
[1.037s] 
[1.037s]         ********************************************************************************
[1.037s]         Please avoid running ``setup.py`` and ``easy_install``.
[1.037s]         Instead, use pypa/build, pypa/installer or other
[1.037s]         standards-based tools.
[1.037s] 
[1.037s]         See https://github.com/pypa/setuptools/issues/917 for details.
[1.037s]         ********************************************************************************
[1.037s] 
[1.037s] !!
[1.037s]   easy_install.initialize_options(self)
[1.134s] running egg_info
[1.141s] creating pdf_to_matrix.egg-info
[1.141s] writing pdf_to_matrix.egg-info/PKG-INFO
[1.141s] writing dependency_links to pdf_to_matrix.egg-info/dependency_links.txt
[1.141s] writing entry points to pdf_to_matrix.egg-info/entry_points.txt
[1.141s] writing requirements to pdf_to_matrix.egg-info/requires.txt
[1.142s] writing top-level names to pdf_to_matrix.egg-info/top_level.txt
[1.142s] writing manifest file 'pdf_to_matrix.egg-info/SOURCES.txt'
[1.156s] reading manifest file 'pdf_to_matrix.egg-info/SOURCES.txt'
[1.157s] writing manifest file 'pdf_to_matrix.egg-info/SOURCES.txt'
[1.194s] running build_ext
[1.194s] Creating /home/usman/ros2_ws/install/pdf_to_matrix/lib/python3.10/site-packages/pdf-to-matrix.egg-link (link to .)
[1.195s] Installing pdf_to_matrix script to /home/usman/ros2_ws/install/pdf_to_matrix/lib/pdf_to_matrix
[1.195s] 
[1.195s] Installed /home/usman/ros2_ws/build/pdf_to_matrix
[1.195s] running symlink_data
[1.195s] creating /home/usman/ros2_ws/install/pdf_to_matrix/share/ament_index/resource_index/packages
[1.195s] symbolically linking /home/usman/ros2_ws/build/pdf_to_matrix/resource/pdf_to_matrix -> /home/usman/ros2_ws/install/pdf_to_matrix/share/ament_index/resource_index/packages
[1.195s] symbolically linking /home/usman/ros2_ws/build/pdf_to_matrix/package.xml -> /home/usman/ros2_ws/install/pdf_to_matrix/share/pdf_to_matrix
[1.221s] Invoked command in '/home/usman/ros2_ws/build/pdf_to_matrix' returned '0': PYTHONPATH=/home/usman/ros2_ws/build/pdf_to_matrix/prefix_override:/usr/lib/python3/dist-packages/colcon_core/task/python/colcon_distutils_commands:/home/usman/ros2_ws/install/pdf_to_matrix/lib/python3.10/site-packages:${PYTHONPATH} /usr/bin/python3 -W ignore:setup.py install is deprecated setup.py develop --editable --build-directory /home/usman/ros2_ws/build/pdf_to_matrix/build --no-deps symlink_data
