[0.006s] Invoking command in '/home/usman/ros2_ws/build/zed_components': CMAKE_PREFIX_PATH=/home/usman/ros2_ws/install/zed_msgs:/home/usman/ros2_ws/install/zed_ros2:/home/usman/ros2_ws/install/zed_wrapper:/home/usman/ros2_ws/install/zed_components:/home/usman/ros2_ws/install/zedm_to_BC:/home/usman/ros2_ws/install/rgbd_pdf_exporter:/home/usman/ros2_ws/install/rgbd_observer:/home/usman/ros2_ws/install/rgbd_converter:/home/usman/ros2_ws/install/pdf_to_matrix:/opt/ros/humble LD_LIBRARY_PATH=/home/usman/ros2_ws/install/zed_msgs/lib:/usr/local/cuda-12.1/lib64:/usr/lib/x86_64-linux-gnu:/usr/local/cuda-12.1/lib64:/usr/local/cuda-12.1/lib64:/usr/local/cuda-12.1/lib64:/usr/local/cuda-12.1/lib64:/usr/local/cuda-12.1/lib64:/usr/local/cuda-12.1/lib64:/usr/local/cuda-12.1/lib64:/usr/local/cuda-12.1/lib64:/home/usman/ros2_ws/install/zed_components/lib:/opt/ros/humble/opt/rviz_ogre_vendor/lib:/opt/ros/humble/lib/x86_64-linux-gnu:/opt/ros/humble/lib /usr/bin/cmake /home/usman/ros2_ws/src/zed-ros2-wrapper/zed_components -DCMAKE_BUILD_TYPE=Release -DAMENT_CMAKE_SYMLINK_INSTALL=1 -DCMAKE_INSTALL_PREFIX=/home/usman/ros2_ws/install/zed_components
[0.042s] -- The C compiler identification is GNU 11.4.0
[0.078s] -- The CXX compiler identification is GNU 11.4.0
[0.082s] -- Detecting C compiler ABI info
[0.126s] -- Detecting C compiler ABI info - done
[0.132s] -- Check for working C compiler: /usr/bin/cc - skipped
[0.132s] -- Detecting C compile features
[0.132s] -- Detecting C compile features - done
[0.135s] -- Detecting CXX compiler ABI info
[0.184s] -- Detecting CXX compiler ABI info - done
[0.188s] -- Check for working CXX compiler: /usr/bin/c++ - skipped
[0.188s] -- Detecting CXX compile features
[0.189s] -- Detecting CXX compile features - done
[0.192s] -- Looking for sgemm_
[0.234s] -- Looking for sgemm_ - not found
[0.235s] -- Looking for pthread.h
[0.279s] -- Looking for pthread.h - found
[0.279s] -- Performing Test CMAKE_HAVE_LIBC_PTHREAD
[0.324s] -- Performing Test CMAKE_HAVE_LIBC_PTHREAD - Success
[0.325s] -- Found Threads: TRUE  
[0.346s] -- Looking for sgemm_
[0.407s] -- Looking for sgemm_ - found
[0.407s] -- Found BLAS: /usr/lib/x86_64-linux-gnu/libopenblas.so  
[0.422s] -- Found CUDA: /usr/local/cuda-12.1 (found suitable version "12.1", minimum required is "12") 
[0.455s] -- Found CUDA: /usr/local/cuda-12.1 (found version "12.1") 
[0.456s] -- Found ament_cmake_auto: 1.3.10 (/opt/ros/humble/share/ament_cmake_auto/cmake)
[0.680s] -- Found Python3: /usr/bin/python3 (found version "3.10.12") found components: Interpreter 
[0.719s] -- Override CMake install command with custom implementation using symlinks instead of copying resources
[0.799s] -- Found rosidl_generator_c: 3.1.5 (/opt/ros/humble/share/rosidl_generator_c/cmake)
[0.803s] -- Found rosidl_adapter: 3.1.5 (/opt/ros/humble/share/rosidl_adapter/cmake)
[0.809s] -- Found rosidl_generator_cpp: 3.1.5 (/opt/ros/humble/share/rosidl_generator_cpp/cmake)
[0.817s] -- Using all available rosidl_typesupport_c: rosidl_typesupport_fastrtps_c;rosidl_typesupport_introspection_c
[0.828s] -- Using all available rosidl_typesupport_cpp: rosidl_typesupport_fastrtps_cpp;rosidl_typesupport_introspection_cpp
[0.899s] -- Found rmw_implementation_cmake: 6.1.2 (/opt/ros/humble/share/rmw_implementation_cmake/cmake)
[0.901s] -- Found rmw_fastrtps_cpp: 6.2.7 (/opt/ros/humble/share/rmw_fastrtps_cpp/cmake)
[0.961s] -- Found OpenSSL: /usr/lib/x86_64-linux-gnu/libcrypto.so (found version "3.0.2")  
[0.977s] -- Found FastRTPS: /opt/ros/humble/include  
[1.005s] -- Using RMW implementation 'rmw_fastrtps_cpp' as default
[1.166s] -- Found eigen3_cmake_module: 0.1.1 (/opt/ros/humble/share/eigen3_cmake_module/cmake)
[1.166s] -- Found Eigen3: TRUE (found version "3.4.0") 
[1.166s] -- Ensuring Eigen3 include directory is part of orocos-kdl CMake target
[1.237s] -- Found ament_lint_auto: 0.12.11 (/opt/ros/humble/share/ament_lint_auto/cmake)
[1.257s] -- Added test 'copyright' to check source files copyright and LICENSE
[1.258s] -- Added test 'cppcheck' to perform static code analysis on C / C++ code
[1.259s] -- Configured cppcheck include dirs: /home/usman/ros2_ws/src/zed-ros2-wrapper/zed_components/src/include;/home/usman/ros2_ws/src/zed-ros2-wrapper/zed_components/src/zed_camera/include;/home/usman/ros2_ws/src/zed-ros2-wrapper/zed_components/src/tools/include
[1.259s] -- Configured cppcheck exclude dirs and/or files: 
[1.259s] -- Added test 'lint_cmake' to check CMake code style
[1.261s] -- Added test 'uncrustify' to check C / C++ code style
[1.261s] -- Configured uncrustify additional arguments: 
[1.261s] -- Added test 'xmllint' to check XML markup files
[1.263s] -- Configuring done
[1.276s] -- Generating done
[1.278s] -- Build files have been written to: /home/usman/ros2_ws/build/zed_components
[1.284s] Invoked command in '/home/usman/ros2_ws/build/zed_components' returned '0': CMAKE_PREFIX_PATH=/home/usman/ros2_ws/install/zed_msgs:/home/usman/ros2_ws/install/zed_ros2:/home/usman/ros2_ws/install/zed_wrapper:/home/usman/ros2_ws/install/zed_components:/home/usman/ros2_ws/install/zedm_to_BC:/home/usman/ros2_ws/install/rgbd_pdf_exporter:/home/usman/ros2_ws/install/rgbd_observer:/home/usman/ros2_ws/install/rgbd_converter:/home/usman/ros2_ws/install/pdf_to_matrix:/opt/ros/humble LD_LIBRARY_PATH=/home/usman/ros2_ws/install/zed_msgs/lib:/usr/local/cuda-12.1/lib64:/usr/lib/x86_64-linux-gnu:/usr/local/cuda-12.1/lib64:/usr/local/cuda-12.1/lib64:/usr/local/cuda-12.1/lib64:/usr/local/cuda-12.1/lib64:/usr/local/cuda-12.1/lib64:/usr/local/cuda-12.1/lib64:/usr/local/cuda-12.1/lib64:/usr/local/cuda-12.1/lib64:/home/usman/ros2_ws/install/zed_components/lib:/opt/ros/humble/opt/rviz_ogre_vendor/lib:/opt/ros/humble/lib/x86_64-linux-gnu:/opt/ros/humble/lib /usr/bin/cmake /home/usman/ros2_ws/src/zed-ros2-wrapper/zed_components -DCMAKE_BUILD_TYPE=Release -DAMENT_CMAKE_SYMLINK_INSTALL=1 -DCMAKE_INSTALL_PREFIX=/home/usman/ros2_ws/install/zed_components
[1.285s] Invoking command in '/home/usman/ros2_ws/build/zed_components': CMAKE_PREFIX_PATH=/home/usman/ros2_ws/install/zed_msgs:/home/usman/ros2_ws/install/zed_ros2:/home/usman/ros2_ws/install/zed_wrapper:/home/usman/ros2_ws/install/zed_components:/home/usman/ros2_ws/install/zedm_to_BC:/home/usman/ros2_ws/install/rgbd_pdf_exporter:/home/usman/ros2_ws/install/rgbd_observer:/home/usman/ros2_ws/install/rgbd_converter:/home/usman/ros2_ws/install/pdf_to_matrix:/opt/ros/humble LD_LIBRARY_PATH=/home/usman/ros2_ws/install/zed_msgs/lib:/usr/local/cuda-12.1/lib64:/usr/lib/x86_64-linux-gnu:/usr/local/cuda-12.1/lib64:/usr/local/cuda-12.1/lib64:/usr/local/cuda-12.1/lib64:/usr/local/cuda-12.1/lib64:/usr/local/cuda-12.1/lib64:/usr/local/cuda-12.1/lib64:/usr/local/cuda-12.1/lib64:/usr/local/cuda-12.1/lib64:/home/usman/ros2_ws/install/zed_components/lib:/opt/ros/humble/opt/rviz_ogre_vendor/lib:/opt/ros/humble/lib/x86_64-linux-gnu:/opt/ros/humble/lib /usr/bin/cmake --build /home/usman/ros2_ws/build/zed_components -- -j16 -l16
[1.318s] [ 20%] [32mBuilding CXX object CMakeFiles/zed_camera_component.dir/src/tools/src/sl_tools.cpp.o[0m
[1.318s] [ 40%] [32mBuilding CXX object CMakeFiles/zed_camera_component.dir/src/tools/src/gnss_replay.cpp.o[0m
[1.318s] [ 60%] [32mBuilding CXX object CMakeFiles/zed_camera_component.dir/src/tools/src/sl_win_avg.cpp.o[0m
[1.318s] [ 80%] [32mBuilding CXX object CMakeFiles/zed_camera_component.dir/src/zed_camera/src/zed_camera_component.cpp.o[0m
[35.939s] [100%] [32m[1mLinking CXX shared library libzed_camera_component.so[0m
[36.253s] [100%] Built target zed_camera_component
[36.263s] Invoked command in '/home/usman/ros2_ws/build/zed_components' returned '0': CMAKE_PREFIX_PATH=/home/usman/ros2_ws/install/zed_msgs:/home/usman/ros2_ws/install/zed_ros2:/home/usman/ros2_ws/install/zed_wrapper:/home/usman/ros2_ws/install/zed_components:/home/usman/ros2_ws/install/zedm_to_BC:/home/usman/ros2_ws/install/rgbd_pdf_exporter:/home/usman/ros2_ws/install/rgbd_observer:/home/usman/ros2_ws/install/rgbd_converter:/home/usman/ros2_ws/install/pdf_to_matrix:/opt/ros/humble LD_LIBRARY_PATH=/home/usman/ros2_ws/install/zed_msgs/lib:/usr/local/cuda-12.1/lib64:/usr/lib/x86_64-linux-gnu:/usr/local/cuda-12.1/lib64:/usr/local/cuda-12.1/lib64:/usr/local/cuda-12.1/lib64:/usr/local/cuda-12.1/lib64:/usr/local/cuda-12.1/lib64:/usr/local/cuda-12.1/lib64:/usr/local/cuda-12.1/lib64:/usr/local/cuda-12.1/lib64:/home/usman/ros2_ws/install/zed_components/lib:/opt/ros/humble/opt/rviz_ogre_vendor/lib:/opt/ros/humble/lib/x86_64-linux-gnu:/opt/ros/humble/lib /usr/bin/cmake --build /home/usman/ros2_ws/build/zed_components -- -j16 -l16
[36.283s] Invoking command in '/home/usman/ros2_ws/build/zed_components': CMAKE_PREFIX_PATH=/home/usman/ros2_ws/install/zed_msgs:/home/usman/ros2_ws/install/zed_ros2:/home/usman/ros2_ws/install/zed_wrapper:/home/usman/ros2_ws/install/zed_components:/home/usman/ros2_ws/install/zedm_to_BC:/home/usman/ros2_ws/install/rgbd_pdf_exporter:/home/usman/ros2_ws/install/rgbd_observer:/home/usman/ros2_ws/install/rgbd_converter:/home/usman/ros2_ws/install/pdf_to_matrix:/opt/ros/humble LD_LIBRARY_PATH=/home/usman/ros2_ws/install/zed_msgs/lib:/usr/local/cuda-12.1/lib64:/usr/lib/x86_64-linux-gnu:/usr/local/cuda-12.1/lib64:/usr/local/cuda-12.1/lib64:/usr/local/cuda-12.1/lib64:/usr/local/cuda-12.1/lib64:/usr/local/cuda-12.1/lib64:/usr/local/cuda-12.1/lib64:/usr/local/cuda-12.1/lib64:/usr/local/cuda-12.1/lib64:/home/usman/ros2_ws/install/zed_components/lib:/opt/ros/humble/opt/rviz_ogre_vendor/lib:/opt/ros/humble/lib/x86_64-linux-gnu:/opt/ros/humble/lib /usr/bin/cmake --install /home/usman/ros2_ws/build/zed_components
[36.287s] -- Install configuration: "Release"
[36.287s] -- Execute custom install script
[36.288s] -- Symlinking: /home/usman/ros2_ws/install/zed_components/lib/libzed_camera_component.so
[36.293s] -- Symlinking: /home/usman/ros2_ws/install/zed_components/include/zed_components//cost_traversability.hpp
[36.298s] -- Symlinking: /home/usman/ros2_ws/install/zed_components/include/zed_components//sl_types.hpp
[36.303s] -- Symlinking: /home/usman/ros2_ws/install/zed_components/include/zed_components//zed_camera_component.hpp
[36.308s] -- Symlinking: /home/usman/ros2_ws/install/zed_components/include/zed_components//gnss_replay.hpp
[36.313s] -- Symlinking: /home/usman/ros2_ws/install/zed_components/include/zed_components//json.hpp
[36.319s] -- Symlinking: /home/usman/ros2_ws/install/zed_components/include/zed_components//sl_logging.hpp
[36.324s] -- Symlinking: /home/usman/ros2_ws/install/zed_components/include/zed_components//sl_tools.hpp
[36.329s] -- Symlinking: /home/usman/ros2_ws/install/zed_components/include/zed_components//sl_win_avg.hpp
[36.334s] -- Symlinking: /home/usman/ros2_ws/install/zed_components/include/zed_components//visibility_control.hpp
[36.339s] -- Symlinking: /home/usman/ros2_ws/install/zed_components/share/zed_components/environment/library_path.sh
[36.344s] -- Symlinking: /home/usman/ros2_ws/install/zed_components/share/zed_components/environment/library_path.dsv
[36.349s] -- Symlinking: /home/usman/ros2_ws/install/zed_components/share/ament_index/resource_index/package_run_dependencies/zed_components
[36.354s] -- Symlinking: /home/usman/ros2_ws/install/zed_components/share/ament_index/resource_index/parent_prefix_path/zed_components
[36.359s] -- Symlinking: /home/usman/ros2_ws/install/zed_components/share/zed_components/environment/ament_prefix_path.sh
[36.364s] -- Symlinking: /home/usman/ros2_ws/install/zed_components/share/zed_components/environment/ament_prefix_path.dsv
[36.369s] -- Symlinking: /home/usman/ros2_ws/install/zed_components/share/zed_components/environment/path.sh
[36.374s] -- Symlinking: /home/usman/ros2_ws/install/zed_components/share/zed_components/environment/path.dsv
[36.379s] -- Symlinking: /home/usman/ros2_ws/install/zed_components/share/zed_components/local_setup.bash
[36.384s] -- Symlinking: /home/usman/ros2_ws/install/zed_components/share/zed_components/local_setup.sh
[36.389s] -- Symlinking: /home/usman/ros2_ws/install/zed_components/share/zed_components/local_setup.zsh
[36.394s] -- Symlinking: /home/usman/ros2_ws/install/zed_components/share/zed_components/local_setup.dsv
[36.400s] -- Symlinking: /home/usman/ros2_ws/install/zed_components/share/zed_components/package.dsv
[36.405s] -- Symlinking: /home/usman/ros2_ws/install/zed_components/share/ament_index/resource_index/packages/zed_components
[36.410s] -- Symlinking: /home/usman/ros2_ws/install/zed_components/share/ament_index/resource_index/rclcpp_components/zed_components
[36.415s] -- Symlinking: /home/usman/ros2_ws/install/zed_components/share/zed_components/cmake/ament_cmake_export_include_directories-extras.cmake
[36.420s] -- Symlinking: /home/usman/ros2_ws/install/zed_components/share/zed_components/cmake/ament_cmake_export_libraries-extras.cmake
[36.425s] -- Symlinking: /home/usman/ros2_ws/install/zed_components/share/zed_components/cmake/ament_cmake_export_dependencies-extras.cmake
[36.430s] -- Symlinking: /home/usman/ros2_ws/install/zed_components/share/zed_components/cmake/zed_componentsConfig.cmake
[36.435s] -- Symlinking: /home/usman/ros2_ws/install/zed_components/share/zed_components/cmake/zed_componentsConfig-version.cmake
[36.440s] -- Symlinking: /home/usman/ros2_ws/install/zed_components/share/zed_components/package.xml
[36.446s] Invoked command in '/home/usman/ros2_ws/build/zed_components' returned '0': CMAKE_PREFIX_PATH=/home/usman/ros2_ws/install/zed_msgs:/home/usman/ros2_ws/install/zed_ros2:/home/usman/ros2_ws/install/zed_wrapper:/home/usman/ros2_ws/install/zed_components:/home/usman/ros2_ws/install/zedm_to_BC:/home/usman/ros2_ws/install/rgbd_pdf_exporter:/home/usman/ros2_ws/install/rgbd_observer:/home/usman/ros2_ws/install/rgbd_converter:/home/usman/ros2_ws/install/pdf_to_matrix:/opt/ros/humble LD_LIBRARY_PATH=/home/usman/ros2_ws/install/zed_msgs/lib:/usr/local/cuda-12.1/lib64:/usr/lib/x86_64-linux-gnu:/usr/local/cuda-12.1/lib64:/usr/local/cuda-12.1/lib64:/usr/local/cuda-12.1/lib64:/usr/local/cuda-12.1/lib64:/usr/local/cuda-12.1/lib64:/usr/local/cuda-12.1/lib64:/usr/local/cuda-12.1/lib64:/usr/local/cuda-12.1/lib64:/home/usman/ros2_ws/install/zed_components/lib:/opt/ros/humble/opt/rviz_ogre_vendor/lib:/opt/ros/humble/lib/x86_64-linux-gnu:/opt/ros/humble/lib /usr/bin/cmake --install /home/usman/ros2_ws/build/zed_components
