[0.007s] Invoking command in '/home/usman/ros2_ws/build/zed_wrapper': CMAKE_PREFIX_PATH=/home/usman/ros2_ws/install/zed_components:/home/usman/ros2_ws/install/zed_msgs:/home/usman/ros2_ws/install/zed_ros2:/home/usman/ros2_ws/install/zed_wrapper:/home/usman/ros2_ws/install/zedm_to_BC:/home/usman/ros2_ws/install/rgbd_pdf_exporter:/home/usman/ros2_ws/install/rgbd_observer:/home/usman/ros2_ws/install/rgbd_converter:/home/usman/ros2_ws/install/pdf_to_matrix:/opt/ros/humble LD_LIBRARY_PATH=/home/usman/ros2_ws/install/zed_components/lib:/home/usman/ros2_ws/install/zed_msgs/lib:/usr/local/cuda-12.1/lib64:/usr/lib/x86_64-linux-gnu:/usr/local/cuda-12.1/lib64:/usr/local/cuda-12.1/lib64:/usr/local/cuda-12.1/lib64:/usr/local/cuda-12.1/lib64:/usr/local/cuda-12.1/lib64:/usr/local/cuda-12.1/lib64:/usr/local/cuda-12.1/lib64:/usr/local/cuda-12.1/lib64:/opt/ros/humble/opt/rviz_ogre_vendor/lib:/opt/ros/humble/lib/x86_64-linux-gnu:/opt/ros/humble/lib /usr/bin/cmake /home/usman/ros2_ws/src/zed-ros2-wrapper/zed_wrapper -DCMAKE_BUILD_TYPE=Release -DAMENT_CMAKE_SYMLINK_INSTALL=1 -DCMAKE_INSTALL_PREFIX=/home/usman/ros2_ws/install/zed_wrapper
[0.040s] -- The C compiler identification is GNU 11.4.0
[0.074s] -- The CXX compiler identification is GNU 11.4.0
[0.079s] -- Detecting C compiler ABI info
[0.120s] -- Detecting C compiler ABI info - done
[0.124s] -- Check for working C compiler: /usr/bin/cc - skipped
[0.124s] -- Detecting C compile features
[0.124s] -- Detecting C compile features - done
[0.126s] -- Detecting CXX compiler ABI info
[0.174s] -- Detecting CXX compiler ABI info - done
[0.178s] -- Check for working CXX compiler: /usr/bin/c++ - skipped
[0.178s] -- Detecting CXX compile features
[0.178s] -- Detecting CXX compile features - done
[0.181s] -- Looking for sgemm_
[0.222s] -- Looking for sgemm_ - not found
[0.223s] -- Looking for pthread.h
[0.266s] -- Looking for pthread.h - found
[0.266s] -- Performing Test CMAKE_HAVE_LIBC_PTHREAD
[0.310s] -- Performing Test CMAKE_HAVE_LIBC_PTHREAD - Success
[0.310s] -- Found Threads: TRUE  
[0.330s] -- Looking for sgemm_
[0.390s] -- Looking for sgemm_ - found
[0.390s] -- Found BLAS: /usr/lib/x86_64-linux-gnu/libopenblas.so  
[0.404s] -- Found CUDA: /usr/local/cuda-12.1 (found suitable version "12.1", minimum required is "12") 
[0.434s] -- Found CUDA: /usr/local/cuda-12.1 (found version "12.1") 
[0.435s] -- Found ament_cmake_auto: 1.3.10 (/opt/ros/humble/share/ament_cmake_auto/cmake)
[0.658s] -- Found Python3: /usr/bin/python3 (found version "3.10.12") found components: Interpreter 
[0.698s] -- Override CMake install command with custom implementation using symlinks instead of copying resources
[0.786s] -- Found rosidl_generator_c: 3.1.5 (/opt/ros/humble/share/rosidl_generator_c/cmake)
[0.790s] -- Found rosidl_adapter: 3.1.5 (/opt/ros/humble/share/rosidl_adapter/cmake)
[0.796s] -- Found rosidl_generator_cpp: 3.1.5 (/opt/ros/humble/share/rosidl_generator_cpp/cmake)
[0.804s] -- Using all available rosidl_typesupport_c: rosidl_typesupport_fastrtps_c;rosidl_typesupport_introspection_c
[0.815s] -- Using all available rosidl_typesupport_cpp: rosidl_typesupport_fastrtps_cpp;rosidl_typesupport_introspection_cpp
[0.845s] -- Found rmw_implementation_cmake: 6.1.2 (/opt/ros/humble/share/rmw_implementation_cmake/cmake)
[0.847s] -- Found rmw_fastrtps_cpp: 6.2.7 (/opt/ros/humble/share/rmw_fastrtps_cpp/cmake)
[0.906s] -- Found OpenSSL: /usr/lib/x86_64-linux-gnu/libcrypto.so (found version "3.0.2")  
[0.922s] -- Found FastRTPS: /opt/ros/humble/include  
[0.950s] -- Using RMW implementation 'rmw_fastrtps_cpp' as default
[1.099s] -- Found eigen3_cmake_module: 0.1.1 (/opt/ros/humble/share/eigen3_cmake_module/cmake)
[1.100s] -- Found Eigen3: TRUE (found version "3.4.0") 
[1.100s] -- Ensuring Eigen3 include directory is part of orocos-kdl CMake target
[1.219s] -- Found ament_lint_auto: 0.12.11 (/opt/ros/humble/share/ament_lint_auto/cmake)
[1.244s] -- Added test 'copyright' to check source files copyright and LICENSE
[1.246s] -- Added test 'cppcheck' to perform static code analysis on C / C++ code
[1.246s] -- Configured cppcheck include dirs: /home/usman/ros2_ws/src/zed-ros2-wrapper/zed_wrapper/src
[1.246s] -- Configured cppcheck exclude dirs and/or files: 
[1.246s] -- Added test 'lint_cmake' to check CMake code style
[1.247s] -- Added test 'pep257' to check Python code against some of the docstring style conventions in PEP 257
[1.248s] -- Added test 'uncrustify' to check C / C++ code style
[1.248s] -- Configured uncrustify additional arguments: 
[1.248s] -- Added test 'xmllint' to check XML markup files
[1.249s] -- Configuring done
[1.283s] -- Generating done
[1.284s] -- Build files have been written to: /home/usman/ros2_ws/build/zed_wrapper
[1.291s] Invoked command in '/home/usman/ros2_ws/build/zed_wrapper' returned '0': CMAKE_PREFIX_PATH=/home/usman/ros2_ws/install/zed_components:/home/usman/ros2_ws/install/zed_msgs:/home/usman/ros2_ws/install/zed_ros2:/home/usman/ros2_ws/install/zed_wrapper:/home/usman/ros2_ws/install/zedm_to_BC:/home/usman/ros2_ws/install/rgbd_pdf_exporter:/home/usman/ros2_ws/install/rgbd_observer:/home/usman/ros2_ws/install/rgbd_converter:/home/usman/ros2_ws/install/pdf_to_matrix:/opt/ros/humble LD_LIBRARY_PATH=/home/usman/ros2_ws/install/zed_components/lib:/home/usman/ros2_ws/install/zed_msgs/lib:/usr/local/cuda-12.1/lib64:/usr/lib/x86_64-linux-gnu:/usr/local/cuda-12.1/lib64:/usr/local/cuda-12.1/lib64:/usr/local/cuda-12.1/lib64:/usr/local/cuda-12.1/lib64:/usr/local/cuda-12.1/lib64:/usr/local/cuda-12.1/lib64:/usr/local/cuda-12.1/lib64:/usr/local/cuda-12.1/lib64:/opt/ros/humble/opt/rviz_ogre_vendor/lib:/opt/ros/humble/lib/x86_64-linux-gnu:/opt/ros/humble/lib /usr/bin/cmake /home/usman/ros2_ws/src/zed-ros2-wrapper/zed_wrapper -DCMAKE_BUILD_TYPE=Release -DAMENT_CMAKE_SYMLINK_INSTALL=1 -DCMAKE_INSTALL_PREFIX=/home/usman/ros2_ws/install/zed_wrapper
[1.292s] Invoking command in '/home/usman/ros2_ws/build/zed_wrapper': CMAKE_PREFIX_PATH=/home/usman/ros2_ws/install/zed_components:/home/usman/ros2_ws/install/zed_msgs:/home/usman/ros2_ws/install/zed_ros2:/home/usman/ros2_ws/install/zed_wrapper:/home/usman/ros2_ws/install/zedm_to_BC:/home/usman/ros2_ws/install/rgbd_pdf_exporter:/home/usman/ros2_ws/install/rgbd_observer:/home/usman/ros2_ws/install/rgbd_converter:/home/usman/ros2_ws/install/pdf_to_matrix:/opt/ros/humble LD_LIBRARY_PATH=/home/usman/ros2_ws/install/zed_components/lib:/home/usman/ros2_ws/install/zed_msgs/lib:/usr/local/cuda-12.1/lib64:/usr/lib/x86_64-linux-gnu:/usr/local/cuda-12.1/lib64:/usr/local/cuda-12.1/lib64:/usr/local/cuda-12.1/lib64:/usr/local/cuda-12.1/lib64:/usr/local/cuda-12.1/lib64:/usr/local/cuda-12.1/lib64:/usr/local/cuda-12.1/lib64:/usr/local/cuda-12.1/lib64:/opt/ros/humble/opt/rviz_ogre_vendor/lib:/opt/ros/humble/lib/x86_64-linux-gnu:/opt/ros/humble/lib /usr/bin/cmake --build /home/usman/ros2_ws/build/zed_wrapper -- -j16 -l16
[1.325s] [ 50%] [32mBuilding CXX object CMakeFiles/zed_wrapper.dir/src/zed_wrapper.cpp.o[0m
[4.565s] [100%] [32m[1mLinking CXX executable zed_wrapper[0m
[4.726s] [100%] Built target zed_wrapper
[4.734s] Invoked command in '/home/usman/ros2_ws/build/zed_wrapper' returned '0': CMAKE_PREFIX_PATH=/home/usman/ros2_ws/install/zed_components:/home/usman/ros2_ws/install/zed_msgs:/home/usman/ros2_ws/install/zed_ros2:/home/usman/ros2_ws/install/zed_wrapper:/home/usman/ros2_ws/install/zedm_to_BC:/home/usman/ros2_ws/install/rgbd_pdf_exporter:/home/usman/ros2_ws/install/rgbd_observer:/home/usman/ros2_ws/install/rgbd_converter:/home/usman/ros2_ws/install/pdf_to_matrix:/opt/ros/humble LD_LIBRARY_PATH=/home/usman/ros2_ws/install/zed_components/lib:/home/usman/ros2_ws/install/zed_msgs/lib:/usr/local/cuda-12.1/lib64:/usr/lib/x86_64-linux-gnu:/usr/local/cuda-12.1/lib64:/usr/local/cuda-12.1/lib64:/usr/local/cuda-12.1/lib64:/usr/local/cuda-12.1/lib64:/usr/local/cuda-12.1/lib64:/usr/local/cuda-12.1/lib64:/usr/local/cuda-12.1/lib64:/usr/local/cuda-12.1/lib64:/opt/ros/humble/opt/rviz_ogre_vendor/lib:/opt/ros/humble/lib/x86_64-linux-gnu:/opt/ros/humble/lib /usr/bin/cmake --build /home/usman/ros2_ws/build/zed_wrapper -- -j16 -l16
[4.749s] Invoking command in '/home/usman/ros2_ws/build/zed_wrapper': CMAKE_PREFIX_PATH=/home/usman/ros2_ws/install/zed_components:/home/usman/ros2_ws/install/zed_msgs:/home/usman/ros2_ws/install/zed_ros2:/home/usman/ros2_ws/install/zed_wrapper:/home/usman/ros2_ws/install/zedm_to_BC:/home/usman/ros2_ws/install/rgbd_pdf_exporter:/home/usman/ros2_ws/install/rgbd_observer:/home/usman/ros2_ws/install/rgbd_converter:/home/usman/ros2_ws/install/pdf_to_matrix:/opt/ros/humble LD_LIBRARY_PATH=/home/usman/ros2_ws/install/zed_components/lib:/home/usman/ros2_ws/install/zed_msgs/lib:/usr/local/cuda-12.1/lib64:/usr/lib/x86_64-linux-gnu:/usr/local/cuda-12.1/lib64:/usr/local/cuda-12.1/lib64:/usr/local/cuda-12.1/lib64:/usr/local/cuda-12.1/lib64:/usr/local/cuda-12.1/lib64:/usr/local/cuda-12.1/lib64:/usr/local/cuda-12.1/lib64:/usr/local/cuda-12.1/lib64:/opt/ros/humble/opt/rviz_ogre_vendor/lib:/opt/ros/humble/lib/x86_64-linux-gnu:/opt/ros/humble/lib /usr/bin/cmake --install /home/usman/ros2_ws/build/zed_wrapper
[4.754s] -- Install configuration: "Release"
[4.754s] -- Execute custom install script
[4.754s] -- Symlinking: /home/usman/ros2_ws/install/zed_wrapper/lib/zed_wrapper/zed_wrapper
[4.760s] -- Symlinking: /home/usman/ros2_ws/install/zed_wrapper/share/zed_wrapper/config/common.yaml
[4.765s] -- Symlinking: /home/usman/ros2_ws/install/zed_wrapper/share/zed_wrapper/config/ffmpeg.yaml
[4.770s] -- Symlinking: /home/usman/ros2_ws/install/zed_wrapper/share/zed_wrapper/config/virtual.yaml
[4.775s] -- Symlinking: /home/usman/ros2_ws/install/zed_wrapper/share/zed_wrapper/config/zed.yaml
[4.781s] -- Symlinking: /home/usman/ros2_ws/install/zed_wrapper/share/zed_wrapper/config/zed2.yaml
[4.786s] -- Symlinking: /home/usman/ros2_ws/install/zed_wrapper/share/zed_wrapper/config/zed2i.yaml
[4.791s] -- Symlinking: /home/usman/ros2_ws/install/zed_wrapper/share/zed_wrapper/config/zedm.yaml
[4.796s] -- Symlinking: /home/usman/ros2_ws/install/zed_wrapper/share/zed_wrapper/config/zedx.yaml
[4.801s] -- Symlinking: /home/usman/ros2_ws/install/zed_wrapper/share/zed_wrapper/config/zedxm.yaml
[4.807s] -- Symlinking: /home/usman/ros2_ws/install/zed_wrapper/share/zed_wrapper/urdf/include/materials.urdf.xacro
[4.812s] -- Symlinking: /home/usman/ros2_ws/install/zed_wrapper/share/zed_wrapper/urdf/zed_descr.urdf.xacro
[4.817s] -- Symlinking: /home/usman/ros2_ws/install/zed_wrapper/share/zed_wrapper/urdf/zed_macro.urdf.xacro
[4.822s] -- Symlinking: /home/usman/ros2_ws/install/zed_wrapper/share/zed_wrapper/launch/zed_camera.launch.py
[4.828s] -- Symlinking: /home/usman/ros2_ws/install/zed_wrapper/share/ament_index/resource_index/package_run_dependencies/zed_wrapper
[4.833s] -- Symlinking: /home/usman/ros2_ws/install/zed_wrapper/share/ament_index/resource_index/parent_prefix_path/zed_wrapper
[4.838s] -- Symlinking: /home/usman/ros2_ws/install/zed_wrapper/share/zed_wrapper/environment/ament_prefix_path.sh
[4.843s] -- Symlinking: /home/usman/ros2_ws/install/zed_wrapper/share/zed_wrapper/environment/ament_prefix_path.dsv
[4.848s] -- Symlinking: /home/usman/ros2_ws/install/zed_wrapper/share/zed_wrapper/environment/path.sh
[4.853s] -- Symlinking: /home/usman/ros2_ws/install/zed_wrapper/share/zed_wrapper/environment/path.dsv
[4.859s] -- Symlinking: /home/usman/ros2_ws/install/zed_wrapper/share/zed_wrapper/local_setup.bash
[4.864s] -- Symlinking: /home/usman/ros2_ws/install/zed_wrapper/share/zed_wrapper/local_setup.sh
[4.869s] -- Symlinking: /home/usman/ros2_ws/install/zed_wrapper/share/zed_wrapper/local_setup.zsh
[4.874s] -- Symlinking: /home/usman/ros2_ws/install/zed_wrapper/share/zed_wrapper/local_setup.dsv
[4.879s] -- Symlinking: /home/usman/ros2_ws/install/zed_wrapper/share/zed_wrapper/package.dsv
[4.885s] -- Symlinking: /home/usman/ros2_ws/install/zed_wrapper/share/ament_index/resource_index/packages/zed_wrapper
[4.890s] -- Symlinking: /home/usman/ros2_ws/install/zed_wrapper/share/zed_wrapper/cmake/zed_wrapperConfig.cmake
[4.895s] -- Symlinking: /home/usman/ros2_ws/install/zed_wrapper/share/zed_wrapper/cmake/zed_wrapperConfig-version.cmake
[4.900s] -- Symlinking: /home/usman/ros2_ws/install/zed_wrapper/share/zed_wrapper/package.xml
[4.907s] Invoked command in '/home/usman/ros2_ws/build/zed_wrapper' returned '0': CMAKE_PREFIX_PATH=/home/usman/ros2_ws/install/zed_components:/home/usman/ros2_ws/install/zed_msgs:/home/usman/ros2_ws/install/zed_ros2:/home/usman/ros2_ws/install/zed_wrapper:/home/usman/ros2_ws/install/zedm_to_BC:/home/usman/ros2_ws/install/rgbd_pdf_exporter:/home/usman/ros2_ws/install/rgbd_observer:/home/usman/ros2_ws/install/rgbd_converter:/home/usman/ros2_ws/install/pdf_to_matrix:/opt/ros/humble LD_LIBRARY_PATH=/home/usman/ros2_ws/install/zed_components/lib:/home/usman/ros2_ws/install/zed_msgs/lib:/usr/local/cuda-12.1/lib64:/usr/lib/x86_64-linux-gnu:/usr/local/cuda-12.1/lib64:/usr/local/cuda-12.1/lib64:/usr/local/cuda-12.1/lib64:/usr/local/cuda-12.1/lib64:/usr/local/cuda-12.1/lib64:/usr/local/cuda-12.1/lib64:/usr/local/cuda-12.1/lib64:/usr/local/cuda-12.1/lib64:/opt/ros/humble/opt/rviz_ogre_vendor/lib:/opt/ros/humble/lib/x86_64-linux-gnu:/opt/ros/humble/lib /usr/bin/cmake --install /home/usman/ros2_ws/build/zed_wrapper
