[0.061s] DEBUG:colcon:Command line arguments: ['/usr/bin/colcon', 'build', '--packages-select', 'zedm_to_BC']
[0.061s] DEBUG:colcon:Parsed command line arguments: Namespace(log_base=None, log_level=None, verb_name='build', build_base='build', install_base='install', merge_install=False, symlink_install=False, test_result_base=None, continue_on_error=False, executor='parallel', parallel_workers=16, event_handlers=None, ignore_user_meta=False, metas=['./colcon.meta'], base_paths=['.'], packages_ignore=None, packages_ignore_regex=None, paths=None, packages_up_to=None, packages_up_to_regex=None, packages_above=None, packages_above_and_dependencies=None, packages_above_depth=None, packages_select_by_dep=None, packages_skip_by_dep=None, packages_skip_up_to=None, packages_select_build_failed=False, packages_skip_build_finished=False, packages_select_test_failures=False, packages_skip_test_passed=False, packages_select=['zedm_to_BC'], packages_skip=None, packages_select_regex=None, packages_skip_regex=None, packages_start=None, packages_end=None, allow_overriding=[], cmake_args=None, cmake_target=None, cmake_target_skip_unavailable=False, cmake_clean_cache=False, cmake_clean_first=False, cmake_force_configure=False, ament_cmake_args=None, catkin_cmake_args=None, catkin_skip_building_tests=False, verb_parser=<colcon_defaults.argument_parser.defaults.DefaultArgumentsDecorator object at 0x719e9173e140>, verb_extension=<colcon_core.verb.build.BuildVerb object at 0x719e9173dc30>, main=<bound method BuildVerb.main of <colcon_core.verb.build.BuildVerb object at 0x719e9173dc30>>)
[0.083s] Level 1:colcon.colcon_core.package_discovery:discover_packages(colcon_meta) check parameters
[0.083s] Level 1:colcon.colcon_core.package_discovery:discover_packages(recursive) check parameters
[0.083s] Level 1:colcon.colcon_core.package_discovery:discover_packages(ignore) check parameters
[0.083s] Level 1:colcon.colcon_core.package_discovery:discover_packages(path) check parameters
[0.083s] Level 1:colcon.colcon_core.package_discovery:discover_packages(colcon_meta) discover
[0.083s] Level 1:colcon.colcon_core.package_discovery:discover_packages(recursive) discover
[0.084s] INFO:colcon.colcon_core.package_discovery:Crawling recursively for packages in '/home/usman/ros2_ws'
[0.084s] Level 1:colcon.colcon_core.package_identification:_identify(.) by extensions ['ignore', 'ignore_ament_install']
[0.084s] Level 1:colcon.colcon_core.package_identification:_identify(.) by extension 'ignore'
[0.084s] Level 1:colcon.colcon_core.package_identification:_identify(.) by extension 'ignore_ament_install'
[0.084s] Level 1:colcon.colcon_core.package_identification:_identify(.) by extensions ['colcon_pkg']
[0.084s] Level 1:colcon.colcon_core.package_identification:_identify(.) by extension 'colcon_pkg'
[0.084s] Level 1:colcon.colcon_core.package_identification:_identify(.) by extensions ['colcon_meta']
[0.084s] Level 1:colcon.colcon_core.package_identification:_identify(.) by extension 'colcon_meta'
[0.084s] Level 1:colcon.colcon_core.package_identification:_identify(.) by extensions ['ros']
[0.084s] Level 1:colcon.colcon_core.package_identification:_identify(.) by extension 'ros'
[0.092s] Level 1:colcon.colcon_core.package_identification:_identify(.) by extensions ['cmake', 'python']
[0.092s] Level 1:colcon.colcon_core.package_identification:_identify(.) by extension 'cmake'
[0.092s] Level 1:colcon.colcon_core.package_identification:_identify(.) by extension 'python'
[0.092s] Level 1:colcon.colcon_core.package_identification:_identify(.) by extensions ['python_setup_py']
[0.092s] Level 1:colcon.colcon_core.package_identification:_identify(.) by extension 'python_setup_py'
[0.092s] Level 1:colcon.colcon_core.package_identification:_identify(build) by extensions ['ignore', 'ignore_ament_install']
[0.092s] Level 1:colcon.colcon_core.package_identification:_identify(build) by extension 'ignore'
[0.093s] Level 1:colcon.colcon_core.package_identification:_identify(build) ignored
[0.093s] Level 1:colcon.colcon_core.package_identification:_identify(install) by extensions ['ignore', 'ignore_ament_install']
[0.093s] Level 1:colcon.colcon_core.package_identification:_identify(install) by extension 'ignore'
[0.093s] Level 1:colcon.colcon_core.package_identification:_identify(install) ignored
[0.093s] Level 1:colcon.colcon_core.package_identification:_identify(log) by extensions ['ignore', 'ignore_ament_install']
[0.093s] Level 1:colcon.colcon_core.package_identification:_identify(log) by extension 'ignore'
[0.093s] Level 1:colcon.colcon_core.package_identification:_identify(log) ignored
[0.093s] Level 1:colcon.colcon_core.package_identification:_identify(src) by extensions ['ignore', 'ignore_ament_install']
[0.093s] Level 1:colcon.colcon_core.package_identification:_identify(src) by extension 'ignore'
[0.093s] Level 1:colcon.colcon_core.package_identification:_identify(src) by extension 'ignore_ament_install'
[0.093s] Level 1:colcon.colcon_core.package_identification:_identify(src) by extensions ['colcon_pkg']
[0.093s] Level 1:colcon.colcon_core.package_identification:_identify(src) by extension 'colcon_pkg'
[0.093s] Level 1:colcon.colcon_core.package_identification:_identify(src) by extensions ['colcon_meta']
[0.093s] Level 1:colcon.colcon_core.package_identification:_identify(src) by extension 'colcon_meta'
[0.093s] Level 1:colcon.colcon_core.package_identification:_identify(src) by extensions ['ros']
[0.093s] Level 1:colcon.colcon_core.package_identification:_identify(src) by extension 'ros'
[0.093s] Level 1:colcon.colcon_core.package_identification:_identify(src) by extensions ['cmake', 'python']
[0.093s] Level 1:colcon.colcon_core.package_identification:_identify(src) by extension 'cmake'
[0.093s] Level 1:colcon.colcon_core.package_identification:_identify(src) by extension 'python'
[0.093s] Level 1:colcon.colcon_core.package_identification:_identify(src) by extensions ['python_setup_py']
[0.093s] Level 1:colcon.colcon_core.package_identification:_identify(src) by extension 'python_setup_py'
[0.093s] Level 1:colcon.colcon_core.package_identification:_identify(src/pdf_to_matrix) by extensions ['ignore', 'ignore_ament_install']
[0.093s] Level 1:colcon.colcon_core.package_identification:_identify(src/pdf_to_matrix) by extension 'ignore'
[0.093s] Level 1:colcon.colcon_core.package_identification:_identify(src/pdf_to_matrix) by extension 'ignore_ament_install'
[0.093s] Level 1:colcon.colcon_core.package_identification:_identify(src/pdf_to_matrix) by extensions ['colcon_pkg']
[0.093s] Level 1:colcon.colcon_core.package_identification:_identify(src/pdf_to_matrix) by extension 'colcon_pkg'
[0.093s] Level 1:colcon.colcon_core.package_identification:_identify(src/pdf_to_matrix) by extensions ['colcon_meta']
[0.093s] Level 1:colcon.colcon_core.package_identification:_identify(src/pdf_to_matrix) by extension 'colcon_meta'
[0.093s] Level 1:colcon.colcon_core.package_identification:_identify(src/pdf_to_matrix) by extensions ['ros']
[0.093s] Level 1:colcon.colcon_core.package_identification:_identify(src/pdf_to_matrix) by extension 'ros'
[0.095s] DEBUG:colcon.colcon_core.package_identification:Package 'src/pdf_to_matrix' with type 'ros.ament_python' and name 'pdf_to_matrix'
[0.095s] Level 1:colcon.colcon_core.package_identification:_identify(src/rgbd_converter) by extensions ['ignore', 'ignore_ament_install']
[0.095s] Level 1:colcon.colcon_core.package_identification:_identify(src/rgbd_converter) by extension 'ignore'
[0.095s] Level 1:colcon.colcon_core.package_identification:_identify(src/rgbd_converter) by extension 'ignore_ament_install'
[0.095s] Level 1:colcon.colcon_core.package_identification:_identify(src/rgbd_converter) by extensions ['colcon_pkg']
[0.095s] Level 1:colcon.colcon_core.package_identification:_identify(src/rgbd_converter) by extension 'colcon_pkg'
[0.095s] Level 1:colcon.colcon_core.package_identification:_identify(src/rgbd_converter) by extensions ['colcon_meta']
[0.095s] Level 1:colcon.colcon_core.package_identification:_identify(src/rgbd_converter) by extension 'colcon_meta'
[0.095s] Level 1:colcon.colcon_core.package_identification:_identify(src/rgbd_converter) by extensions ['ros']
[0.095s] Level 1:colcon.colcon_core.package_identification:_identify(src/rgbd_converter) by extension 'ros'
[0.095s] DEBUG:colcon.colcon_core.package_identification:Package 'src/rgbd_converter' with type 'ros.ament_python' and name 'rgbd_converter'
[0.095s] Level 1:colcon.colcon_core.package_identification:_identify(src/rgbd_observer) by extensions ['ignore', 'ignore_ament_install']
[0.096s] Level 1:colcon.colcon_core.package_identification:_identify(src/rgbd_observer) by extension 'ignore'
[0.096s] Level 1:colcon.colcon_core.package_identification:_identify(src/rgbd_observer) by extension 'ignore_ament_install'
[0.096s] Level 1:colcon.colcon_core.package_identification:_identify(src/rgbd_observer) by extensions ['colcon_pkg']
[0.096s] Level 1:colcon.colcon_core.package_identification:_identify(src/rgbd_observer) by extension 'colcon_pkg'
[0.096s] Level 1:colcon.colcon_core.package_identification:_identify(src/rgbd_observer) by extensions ['colcon_meta']
[0.096s] Level 1:colcon.colcon_core.package_identification:_identify(src/rgbd_observer) by extension 'colcon_meta'
[0.096s] Level 1:colcon.colcon_core.package_identification:_identify(src/rgbd_observer) by extensions ['ros']
[0.096s] Level 1:colcon.colcon_core.package_identification:_identify(src/rgbd_observer) by extension 'ros'
[0.096s] DEBUG:colcon.colcon_core.package_identification:Package 'src/rgbd_observer' with type 'ros.ament_python' and name 'rgbd_observer'
[0.096s] Level 1:colcon.colcon_core.package_identification:_identify(src/rgbd_pdf_exporter) by extensions ['ignore', 'ignore_ament_install']
[0.096s] Level 1:colcon.colcon_core.package_identification:_identify(src/rgbd_pdf_exporter) by extension 'ignore'
[0.096s] Level 1:colcon.colcon_core.package_identification:_identify(src/rgbd_pdf_exporter) by extension 'ignore_ament_install'
[0.096s] Level 1:colcon.colcon_core.package_identification:_identify(src/rgbd_pdf_exporter) by extensions ['colcon_pkg']
[0.096s] Level 1:colcon.colcon_core.package_identification:_identify(src/rgbd_pdf_exporter) by extension 'colcon_pkg'
[0.096s] Level 1:colcon.colcon_core.package_identification:_identify(src/rgbd_pdf_exporter) by extensions ['colcon_meta']
[0.096s] Level 1:colcon.colcon_core.package_identification:_identify(src/rgbd_pdf_exporter) by extension 'colcon_meta'
[0.096s] Level 1:colcon.colcon_core.package_identification:_identify(src/rgbd_pdf_exporter) by extensions ['ros']
[0.096s] Level 1:colcon.colcon_core.package_identification:_identify(src/rgbd_pdf_exporter) by extension 'ros'
[0.097s] DEBUG:colcon.colcon_core.package_identification:Package 'src/rgbd_pdf_exporter' with type 'ros.ament_python' and name 'rgbd_pdf_exporter'
[0.097s] Level 1:colcon.colcon_core.package_identification:_identify(src/zed-ros2-wrapper) by extensions ['ignore', 'ignore_ament_install']
[0.097s] Level 1:colcon.colcon_core.package_identification:_identify(src/zed-ros2-wrapper) by extension 'ignore'
[0.097s] Level 1:colcon.colcon_core.package_identification:_identify(src/zed-ros2-wrapper) by extension 'ignore_ament_install'
[0.097s] Level 1:colcon.colcon_core.package_identification:_identify(src/zed-ros2-wrapper) by extensions ['colcon_pkg']
[0.097s] Level 1:colcon.colcon_core.package_identification:_identify(src/zed-ros2-wrapper) by extension 'colcon_pkg'
[0.097s] Level 1:colcon.colcon_core.package_identification:_identify(src/zed-ros2-wrapper) by extensions ['colcon_meta']
[0.097s] Level 1:colcon.colcon_core.package_identification:_identify(src/zed-ros2-wrapper) by extension 'colcon_meta'
[0.097s] Level 1:colcon.colcon_core.package_identification:_identify(src/zed-ros2-wrapper) by extensions ['ros']
[0.097s] Level 1:colcon.colcon_core.package_identification:_identify(src/zed-ros2-wrapper) by extension 'ros'
[0.097s] Level 1:colcon.colcon_core.package_identification:_identify(src/zed-ros2-wrapper) by extensions ['cmake', 'python']
[0.097s] Level 1:colcon.colcon_core.package_identification:_identify(src/zed-ros2-wrapper) by extension 'cmake'
[0.097s] Level 1:colcon.colcon_core.package_identification:_identify(src/zed-ros2-wrapper) by extension 'python'
[0.097s] Level 1:colcon.colcon_core.package_identification:_identify(src/zed-ros2-wrapper) by extensions ['python_setup_py']
[0.097s] Level 1:colcon.colcon_core.package_identification:_identify(src/zed-ros2-wrapper) by extension 'python_setup_py'
[0.097s] Level 1:colcon.colcon_core.package_identification:_identify(src/zed-ros2-wrapper/docker) by extensions ['ignore', 'ignore_ament_install']
[0.097s] Level 1:colcon.colcon_core.package_identification:_identify(src/zed-ros2-wrapper/docker) by extension 'ignore'
[0.097s] Level 1:colcon.colcon_core.package_identification:_identify(src/zed-ros2-wrapper/docker) by extension 'ignore_ament_install'
[0.097s] Level 1:colcon.colcon_core.package_identification:_identify(src/zed-ros2-wrapper/docker) by extensions ['colcon_pkg']
[0.097s] Level 1:colcon.colcon_core.package_identification:_identify(src/zed-ros2-wrapper/docker) by extension 'colcon_pkg'
[0.097s] Level 1:colcon.colcon_core.package_identification:_identify(src/zed-ros2-wrapper/docker) by extensions ['colcon_meta']
[0.097s] Level 1:colcon.colcon_core.package_identification:_identify(src/zed-ros2-wrapper/docker) by extension 'colcon_meta'
[0.097s] Level 1:colcon.colcon_core.package_identification:_identify(src/zed-ros2-wrapper/docker) by extensions ['ros']
[0.097s] Level 1:colcon.colcon_core.package_identification:_identify(src/zed-ros2-wrapper/docker) by extension 'ros'
[0.097s] Level 1:colcon.colcon_core.package_identification:_identify(src/zed-ros2-wrapper/docker) by extensions ['cmake', 'python']
[0.097s] Level 1:colcon.colcon_core.package_identification:_identify(src/zed-ros2-wrapper/docker) by extension 'cmake'
[0.097s] Level 1:colcon.colcon_core.package_identification:_identify(src/zed-ros2-wrapper/docker) by extension 'python'
[0.098s] Level 1:colcon.colcon_core.package_identification:_identify(src/zed-ros2-wrapper/docker) by extensions ['python_setup_py']
[0.098s] Level 1:colcon.colcon_core.package_identification:_identify(src/zed-ros2-wrapper/docker) by extension 'python_setup_py'
[0.098s] Level 1:colcon.colcon_core.package_identification:_identify(src/zed-ros2-wrapper/images) by extensions ['ignore', 'ignore_ament_install']
[0.098s] Level 1:colcon.colcon_core.package_identification:_identify(src/zed-ros2-wrapper/images) by extension 'ignore'
[0.098s] Level 1:colcon.colcon_core.package_identification:_identify(src/zed-ros2-wrapper/images) by extension 'ignore_ament_install'
[0.098s] Level 1:colcon.colcon_core.package_identification:_identify(src/zed-ros2-wrapper/images) by extensions ['colcon_pkg']
[0.098s] Level 1:colcon.colcon_core.package_identification:_identify(src/zed-ros2-wrapper/images) by extension 'colcon_pkg'
[0.098s] Level 1:colcon.colcon_core.package_identification:_identify(src/zed-ros2-wrapper/images) by extensions ['colcon_meta']
[0.098s] Level 1:colcon.colcon_core.package_identification:_identify(src/zed-ros2-wrapper/images) by extension 'colcon_meta'
[0.098s] Level 1:colcon.colcon_core.package_identification:_identify(src/zed-ros2-wrapper/images) by extensions ['ros']
[0.098s] Level 1:colcon.colcon_core.package_identification:_identify(src/zed-ros2-wrapper/images) by extension 'ros'
[0.098s] Level 1:colcon.colcon_core.package_identification:_identify(src/zed-ros2-wrapper/images) by extensions ['cmake', 'python']
[0.098s] Level 1:colcon.colcon_core.package_identification:_identify(src/zed-ros2-wrapper/images) by extension 'cmake'
[0.098s] Level 1:colcon.colcon_core.package_identification:_identify(src/zed-ros2-wrapper/images) by extension 'python'
[0.098s] Level 1:colcon.colcon_core.package_identification:_identify(src/zed-ros2-wrapper/images) by extensions ['python_setup_py']
[0.098s] Level 1:colcon.colcon_core.package_identification:_identify(src/zed-ros2-wrapper/images) by extension 'python_setup_py'
[0.098s] Level 1:colcon.colcon_core.package_identification:_identify(src/zed-ros2-wrapper/zed-ros2-interfaces) by extensions ['ignore', 'ignore_ament_install']
[0.098s] Level 1:colcon.colcon_core.package_identification:_identify(src/zed-ros2-wrapper/zed-ros2-interfaces) by extension 'ignore'
[0.098s] Level 1:colcon.colcon_core.package_identification:_identify(src/zed-ros2-wrapper/zed-ros2-interfaces) by extension 'ignore_ament_install'
[0.098s] Level 1:colcon.colcon_core.package_identification:_identify(src/zed-ros2-wrapper/zed-ros2-interfaces) by extensions ['colcon_pkg']
[0.098s] Level 1:colcon.colcon_core.package_identification:_identify(src/zed-ros2-wrapper/zed-ros2-interfaces) by extension 'colcon_pkg'
[0.098s] Level 1:colcon.colcon_core.package_identification:_identify(src/zed-ros2-wrapper/zed-ros2-interfaces) by extensions ['colcon_meta']
[0.098s] Level 1:colcon.colcon_core.package_identification:_identify(src/zed-ros2-wrapper/zed-ros2-interfaces) by extension 'colcon_meta'
[0.098s] Level 1:colcon.colcon_core.package_identification:_identify(src/zed-ros2-wrapper/zed-ros2-interfaces) by extensions ['ros']
[0.098s] Level 1:colcon.colcon_core.package_identification:_identify(src/zed-ros2-wrapper/zed-ros2-interfaces) by extension 'ros'
[0.099s] DEBUG:colcon.colcon_core.package_identification:Package 'src/zed-ros2-wrapper/zed-ros2-interfaces' with type 'ros.ament_cmake' and name 'zed_msgs'
[0.099s] Level 1:colcon.colcon_core.package_identification:_identify(src/zed-ros2-wrapper/zed_components) by extensions ['ignore', 'ignore_ament_install']
[0.099s] Level 1:colcon.colcon_core.package_identification:_identify(src/zed-ros2-wrapper/zed_components) by extension 'ignore'
[0.099s] Level 1:colcon.colcon_core.package_identification:_identify(src/zed-ros2-wrapper/zed_components) by extension 'ignore_ament_install'
[0.099s] Level 1:colcon.colcon_core.package_identification:_identify(src/zed-ros2-wrapper/zed_components) by extensions ['colcon_pkg']
[0.099s] Level 1:colcon.colcon_core.package_identification:_identify(src/zed-ros2-wrapper/zed_components) by extension 'colcon_pkg'
[0.099s] Level 1:colcon.colcon_core.package_identification:_identify(src/zed-ros2-wrapper/zed_components) by extensions ['colcon_meta']
[0.099s] Level 1:colcon.colcon_core.package_identification:_identify(src/zed-ros2-wrapper/zed_components) by extension 'colcon_meta'
[0.099s] Level 1:colcon.colcon_core.package_identification:_identify(src/zed-ros2-wrapper/zed_components) by extensions ['ros']
[0.099s] Level 1:colcon.colcon_core.package_identification:_identify(src/zed-ros2-wrapper/zed_components) by extension 'ros'
[0.100s] DEBUG:colcon.colcon_core.package_identification:Package 'src/zed-ros2-wrapper/zed_components' with type 'ros.ament_cmake' and name 'zed_components'
[0.100s] Level 1:colcon.colcon_core.package_identification:_identify(src/zed-ros2-wrapper/zed_ros2) by extensions ['ignore', 'ignore_ament_install']
[0.100s] Level 1:colcon.colcon_core.package_identification:_identify(src/zed-ros2-wrapper/zed_ros2) by extension 'ignore'
[0.100s] Level 1:colcon.colcon_core.package_identification:_identify(src/zed-ros2-wrapper/zed_ros2) by extension 'ignore_ament_install'
[0.100s] Level 1:colcon.colcon_core.package_identification:_identify(src/zed-ros2-wrapper/zed_ros2) by extensions ['colcon_pkg']
[0.100s] Level 1:colcon.colcon_core.package_identification:_identify(src/zed-ros2-wrapper/zed_ros2) by extension 'colcon_pkg'
[0.100s] Level 1:colcon.colcon_core.package_identification:_identify(src/zed-ros2-wrapper/zed_ros2) by extensions ['colcon_meta']
[0.100s] Level 1:colcon.colcon_core.package_identification:_identify(src/zed-ros2-wrapper/zed_ros2) by extension 'colcon_meta'
[0.100s] Level 1:colcon.colcon_core.package_identification:_identify(src/zed-ros2-wrapper/zed_ros2) by extensions ['ros']
[0.100s] Level 1:colcon.colcon_core.package_identification:_identify(src/zed-ros2-wrapper/zed_ros2) by extension 'ros'
[0.100s] DEBUG:colcon.colcon_core.package_identification:Package 'src/zed-ros2-wrapper/zed_ros2' with type 'ros.ament_cmake' and name 'zed_ros2'
[0.100s] Level 1:colcon.colcon_core.package_identification:_identify(src/zed-ros2-wrapper/zed_wrapper) by extensions ['ignore', 'ignore_ament_install']
[0.100s] Level 1:colcon.colcon_core.package_identification:_identify(src/zed-ros2-wrapper/zed_wrapper) by extension 'ignore'
[0.100s] Level 1:colcon.colcon_core.package_identification:_identify(src/zed-ros2-wrapper/zed_wrapper) by extension 'ignore_ament_install'
[0.100s] Level 1:colcon.colcon_core.package_identification:_identify(src/zed-ros2-wrapper/zed_wrapper) by extensions ['colcon_pkg']
[0.100s] Level 1:colcon.colcon_core.package_identification:_identify(src/zed-ros2-wrapper/zed_wrapper) by extension 'colcon_pkg'
[0.100s] Level 1:colcon.colcon_core.package_identification:_identify(src/zed-ros2-wrapper/zed_wrapper) by extensions ['colcon_meta']
[0.101s] Level 1:colcon.colcon_core.package_identification:_identify(src/zed-ros2-wrapper/zed_wrapper) by extension 'colcon_meta'
[0.101s] Level 1:colcon.colcon_core.package_identification:_identify(src/zed-ros2-wrapper/zed_wrapper) by extensions ['ros']
[0.101s] Level 1:colcon.colcon_core.package_identification:_identify(src/zed-ros2-wrapper/zed_wrapper) by extension 'ros'
[0.101s] DEBUG:colcon.colcon_core.package_identification:Package 'src/zed-ros2-wrapper/zed_wrapper' with type 'ros.ament_cmake' and name 'zed_wrapper'
[0.101s] Level 1:colcon.colcon_core.package_identification:_identify(src/zedm_to_BC) by extensions ['ignore', 'ignore_ament_install']
[0.101s] Level 1:colcon.colcon_core.package_identification:_identify(src/zedm_to_BC) by extension 'ignore'
[0.101s] Level 1:colcon.colcon_core.package_identification:_identify(src/zedm_to_BC) by extension 'ignore_ament_install'
[0.101s] Level 1:colcon.colcon_core.package_identification:_identify(src/zedm_to_BC) by extensions ['colcon_pkg']
[0.101s] Level 1:colcon.colcon_core.package_identification:_identify(src/zedm_to_BC) by extension 'colcon_pkg'
[0.101s] Level 1:colcon.colcon_core.package_identification:_identify(src/zedm_to_BC) by extensions ['colcon_meta']
[0.101s] Level 1:colcon.colcon_core.package_identification:_identify(src/zedm_to_BC) by extension 'colcon_meta'
[0.101s] Level 1:colcon.colcon_core.package_identification:_identify(src/zedm_to_BC) by extensions ['ros']
[0.101s] Level 1:colcon.colcon_core.package_identification:_identify(src/zedm_to_BC) by extension 'ros'
[0.102s] DEBUG:colcon.colcon_core.package_identification:Package 'src/zedm_to_BC' with type 'ros.ament_python' and name 'zedm_to_BC'
[0.102s] Level 1:colcon.colcon_core.package_discovery:discover_packages(recursive) using defaults
[0.102s] Level 1:colcon.colcon_core.package_discovery:discover_packages(ignore) discover
[0.102s] Level 1:colcon.colcon_core.package_discovery:discover_packages(ignore) using defaults
[0.102s] Level 1:colcon.colcon_core.package_discovery:discover_packages(path) discover
[0.102s] Level 1:colcon.colcon_core.package_discovery:discover_packages(path) using defaults
[0.115s] INFO:colcon.colcon_core.package_selection:Skipping not selected package 'pdf_to_matrix' in 'src/pdf_to_matrix'
[0.115s] INFO:colcon.colcon_core.package_selection:Skipping not selected package 'rgbd_converter' in 'src/rgbd_converter'
[0.115s] INFO:colcon.colcon_core.package_selection:Skipping not selected package 'rgbd_observer' in 'src/rgbd_observer'
[0.115s] INFO:colcon.colcon_core.package_selection:Skipping not selected package 'rgbd_pdf_exporter' in 'src/rgbd_pdf_exporter'
[0.115s] INFO:colcon.colcon_core.package_selection:Skipping not selected package 'zed_msgs' in 'src/zed-ros2-wrapper/zed-ros2-interfaces'
[0.115s] INFO:colcon.colcon_core.package_selection:Skipping not selected package 'zed_components' in 'src/zed-ros2-wrapper/zed_components'
[0.115s] INFO:colcon.colcon_core.package_selection:Skipping not selected package 'zed_wrapper' in 'src/zed-ros2-wrapper/zed_wrapper'
[0.115s] INFO:colcon.colcon_core.package_selection:Skipping not selected package 'zed_ros2' in 'src/zed-ros2-wrapper/zed_ros2'
[0.115s] Level 1:colcon.colcon_core.package_discovery:discover_packages(prefix_path) check parameters
[0.115s] Level 1:colcon.colcon_core.package_discovery:discover_packages(prefix_path) discover
[0.116s] DEBUG:colcon.colcon_installed_package_information.package_discovery:Found 9 installed packages in /home/usman/ros2_ws/install
[0.117s] DEBUG:colcon.colcon_installed_package_information.package_discovery:Found 288 installed packages in /opt/ros/humble
[0.118s] Level 1:colcon.colcon_core.package_discovery:discover_packages(prefix_path) using defaults
[0.139s] Level 5:colcon.colcon_core.verb:set package 'zedm_to_BC' build argument 'cmake_args' from command line to 'None'
[0.139s] Level 5:colcon.colcon_core.verb:set package 'zedm_to_BC' build argument 'cmake_target' from command line to 'None'
[0.139s] Level 5:colcon.colcon_core.verb:set package 'zedm_to_BC' build argument 'cmake_target_skip_unavailable' from command line to 'False'
[0.139s] Level 5:colcon.colcon_core.verb:set package 'zedm_to_BC' build argument 'cmake_clean_cache' from command line to 'False'
[0.139s] Level 5:colcon.colcon_core.verb:set package 'zedm_to_BC' build argument 'cmake_clean_first' from command line to 'False'
[0.139s] Level 5:colcon.colcon_core.verb:set package 'zedm_to_BC' build argument 'cmake_force_configure' from command line to 'False'
[0.139s] Level 5:colcon.colcon_core.verb:set package 'zedm_to_BC' build argument 'ament_cmake_args' from command line to 'None'
[0.139s] Level 5:colcon.colcon_core.verb:set package 'zedm_to_BC' build argument 'catkin_cmake_args' from command line to 'None'
[0.139s] Level 5:colcon.colcon_core.verb:set package 'zedm_to_BC' build argument 'catkin_skip_building_tests' from command line to 'False'
[0.139s] DEBUG:colcon.colcon_core.verb:Building package 'zedm_to_BC' with the following arguments: {'ament_cmake_args': None, 'build_base': '/home/usman/ros2_ws/build/zedm_to_BC', 'catkin_cmake_args': None, 'catkin_skip_building_tests': False, 'cmake_args': None, 'cmake_clean_cache': False, 'cmake_clean_first': False, 'cmake_force_configure': False, 'cmake_target': None, 'cmake_target_skip_unavailable': False, 'install_base': '/home/usman/ros2_ws/install/zedm_to_BC', 'merge_install': False, 'path': '/home/usman/ros2_ws/src/zedm_to_BC', 'symlink_install': False, 'test_result_base': None}
[0.139s] INFO:colcon.colcon_core.executor:Executing jobs using 'parallel' executor
[0.139s] DEBUG:colcon.colcon_parallel_executor.executor.parallel:run_until_complete
[0.140s] INFO:colcon.colcon_ros.task.ament_python.build:Building ROS package in '/home/usman/ros2_ws/src/zedm_to_BC' with build type 'ament_python'
[0.140s] Level 1:colcon.colcon_core.shell:create_environment_hook('zedm_to_BC', 'ament_prefix_path')
[0.141s] INFO:colcon.colcon_core.plugin_system:Skipping extension 'colcon_core.shell.bat': Not used on non-Windows systems
[0.141s] INFO:colcon.colcon_core.shell:Creating environment hook '/home/usman/ros2_ws/install/zedm_to_BC/share/zedm_to_BC/hook/ament_prefix_path.ps1'
[0.141s] INFO:colcon.colcon_core.shell:Creating environment descriptor '/home/usman/ros2_ws/install/zedm_to_BC/share/zedm_to_BC/hook/ament_prefix_path.dsv'
[0.141s] INFO:colcon.colcon_core.shell:Creating environment hook '/home/usman/ros2_ws/install/zedm_to_BC/share/zedm_to_BC/hook/ament_prefix_path.sh'
[0.142s] INFO:colcon.colcon_core.shell:Skip shell extension 'powershell' for command environment: Not usable outside of PowerShell
[0.142s] DEBUG:colcon.colcon_core.shell:Skip shell extension 'dsv' for command environment
[0.261s] INFO:colcon.colcon_core.task.python.build:Building Python package in '/home/usman/ros2_ws/src/zedm_to_BC'
[0.261s] INFO:colcon.colcon_core.shell:Skip shell extension 'powershell' for command environment: Not usable outside of PowerShell
[0.261s] DEBUG:colcon.colcon_core.shell:Skip shell extension 'dsv' for command environment
[0.556s] DEBUG:colcon.colcon_core.event_handler.log_command:Invoking command in '/home/usman/ros2_ws/src/zedm_to_BC': PYTHONPATH=/home/usman/ros2_ws/build/zedm_to_BC/prefix_override:/usr/lib/python3/dist-packages/colcon_core/task/python/colcon_distutils_commands:/home/usman/ros2_ws/install/zedm_to_BC/lib/python3.10/site-packages:${PYTHONPATH} /usr/bin/python3 -W ignore:setup.py install is deprecated -W ignore:easy_install command is deprecated setup.py egg_info --egg-base ../../build/zedm_to_BC build --build-base /home/usman/ros2_ws/build/zedm_to_BC/build install --record /home/usman/ros2_ws/build/zedm_to_BC/install.log --single-version-externally-managed install_data
[0.815s] DEBUG:colcon.colcon_core.event_handler.log_command:Invoked command in '/home/usman/ros2_ws/src/zedm_to_BC' returned '0': PYTHONPATH=/home/usman/ros2_ws/build/zedm_to_BC/prefix_override:/usr/lib/python3/dist-packages/colcon_core/task/python/colcon_distutils_commands:/home/usman/ros2_ws/install/zedm_to_BC/lib/python3.10/site-packages:${PYTHONPATH} /usr/bin/python3 -W ignore:setup.py install is deprecated -W ignore:easy_install command is deprecated setup.py egg_info --egg-base ../../build/zedm_to_BC build --build-base /home/usman/ros2_ws/build/zedm_to_BC/build install --record /home/usman/ros2_ws/build/zedm_to_BC/install.log --single-version-externally-managed install_data
[0.816s] Level 1:colcon.colcon_core.environment:checking '/home/usman/ros2_ws/install/zedm_to_BC' for CMake module files
[0.817s] Level 1:colcon.colcon_core.environment:checking '/home/usman/ros2_ws/install/zedm_to_BC' for CMake config files
[0.817s] Level 1:colcon.colcon_core.environment:checking '/home/usman/ros2_ws/install/zedm_to_BC/lib'
[0.817s] Level 1:colcon.colcon_core.environment:checking '/home/usman/ros2_ws/install/zedm_to_BC/bin'
[0.817s] Level 1:colcon.colcon_core.environment:checking '/home/usman/ros2_ws/install/zedm_to_BC/lib/pkgconfig/zedm_to_BC.pc'
[0.817s] Level 1:colcon.colcon_core.environment:checking '/home/usman/ros2_ws/install/zedm_to_BC/lib/python3.10/site-packages'
[0.817s] Level 1:colcon.colcon_core.shell:create_environment_hook('zedm_to_BC', 'pythonpath')
[0.817s] INFO:colcon.colcon_core.shell:Creating environment hook '/home/usman/ros2_ws/install/zedm_to_BC/share/zedm_to_BC/hook/pythonpath.ps1'
[0.818s] INFO:colcon.colcon_core.shell:Creating environment descriptor '/home/usman/ros2_ws/install/zedm_to_BC/share/zedm_to_BC/hook/pythonpath.dsv'
[0.818s] INFO:colcon.colcon_core.shell:Creating environment hook '/home/usman/ros2_ws/install/zedm_to_BC/share/zedm_to_BC/hook/pythonpath.sh'
[0.818s] Level 1:colcon.colcon_core.environment:checking '/home/usman/ros2_ws/install/zedm_to_BC/bin'
[0.818s] Level 1:colcon.colcon_core.environment:create_environment_scripts_only(zedm_to_BC)
[0.818s] INFO:colcon.colcon_core.shell:Creating package script '/home/usman/ros2_ws/install/zedm_to_BC/share/zedm_to_BC/package.ps1'
[0.819s] INFO:colcon.colcon_core.shell:Creating package descriptor '/home/usman/ros2_ws/install/zedm_to_BC/share/zedm_to_BC/package.dsv'
[0.819s] INFO:colcon.colcon_core.shell:Creating package script '/home/usman/ros2_ws/install/zedm_to_BC/share/zedm_to_BC/package.sh'
[0.820s] INFO:colcon.colcon_core.shell:Creating package script '/home/usman/ros2_ws/install/zedm_to_BC/share/zedm_to_BC/package.bash'
[0.820s] INFO:colcon.colcon_core.shell:Creating package script '/home/usman/ros2_ws/install/zedm_to_BC/share/zedm_to_BC/package.zsh'
[0.820s] Level 1:colcon.colcon_core.environment:create_file_with_runtime_dependencies(/home/usman/ros2_ws/install/zedm_to_BC/share/colcon-core/packages/zedm_to_BC)
[0.821s] DEBUG:colcon.colcon_parallel_executor.executor.parallel:closing loop
[0.821s] DEBUG:colcon.colcon_parallel_executor.executor.parallel:loop closed
[0.821s] DEBUG:colcon.colcon_parallel_executor.executor.parallel:run_until_complete finished with '0'
[0.821s] DEBUG:colcon.colcon_core.event_reactor:joining thread
[0.824s] INFO:colcon.colcon_core.plugin_system:Skipping extension 'colcon_notification.desktop_notification.terminal_notifier': Not used on non-Darwin systems
[0.824s] INFO:colcon.colcon_core.plugin_system:Skipping extension 'colcon_notification.desktop_notification.win32': Not used on non-Windows systems
[0.824s] INFO:colcon.colcon_notification.desktop_notification:Sending desktop notification using 'notify2'
[0.830s] DEBUG:colcon.colcon_core.event_reactor:joined thread
[0.830s] INFO:colcon.colcon_core.shell:Creating prefix script '/home/usman/ros2_ws/install/local_setup.ps1'
[0.831s] INFO:colcon.colcon_core.shell:Creating prefix util module '/home/usman/ros2_ws/install/_local_setup_util_ps1.py'
[0.832s] INFO:colcon.colcon_core.shell:Creating prefix chain script '/home/usman/ros2_ws/install/setup.ps1'
[0.833s] INFO:colcon.colcon_core.shell:Creating prefix script '/home/usman/ros2_ws/install/local_setup.sh'
[0.833s] INFO:colcon.colcon_core.shell:Creating prefix util module '/home/usman/ros2_ws/install/_local_setup_util_sh.py'
[0.834s] INFO:colcon.colcon_core.shell:Creating prefix chain script '/home/usman/ros2_ws/install/setup.sh'
[0.834s] INFO:colcon.colcon_core.shell:Creating prefix script '/home/usman/ros2_ws/install/local_setup.bash'
[0.835s] INFO:colcon.colcon_core.shell:Creating prefix chain script '/home/usman/ros2_ws/install/setup.bash'
[0.835s] INFO:colcon.colcon_core.shell:Creating prefix script '/home/usman/ros2_ws/install/local_setup.zsh'
[0.836s] INFO:colcon.colcon_core.shell:Creating prefix chain script '/home/usman/ros2_ws/install/setup.zsh'
