running egg_info
writing ../../build/rgbd_converter/rgbd_converter.egg-info/PKG-INFO
writing dependency_links to ../../build/rgbd_converter/rgbd_converter.egg-info/dependency_links.txt
writing entry points to ../../build/rgbd_converter/rgbd_converter.egg-info/entry_points.txt
writing requirements to ../../build/rgbd_converter/rgbd_converter.egg-info/requires.txt
writing top-level names to ../../build/rgbd_converter/rgbd_converter.egg-info/top_level.txt
reading manifest file '../../build/rgbd_converter/rgbd_converter.egg-info/SOURCES.txt'
writing manifest file '../../build/rgbd_converter/rgbd_converter.egg-info/SOURCES.txt'
running build
running build_py
copying rgbd_converter/rgbd_node.py -> /home/usman/ros2_ws/build/rgbd_converter/build/lib/rgbd_converter
copying rgbd_converter/__init__.py -> /home/usman/ros2_ws/build/rgbd_converter/build/lib/rgbd_converter
running install
running install_lib
running install_data
copying resource/rgbd_converter -> /home/usman/ros2_ws/install/rgbd_converter/share/ament_index/resource_index/packages
copying package.xml -> /home/usman/ros2_ws/install/rgbd_converter/share/rgbd_converter
running install_egg_info
removing '/home/usman/ros2_ws/install/rgbd_converter/lib/python3.10/site-packages/rgbd_converter-0.0.0-py3.10.egg-info' (and everything under it)
Copying ../../build/rgbd_converter/rgbd_converter.egg-info to /home/usman/ros2_ws/install/rgbd_converter/lib/python3.10/site-packages/rgbd_converter-0.0.0-py3.10.egg-info
running install_scripts
Installing rgbd_node script to /home/usman/ros2_ws/install/rgbd_converter/lib/rgbd_converter
writing list of installed files to '/home/usman/ros2_ws/build/rgbd_converter/install.log'
