[  0%] Built target zed_msgs__cpp
[  4%] Built target ament_cmake_python_symlink_zed_msgs
[ 12%] Built target zed_msgs__rosidl_generator_c
[ 24%] Built target zed_msgs__rosidl_typesupport_introspection_cpp
[ 36%] Built target zed_msgs__rosidl_typesupport_cpp
[ 48%] Built target zed_msgs__rosidl_typesupport_introspection_c
[ 60%] Built target zed_msgs__rosidl_typesupport_c
[ 72%] Built target zed_msgs__rosidl_typesupport_fastrtps_cpp
[ 84%] Built target zed_msgs__rosidl_typesupport_fastrtps_c
[ 84%] Built target zed_msgs
[ 85%] Built target zed_msgs__py
[ 96%] Built target zed_msgs__rosidl_generator_py
[ 97%] Built target zed_msgs__rosidl_typesupport_fastrtps_c__pyext
[ 99%] Built target zed_msgs__rosidl_typesupport_introspection_c__pyext
[100%] Built target zed_msgs__rosidl_typesupport_c__pyext
running egg_info
writing zed_msgs.egg-info/PKG-INFO
writing dependency_links to zed_msgs.egg-info/dependency_links.txt
writing top-level names to zed_msgs.egg-info/top_level.txt
reading manifest file 'zed_msgs.egg-info/SOURCES.txt'
writing manifest file 'zed_msgs.egg-info/SOURCES.txt'
[100%] Built target ament_cmake_python_build_zed_msgs_egg
-- Install configuration: "Release"
-- Execute custom install script
-- Up-to-date symlink: /home/usman/ros2_ws/install/zed_msgs/share/ament_index/resource_index/rosidl_interfaces/zed_msgs
-- Up-to-date symlink: /home/usman/ros2_ws/install/zed_msgs/include/zed_msgs/zed_msgs/msg/bounding_box2_df.h
-- Up-to-date symlink: /home/usman/ros2_ws/install/zed_msgs/include/zed_msgs/zed_msgs/msg/bounding_box2_di.h
-- Up-to-date symlink: /home/usman/ros2_ws/install/zed_msgs/include/zed_msgs/zed_msgs/msg/bounding_box3_d.h
-- Up-to-date symlink: /home/usman/ros2_ws/install/zed_msgs/include/zed_msgs/zed_msgs/msg/depth_info_stamped.h
-- Up-to-date symlink: /home/usman/ros2_ws/install/zed_msgs/include/zed_msgs/zed_msgs/msg/detail/bounding_box2_df__functions.h
-- Up-to-date symlink: /home/usman/ros2_ws/install/zed_msgs/include/zed_msgs/zed_msgs/msg/detail/bounding_box2_df__struct.h
-- Up-to-date symlink: /home/usman/ros2_ws/install/zed_msgs/include/zed_msgs/zed_msgs/msg/detail/bounding_box2_df__type_support.h
-- Up-to-date symlink: /home/usman/ros2_ws/install/zed_msgs/include/zed_msgs/zed_msgs/msg/detail/bounding_box2_di__functions.h
-- Up-to-date symlink: /home/usman/ros2_ws/install/zed_msgs/include/zed_msgs/zed_msgs/msg/detail/bounding_box2_di__struct.h
-- Up-to-date symlink: /home/usman/ros2_ws/install/zed_msgs/include/zed_msgs/zed_msgs/msg/detail/bounding_box2_di__type_support.h
-- Up-to-date symlink: /home/usman/ros2_ws/install/zed_msgs/include/zed_msgs/zed_msgs/msg/detail/bounding_box3_d__functions.h
-- Up-to-date symlink: /home/usman/ros2_ws/install/zed_msgs/include/zed_msgs/zed_msgs/msg/detail/bounding_box3_d__struct.h
-- Up-to-date symlink: /home/usman/ros2_ws/install/zed_msgs/include/zed_msgs/zed_msgs/msg/detail/bounding_box3_d__type_support.h
-- Up-to-date symlink: /home/usman/ros2_ws/install/zed_msgs/include/zed_msgs/zed_msgs/msg/detail/depth_info_stamped__functions.h
-- Up-to-date symlink: /home/usman/ros2_ws/install/zed_msgs/include/zed_msgs/zed_msgs/msg/detail/depth_info_stamped__struct.h
-- Up-to-date symlink: /home/usman/ros2_ws/install/zed_msgs/include/zed_msgs/zed_msgs/msg/detail/depth_info_stamped__type_support.h
-- Up-to-date symlink: /home/usman/ros2_ws/install/zed_msgs/include/zed_msgs/zed_msgs/msg/detail/gnss_fusion_status__functions.h
-- Up-to-date symlink: /home/usman/ros2_ws/install/zed_msgs/include/zed_msgs/zed_msgs/msg/detail/gnss_fusion_status__struct.h
-- Up-to-date symlink: /home/usman/ros2_ws/install/zed_msgs/include/zed_msgs/zed_msgs/msg/detail/gnss_fusion_status__type_support.h
-- Up-to-date symlink: /home/usman/ros2_ws/install/zed_msgs/include/zed_msgs/zed_msgs/msg/detail/heartbeat__functions.h
-- Up-to-date symlink: /home/usman/ros2_ws/install/zed_msgs/include/zed_msgs/zed_msgs/msg/detail/heartbeat__struct.h
-- Up-to-date symlink: /home/usman/ros2_ws/install/zed_msgs/include/zed_msgs/zed_msgs/msg/detail/heartbeat__type_support.h
-- Up-to-date symlink: /home/usman/ros2_ws/install/zed_msgs/include/zed_msgs/zed_msgs/msg/detail/keypoint2_df__functions.h
-- Up-to-date symlink: /home/usman/ros2_ws/install/zed_msgs/include/zed_msgs/zed_msgs/msg/detail/keypoint2_df__struct.h
-- Up-to-date symlink: /home/usman/ros2_ws/install/zed_msgs/include/zed_msgs/zed_msgs/msg/detail/keypoint2_df__type_support.h
-- Up-to-date symlink: /home/usman/ros2_ws/install/zed_msgs/include/zed_msgs/zed_msgs/msg/detail/keypoint2_di__functions.h
-- Up-to-date symlink: /home/usman/ros2_ws/install/zed_msgs/include/zed_msgs/zed_msgs/msg/detail/keypoint2_di__struct.h
-- Up-to-date symlink: /home/usman/ros2_ws/install/zed_msgs/include/zed_msgs/zed_msgs/msg/detail/keypoint2_di__type_support.h
-- Up-to-date symlink: /home/usman/ros2_ws/install/zed_msgs/include/zed_msgs/zed_msgs/msg/detail/keypoint3_d__functions.h
-- Up-to-date symlink: /home/usman/ros2_ws/install/zed_msgs/include/zed_msgs/zed_msgs/msg/detail/keypoint3_d__struct.h
-- Up-to-date symlink: /home/usman/ros2_ws/install/zed_msgs/include/zed_msgs/zed_msgs/msg/detail/keypoint3_d__type_support.h
-- Up-to-date symlink: /home/usman/ros2_ws/install/zed_msgs/include/zed_msgs/zed_msgs/msg/detail/mag_heading_status__functions.h
-- Up-to-date symlink: /home/usman/ros2_ws/install/zed_msgs/include/zed_msgs/zed_msgs/msg/detail/mag_heading_status__struct.h
-- Up-to-date symlink: /home/usman/ros2_ws/install/zed_msgs/include/zed_msgs/zed_msgs/msg/detail/mag_heading_status__type_support.h
-- Up-to-date symlink: /home/usman/ros2_ws/install/zed_msgs/include/zed_msgs/zed_msgs/msg/detail/object__functions.h
-- Up-to-date symlink: /home/usman/ros2_ws/install/zed_msgs/include/zed_msgs/zed_msgs/msg/detail/object__struct.h
-- Up-to-date symlink: /home/usman/ros2_ws/install/zed_msgs/include/zed_msgs/zed_msgs/msg/detail/object__type_support.h
-- Up-to-date symlink: /home/usman/ros2_ws/install/zed_msgs/include/zed_msgs/zed_msgs/msg/detail/objects_stamped__functions.h
-- Up-to-date symlink: /home/usman/ros2_ws/install/zed_msgs/include/zed_msgs/zed_msgs/msg/detail/objects_stamped__struct.h
-- Up-to-date symlink: /home/usman/ros2_ws/install/zed_msgs/include/zed_msgs/zed_msgs/msg/detail/objects_stamped__type_support.h
-- Up-to-date symlink: /home/usman/ros2_ws/install/zed_msgs/include/zed_msgs/zed_msgs/msg/detail/plane_stamped__functions.h
-- Up-to-date symlink: /home/usman/ros2_ws/install/zed_msgs/include/zed_msgs/zed_msgs/msg/detail/plane_stamped__struct.h
-- Up-to-date symlink: /home/usman/ros2_ws/install/zed_msgs/include/zed_msgs/zed_msgs/msg/detail/plane_stamped__type_support.h
-- Up-to-date symlink: /home/usman/ros2_ws/install/zed_msgs/include/zed_msgs/zed_msgs/msg/detail/pos_track_status__functions.h
-- Up-to-date symlink: /home/usman/ros2_ws/install/zed_msgs/include/zed_msgs/zed_msgs/msg/detail/pos_track_status__struct.h
-- Up-to-date symlink: /home/usman/ros2_ws/install/zed_msgs/include/zed_msgs/zed_msgs/msg/detail/pos_track_status__type_support.h
-- Up-to-date symlink: /home/usman/ros2_ws/install/zed_msgs/include/zed_msgs/zed_msgs/msg/detail/skeleton2_d__functions.h
-- Up-to-date symlink: /home/usman/ros2_ws/install/zed_msgs/include/zed_msgs/zed_msgs/msg/detail/skeleton2_d__struct.h
-- Up-to-date symlink: /home/usman/ros2_ws/install/zed_msgs/include/zed_msgs/zed_msgs/msg/detail/skeleton2_d__type_support.h
-- Up-to-date symlink: /home/usman/ros2_ws/install/zed_msgs/include/zed_msgs/zed_msgs/msg/detail/skeleton3_d__functions.h
-- Up-to-date symlink: /home/usman/ros2_ws/install/zed_msgs/include/zed_msgs/zed_msgs/msg/detail/skeleton3_d__struct.h
-- Up-to-date symlink: /home/usman/ros2_ws/install/zed_msgs/include/zed_msgs/zed_msgs/msg/detail/skeleton3_d__type_support.h
-- Up-to-date symlink: /home/usman/ros2_ws/install/zed_msgs/include/zed_msgs/zed_msgs/msg/gnss_fusion_status.h
-- Up-to-date symlink: /home/usman/ros2_ws/install/zed_msgs/include/zed_msgs/zed_msgs/msg/heartbeat.h
-- Up-to-date symlink: /home/usman/ros2_ws/install/zed_msgs/include/zed_msgs/zed_msgs/msg/keypoint2_df.h
-- Up-to-date symlink: /home/usman/ros2_ws/install/zed_msgs/include/zed_msgs/zed_msgs/msg/keypoint2_di.h
-- Up-to-date symlink: /home/usman/ros2_ws/install/zed_msgs/include/zed_msgs/zed_msgs/msg/keypoint3_d.h
-- Up-to-date symlink: /home/usman/ros2_ws/install/zed_msgs/include/zed_msgs/zed_msgs/msg/mag_heading_status.h
-- Up-to-date symlink: /home/usman/ros2_ws/install/zed_msgs/include/zed_msgs/zed_msgs/msg/object.h
-- Up-to-date symlink: /home/usman/ros2_ws/install/zed_msgs/include/zed_msgs/zed_msgs/msg/objects_stamped.h
-- Up-to-date symlink: /home/usman/ros2_ws/install/zed_msgs/include/zed_msgs/zed_msgs/msg/plane_stamped.h
-- Up-to-date symlink: /home/usman/ros2_ws/install/zed_msgs/include/zed_msgs/zed_msgs/msg/pos_track_status.h
-- Up-to-date symlink: /home/usman/ros2_ws/install/zed_msgs/include/zed_msgs/zed_msgs/msg/rosidl_generator_c__visibility_control.h
-- Up-to-date symlink: /home/usman/ros2_ws/install/zed_msgs/include/zed_msgs/zed_msgs/msg/skeleton2_d.h
-- Up-to-date symlink: /home/usman/ros2_ws/install/zed_msgs/include/zed_msgs/zed_msgs/msg/skeleton3_d.h
-- Up-to-date symlink: /home/usman/ros2_ws/install/zed_msgs/include/zed_msgs/zed_msgs/srv/detail/set_pose__functions.h
-- Up-to-date symlink: /home/usman/ros2_ws/install/zed_msgs/include/zed_msgs/zed_msgs/srv/detail/set_pose__struct.h
-- Up-to-date symlink: /home/usman/ros2_ws/install/zed_msgs/include/zed_msgs/zed_msgs/srv/detail/set_pose__type_support.h
-- Up-to-date symlink: /home/usman/ros2_ws/install/zed_msgs/include/zed_msgs/zed_msgs/srv/detail/set_roi__functions.h
-- Up-to-date symlink: /home/usman/ros2_ws/install/zed_msgs/include/zed_msgs/zed_msgs/srv/detail/set_roi__struct.h
-- Up-to-date symlink: /home/usman/ros2_ws/install/zed_msgs/include/zed_msgs/zed_msgs/srv/detail/set_roi__type_support.h
-- Up-to-date symlink: /home/usman/ros2_ws/install/zed_msgs/include/zed_msgs/zed_msgs/srv/detail/start_svo_rec__functions.h
-- Up-to-date symlink: /home/usman/ros2_ws/install/zed_msgs/include/zed_msgs/zed_msgs/srv/detail/start_svo_rec__struct.h
-- Up-to-date symlink: /home/usman/ros2_ws/install/zed_msgs/include/zed_msgs/zed_msgs/srv/detail/start_svo_rec__type_support.h
-- Up-to-date symlink: /home/usman/ros2_ws/install/zed_msgs/include/zed_msgs/zed_msgs/srv/set_pose.h
-- Up-to-date symlink: /home/usman/ros2_ws/install/zed_msgs/include/zed_msgs/zed_msgs/srv/set_roi.h
-- Up-to-date symlink: /home/usman/ros2_ws/install/zed_msgs/include/zed_msgs/zed_msgs/srv/start_svo_rec.h
-- Up-to-date symlink: /home/usman/ros2_ws/install/zed_msgs/share/zed_msgs/environment/library_path.sh
-- Up-to-date symlink: /home/usman/ros2_ws/install/zed_msgs/share/zed_msgs/environment/library_path.dsv
-- Up-to-date symlink: /home/usman/ros2_ws/install/zed_msgs/include/zed_msgs/zed_msgs/msg/detail/bounding_box2_df__rosidl_typesupport_fastrtps_c.h
-- Up-to-date symlink: /home/usman/ros2_ws/install/zed_msgs/include/zed_msgs/zed_msgs/msg/detail/bounding_box2_di__rosidl_typesupport_fastrtps_c.h
-- Up-to-date symlink: /home/usman/ros2_ws/install/zed_msgs/include/zed_msgs/zed_msgs/msg/detail/bounding_box3_d__rosidl_typesupport_fastrtps_c.h
-- Up-to-date symlink: /home/usman/ros2_ws/install/zed_msgs/include/zed_msgs/zed_msgs/msg/detail/depth_info_stamped__rosidl_typesupport_fastrtps_c.h
-- Up-to-date symlink: /home/usman/ros2_ws/install/zed_msgs/include/zed_msgs/zed_msgs/msg/detail/gnss_fusion_status__rosidl_typesupport_fastrtps_c.h
-- Up-to-date symlink: /home/usman/ros2_ws/install/zed_msgs/include/zed_msgs/zed_msgs/msg/detail/heartbeat__rosidl_typesupport_fastrtps_c.h
-- Up-to-date symlink: /home/usman/ros2_ws/install/zed_msgs/include/zed_msgs/zed_msgs/msg/detail/keypoint2_df__rosidl_typesupport_fastrtps_c.h
-- Up-to-date symlink: /home/usman/ros2_ws/install/zed_msgs/include/zed_msgs/zed_msgs/msg/detail/keypoint2_di__rosidl_typesupport_fastrtps_c.h
-- Up-to-date symlink: /home/usman/ros2_ws/install/zed_msgs/include/zed_msgs/zed_msgs/msg/detail/keypoint3_d__rosidl_typesupport_fastrtps_c.h
-- Up-to-date symlink: /home/usman/ros2_ws/install/zed_msgs/include/zed_msgs/zed_msgs/msg/detail/mag_heading_status__rosidl_typesupport_fastrtps_c.h
-- Up-to-date symlink: /home/usman/ros2_ws/install/zed_msgs/include/zed_msgs/zed_msgs/msg/detail/object__rosidl_typesupport_fastrtps_c.h
-- Up-to-date symlink: /home/usman/ros2_ws/install/zed_msgs/include/zed_msgs/zed_msgs/msg/detail/objects_stamped__rosidl_typesupport_fastrtps_c.h
-- Up-to-date symlink: /home/usman/ros2_ws/install/zed_msgs/include/zed_msgs/zed_msgs/msg/detail/plane_stamped__rosidl_typesupport_fastrtps_c.h
-- Up-to-date symlink: /home/usman/ros2_ws/install/zed_msgs/include/zed_msgs/zed_msgs/msg/detail/pos_track_status__rosidl_typesupport_fastrtps_c.h
-- Up-to-date symlink: /home/usman/ros2_ws/install/zed_msgs/include/zed_msgs/zed_msgs/msg/detail/skeleton2_d__rosidl_typesupport_fastrtps_c.h
-- Up-to-date symlink: /home/usman/ros2_ws/install/zed_msgs/include/zed_msgs/zed_msgs/msg/detail/skeleton3_d__rosidl_typesupport_fastrtps_c.h
-- Up-to-date symlink: /home/usman/ros2_ws/install/zed_msgs/include/zed_msgs/zed_msgs/msg/rosidl_typesupport_fastrtps_c__visibility_control.h
-- Up-to-date symlink: /home/usman/ros2_ws/install/zed_msgs/include/zed_msgs/zed_msgs/srv/detail/set_pose__rosidl_typesupport_fastrtps_c.h
-- Up-to-date symlink: /home/usman/ros2_ws/install/zed_msgs/include/zed_msgs/zed_msgs/srv/detail/set_roi__rosidl_typesupport_fastrtps_c.h
-- Up-to-date symlink: /home/usman/ros2_ws/install/zed_msgs/include/zed_msgs/zed_msgs/srv/detail/start_svo_rec__rosidl_typesupport_fastrtps_c.h
-- Up-to-date symlink: /home/usman/ros2_ws/install/zed_msgs/include/zed_msgs/zed_msgs/msg/bounding_box2_df.hpp
-- Up-to-date symlink: /home/usman/ros2_ws/install/zed_msgs/include/zed_msgs/zed_msgs/msg/bounding_box2_di.hpp
-- Up-to-date symlink: /home/usman/ros2_ws/install/zed_msgs/include/zed_msgs/zed_msgs/msg/bounding_box3_d.hpp
-- Up-to-date symlink: /home/usman/ros2_ws/install/zed_msgs/include/zed_msgs/zed_msgs/msg/depth_info_stamped.hpp
-- Up-to-date symlink: /home/usman/ros2_ws/install/zed_msgs/include/zed_msgs/zed_msgs/msg/detail/bounding_box2_df__builder.hpp
-- Up-to-date symlink: /home/usman/ros2_ws/install/zed_msgs/include/zed_msgs/zed_msgs/msg/detail/bounding_box2_df__struct.hpp
-- Up-to-date symlink: /home/usman/ros2_ws/install/zed_msgs/include/zed_msgs/zed_msgs/msg/detail/bounding_box2_df__traits.hpp
-- Up-to-date symlink: /home/usman/ros2_ws/install/zed_msgs/include/zed_msgs/zed_msgs/msg/detail/bounding_box2_di__builder.hpp
-- Up-to-date symlink: /home/usman/ros2_ws/install/zed_msgs/include/zed_msgs/zed_msgs/msg/detail/bounding_box2_di__struct.hpp
-- Up-to-date symlink: /home/usman/ros2_ws/install/zed_msgs/include/zed_msgs/zed_msgs/msg/detail/bounding_box2_di__traits.hpp
-- Up-to-date symlink: /home/usman/ros2_ws/install/zed_msgs/include/zed_msgs/zed_msgs/msg/detail/bounding_box3_d__builder.hpp
-- Up-to-date symlink: /home/usman/ros2_ws/install/zed_msgs/include/zed_msgs/zed_msgs/msg/detail/bounding_box3_d__struct.hpp
-- Up-to-date symlink: /home/usman/ros2_ws/install/zed_msgs/include/zed_msgs/zed_msgs/msg/detail/bounding_box3_d__traits.hpp
-- Up-to-date symlink: /home/usman/ros2_ws/install/zed_msgs/include/zed_msgs/zed_msgs/msg/detail/depth_info_stamped__builder.hpp
-- Up-to-date symlink: /home/usman/ros2_ws/install/zed_msgs/include/zed_msgs/zed_msgs/msg/detail/depth_info_stamped__struct.hpp
-- Up-to-date symlink: /home/usman/ros2_ws/install/zed_msgs/include/zed_msgs/zed_msgs/msg/detail/depth_info_stamped__traits.hpp
-- Up-to-date symlink: /home/usman/ros2_ws/install/zed_msgs/include/zed_msgs/zed_msgs/msg/detail/gnss_fusion_status__builder.hpp
-- Up-to-date symlink: /home/usman/ros2_ws/install/zed_msgs/include/zed_msgs/zed_msgs/msg/detail/gnss_fusion_status__struct.hpp
-- Up-to-date symlink: /home/usman/ros2_ws/install/zed_msgs/include/zed_msgs/zed_msgs/msg/detail/gnss_fusion_status__traits.hpp
-- Up-to-date symlink: /home/usman/ros2_ws/install/zed_msgs/include/zed_msgs/zed_msgs/msg/detail/heartbeat__builder.hpp
-- Up-to-date symlink: /home/usman/ros2_ws/install/zed_msgs/include/zed_msgs/zed_msgs/msg/detail/heartbeat__struct.hpp
-- Up-to-date symlink: /home/usman/ros2_ws/install/zed_msgs/include/zed_msgs/zed_msgs/msg/detail/heartbeat__traits.hpp
-- Up-to-date symlink: /home/usman/ros2_ws/install/zed_msgs/include/zed_msgs/zed_msgs/msg/detail/keypoint2_df__builder.hpp
-- Up-to-date symlink: /home/usman/ros2_ws/install/zed_msgs/include/zed_msgs/zed_msgs/msg/detail/keypoint2_df__struct.hpp
-- Up-to-date symlink: /home/usman/ros2_ws/install/zed_msgs/include/zed_msgs/zed_msgs/msg/detail/keypoint2_df__traits.hpp
-- Up-to-date symlink: /home/usman/ros2_ws/install/zed_msgs/include/zed_msgs/zed_msgs/msg/detail/keypoint2_di__builder.hpp
-- Up-to-date symlink: /home/usman/ros2_ws/install/zed_msgs/include/zed_msgs/zed_msgs/msg/detail/keypoint2_di__struct.hpp
-- Up-to-date symlink: /home/usman/ros2_ws/install/zed_msgs/include/zed_msgs/zed_msgs/msg/detail/keypoint2_di__traits.hpp
-- Up-to-date symlink: /home/usman/ros2_ws/install/zed_msgs/include/zed_msgs/zed_msgs/msg/detail/keypoint3_d__builder.hpp
-- Up-to-date symlink: /home/usman/ros2_ws/install/zed_msgs/include/zed_msgs/zed_msgs/msg/detail/keypoint3_d__struct.hpp
-- Up-to-date symlink: /home/usman/ros2_ws/install/zed_msgs/include/zed_msgs/zed_msgs/msg/detail/keypoint3_d__traits.hpp
-- Up-to-date symlink: /home/usman/ros2_ws/install/zed_msgs/include/zed_msgs/zed_msgs/msg/detail/mag_heading_status__builder.hpp
-- Up-to-date symlink: /home/usman/ros2_ws/install/zed_msgs/include/zed_msgs/zed_msgs/msg/detail/mag_heading_status__struct.hpp
-- Up-to-date symlink: /home/usman/ros2_ws/install/zed_msgs/include/zed_msgs/zed_msgs/msg/detail/mag_heading_status__traits.hpp
-- Up-to-date symlink: /home/usman/ros2_ws/install/zed_msgs/include/zed_msgs/zed_msgs/msg/detail/object__builder.hpp
-- Up-to-date symlink: /home/usman/ros2_ws/install/zed_msgs/include/zed_msgs/zed_msgs/msg/detail/object__struct.hpp
-- Up-to-date symlink: /home/usman/ros2_ws/install/zed_msgs/include/zed_msgs/zed_msgs/msg/detail/object__traits.hpp
-- Up-to-date symlink: /home/usman/ros2_ws/install/zed_msgs/include/zed_msgs/zed_msgs/msg/detail/objects_stamped__builder.hpp
-- Up-to-date symlink: /home/usman/ros2_ws/install/zed_msgs/include/zed_msgs/zed_msgs/msg/detail/objects_stamped__struct.hpp
-- Up-to-date symlink: /home/usman/ros2_ws/install/zed_msgs/include/zed_msgs/zed_msgs/msg/detail/objects_stamped__traits.hpp
-- Up-to-date symlink: /home/usman/ros2_ws/install/zed_msgs/include/zed_msgs/zed_msgs/msg/detail/plane_stamped__builder.hpp
-- Up-to-date symlink: /home/usman/ros2_ws/install/zed_msgs/include/zed_msgs/zed_msgs/msg/detail/plane_stamped__struct.hpp
-- Up-to-date symlink: /home/usman/ros2_ws/install/zed_msgs/include/zed_msgs/zed_msgs/msg/detail/plane_stamped__traits.hpp
-- Up-to-date symlink: /home/usman/ros2_ws/install/zed_msgs/include/zed_msgs/zed_msgs/msg/detail/pos_track_status__builder.hpp
-- Up-to-date symlink: /home/usman/ros2_ws/install/zed_msgs/include/zed_msgs/zed_msgs/msg/detail/pos_track_status__struct.hpp
-- Up-to-date symlink: /home/usman/ros2_ws/install/zed_msgs/include/zed_msgs/zed_msgs/msg/detail/pos_track_status__traits.hpp
-- Up-to-date symlink: /home/usman/ros2_ws/install/zed_msgs/include/zed_msgs/zed_msgs/msg/detail/skeleton2_d__builder.hpp
-- Up-to-date symlink: /home/usman/ros2_ws/install/zed_msgs/include/zed_msgs/zed_msgs/msg/detail/skeleton2_d__struct.hpp
-- Up-to-date symlink: /home/usman/ros2_ws/install/zed_msgs/include/zed_msgs/zed_msgs/msg/detail/skeleton2_d__traits.hpp
-- Up-to-date symlink: /home/usman/ros2_ws/install/zed_msgs/include/zed_msgs/zed_msgs/msg/detail/skeleton3_d__builder.hpp
-- Up-to-date symlink: /home/usman/ros2_ws/install/zed_msgs/include/zed_msgs/zed_msgs/msg/detail/skeleton3_d__struct.hpp
-- Up-to-date symlink: /home/usman/ros2_ws/install/zed_msgs/include/zed_msgs/zed_msgs/msg/detail/skeleton3_d__traits.hpp
-- Up-to-date symlink: /home/usman/ros2_ws/install/zed_msgs/include/zed_msgs/zed_msgs/msg/gnss_fusion_status.hpp
-- Up-to-date symlink: /home/usman/ros2_ws/install/zed_msgs/include/zed_msgs/zed_msgs/msg/heartbeat.hpp
-- Up-to-date symlink: /home/usman/ros2_ws/install/zed_msgs/include/zed_msgs/zed_msgs/msg/keypoint2_df.hpp
-- Up-to-date symlink: /home/usman/ros2_ws/install/zed_msgs/include/zed_msgs/zed_msgs/msg/keypoint2_di.hpp
-- Up-to-date symlink: /home/usman/ros2_ws/install/zed_msgs/include/zed_msgs/zed_msgs/msg/keypoint3_d.hpp
-- Up-to-date symlink: /home/usman/ros2_ws/install/zed_msgs/include/zed_msgs/zed_msgs/msg/mag_heading_status.hpp
-- Up-to-date symlink: /home/usman/ros2_ws/install/zed_msgs/include/zed_msgs/zed_msgs/msg/object.hpp
-- Up-to-date symlink: /home/usman/ros2_ws/install/zed_msgs/include/zed_msgs/zed_msgs/msg/objects_stamped.hpp
-- Up-to-date symlink: /home/usman/ros2_ws/install/zed_msgs/include/zed_msgs/zed_msgs/msg/plane_stamped.hpp
-- Up-to-date symlink: /home/usman/ros2_ws/install/zed_msgs/include/zed_msgs/zed_msgs/msg/pos_track_status.hpp
-- Up-to-date symlink: /home/usman/ros2_ws/install/zed_msgs/include/zed_msgs/zed_msgs/msg/skeleton2_d.hpp
-- Up-to-date symlink: /home/usman/ros2_ws/install/zed_msgs/include/zed_msgs/zed_msgs/msg/skeleton3_d.hpp
-- Up-to-date symlink: /home/usman/ros2_ws/install/zed_msgs/include/zed_msgs/zed_msgs/srv/detail/set_pose__builder.hpp
-- Up-to-date symlink: /home/usman/ros2_ws/install/zed_msgs/include/zed_msgs/zed_msgs/srv/detail/set_pose__struct.hpp
-- Up-to-date symlink: /home/usman/ros2_ws/install/zed_msgs/include/zed_msgs/zed_msgs/srv/detail/set_pose__traits.hpp
-- Up-to-date symlink: /home/usman/ros2_ws/install/zed_msgs/include/zed_msgs/zed_msgs/srv/detail/set_roi__builder.hpp
-- Up-to-date symlink: /home/usman/ros2_ws/install/zed_msgs/include/zed_msgs/zed_msgs/srv/detail/set_roi__struct.hpp
-- Up-to-date symlink: /home/usman/ros2_ws/install/zed_msgs/include/zed_msgs/zed_msgs/srv/detail/set_roi__traits.hpp
-- Up-to-date symlink: /home/usman/ros2_ws/install/zed_msgs/include/zed_msgs/zed_msgs/srv/detail/start_svo_rec__builder.hpp
-- Up-to-date symlink: /home/usman/ros2_ws/install/zed_msgs/include/zed_msgs/zed_msgs/srv/detail/start_svo_rec__struct.hpp
-- Up-to-date symlink: /home/usman/ros2_ws/install/zed_msgs/include/zed_msgs/zed_msgs/srv/detail/start_svo_rec__traits.hpp
-- Up-to-date symlink: /home/usman/ros2_ws/install/zed_msgs/include/zed_msgs/zed_msgs/srv/set_pose.hpp
-- Up-to-date symlink: /home/usman/ros2_ws/install/zed_msgs/include/zed_msgs/zed_msgs/srv/set_roi.hpp
-- Up-to-date symlink: /home/usman/ros2_ws/install/zed_msgs/include/zed_msgs/zed_msgs/srv/start_svo_rec.hpp
-- Up-to-date symlink: /home/usman/ros2_ws/install/zed_msgs/include/zed_msgs/zed_msgs/msg/detail/bounding_box2_df__rosidl_typesupport_fastrtps_cpp.hpp
-- Up-to-date symlink: /home/usman/ros2_ws/install/zed_msgs/include/zed_msgs/zed_msgs/msg/detail/bounding_box2_di__rosidl_typesupport_fastrtps_cpp.hpp
-- Up-to-date symlink: /home/usman/ros2_ws/install/zed_msgs/include/zed_msgs/zed_msgs/msg/detail/bounding_box3_d__rosidl_typesupport_fastrtps_cpp.hpp
-- Up-to-date symlink: /home/usman/ros2_ws/install/zed_msgs/include/zed_msgs/zed_msgs/msg/detail/depth_info_stamped__rosidl_typesupport_fastrtps_cpp.hpp
-- Up-to-date symlink: /home/usman/ros2_ws/install/zed_msgs/include/zed_msgs/zed_msgs/msg/detail/gnss_fusion_status__rosidl_typesupport_fastrtps_cpp.hpp
-- Up-to-date symlink: /home/usman/ros2_ws/install/zed_msgs/include/zed_msgs/zed_msgs/msg/detail/heartbeat__rosidl_typesupport_fastrtps_cpp.hpp
-- Up-to-date symlink: /home/usman/ros2_ws/install/zed_msgs/include/zed_msgs/zed_msgs/msg/detail/keypoint2_df__rosidl_typesupport_fastrtps_cpp.hpp
-- Up-to-date symlink: /home/usman/ros2_ws/install/zed_msgs/include/zed_msgs/zed_msgs/msg/detail/keypoint2_di__rosidl_typesupport_fastrtps_cpp.hpp
-- Up-to-date symlink: /home/usman/ros2_ws/install/zed_msgs/include/zed_msgs/zed_msgs/msg/detail/keypoint3_d__rosidl_typesupport_fastrtps_cpp.hpp
-- Up-to-date symlink: /home/usman/ros2_ws/install/zed_msgs/include/zed_msgs/zed_msgs/msg/detail/mag_heading_status__rosidl_typesupport_fastrtps_cpp.hpp
-- Up-to-date symlink: /home/usman/ros2_ws/install/zed_msgs/include/zed_msgs/zed_msgs/msg/detail/object__rosidl_typesupport_fastrtps_cpp.hpp
-- Up-to-date symlink: /home/usman/ros2_ws/install/zed_msgs/include/zed_msgs/zed_msgs/msg/detail/objects_stamped__rosidl_typesupport_fastrtps_cpp.hpp
-- Up-to-date symlink: /home/usman/ros2_ws/install/zed_msgs/include/zed_msgs/zed_msgs/msg/detail/plane_stamped__rosidl_typesupport_fastrtps_cpp.hpp
-- Up-to-date symlink: /home/usman/ros2_ws/install/zed_msgs/include/zed_msgs/zed_msgs/msg/detail/pos_track_status__rosidl_typesupport_fastrtps_cpp.hpp
-- Up-to-date symlink: /home/usman/ros2_ws/install/zed_msgs/include/zed_msgs/zed_msgs/msg/detail/skeleton2_d__rosidl_typesupport_fastrtps_cpp.hpp
-- Up-to-date symlink: /home/usman/ros2_ws/install/zed_msgs/include/zed_msgs/zed_msgs/msg/detail/skeleton3_d__rosidl_typesupport_fastrtps_cpp.hpp
-- Up-to-date symlink: /home/usman/ros2_ws/install/zed_msgs/include/zed_msgs/zed_msgs/msg/rosidl_typesupport_fastrtps_cpp__visibility_control.h
-- Up-to-date symlink: /home/usman/ros2_ws/install/zed_msgs/include/zed_msgs/zed_msgs/srv/detail/set_pose__rosidl_typesupport_fastrtps_cpp.hpp
-- Up-to-date symlink: /home/usman/ros2_ws/install/zed_msgs/include/zed_msgs/zed_msgs/srv/detail/set_roi__rosidl_typesupport_fastrtps_cpp.hpp
-- Up-to-date symlink: /home/usman/ros2_ws/install/zed_msgs/include/zed_msgs/zed_msgs/srv/detail/start_svo_rec__rosidl_typesupport_fastrtps_cpp.hpp
-- Up-to-date symlink: /home/usman/ros2_ws/install/zed_msgs/include/zed_msgs/zed_msgs/msg/detail/bounding_box2_df__rosidl_typesupport_introspection_c.h
-- Up-to-date symlink: /home/usman/ros2_ws/install/zed_msgs/include/zed_msgs/zed_msgs/msg/detail/bounding_box2_di__rosidl_typesupport_introspection_c.h
-- Up-to-date symlink: /home/usman/ros2_ws/install/zed_msgs/include/zed_msgs/zed_msgs/msg/detail/bounding_box3_d__rosidl_typesupport_introspection_c.h
-- Up-to-date symlink: /home/usman/ros2_ws/install/zed_msgs/include/zed_msgs/zed_msgs/msg/detail/depth_info_stamped__rosidl_typesupport_introspection_c.h
-- Up-to-date symlink: /home/usman/ros2_ws/install/zed_msgs/include/zed_msgs/zed_msgs/msg/detail/gnss_fusion_status__rosidl_typesupport_introspection_c.h
-- Up-to-date symlink: /home/usman/ros2_ws/install/zed_msgs/include/zed_msgs/zed_msgs/msg/detail/heartbeat__rosidl_typesupport_introspection_c.h
-- Up-to-date symlink: /home/usman/ros2_ws/install/zed_msgs/include/zed_msgs/zed_msgs/msg/detail/keypoint2_df__rosidl_typesupport_introspection_c.h
-- Up-to-date symlink: /home/usman/ros2_ws/install/zed_msgs/include/zed_msgs/zed_msgs/msg/detail/keypoint2_di__rosidl_typesupport_introspection_c.h
-- Up-to-date symlink: /home/usman/ros2_ws/install/zed_msgs/include/zed_msgs/zed_msgs/msg/detail/keypoint3_d__rosidl_typesupport_introspection_c.h
-- Up-to-date symlink: /home/usman/ros2_ws/install/zed_msgs/include/zed_msgs/zed_msgs/msg/detail/mag_heading_status__rosidl_typesupport_introspection_c.h
-- Up-to-date symlink: /home/usman/ros2_ws/install/zed_msgs/include/zed_msgs/zed_msgs/msg/detail/object__rosidl_typesupport_introspection_c.h
-- Up-to-date symlink: /home/usman/ros2_ws/install/zed_msgs/include/zed_msgs/zed_msgs/msg/detail/objects_stamped__rosidl_typesupport_introspection_c.h
-- Up-to-date symlink: /home/usman/ros2_ws/install/zed_msgs/include/zed_msgs/zed_msgs/msg/detail/plane_stamped__rosidl_typesupport_introspection_c.h
-- Up-to-date symlink: /home/usman/ros2_ws/install/zed_msgs/include/zed_msgs/zed_msgs/msg/detail/pos_track_status__rosidl_typesupport_introspection_c.h
-- Up-to-date symlink: /home/usman/ros2_ws/install/zed_msgs/include/zed_msgs/zed_msgs/msg/detail/skeleton2_d__rosidl_typesupport_introspection_c.h
-- Up-to-date symlink: /home/usman/ros2_ws/install/zed_msgs/include/zed_msgs/zed_msgs/msg/detail/skeleton3_d__rosidl_typesupport_introspection_c.h
-- Up-to-date symlink: /home/usman/ros2_ws/install/zed_msgs/include/zed_msgs/zed_msgs/msg/rosidl_typesupport_introspection_c__visibility_control.h
-- Up-to-date symlink: /home/usman/ros2_ws/install/zed_msgs/include/zed_msgs/zed_msgs/srv/detail/set_pose__rosidl_typesupport_introspection_c.h
-- Up-to-date symlink: /home/usman/ros2_ws/install/zed_msgs/include/zed_msgs/zed_msgs/srv/detail/set_roi__rosidl_typesupport_introspection_c.h
-- Up-to-date symlink: /home/usman/ros2_ws/install/zed_msgs/include/zed_msgs/zed_msgs/srv/detail/start_svo_rec__rosidl_typesupport_introspection_c.h
-- Up-to-date symlink: /home/usman/ros2_ws/install/zed_msgs/include/zed_msgs/zed_msgs/msg/detail/bounding_box2_df__rosidl_typesupport_introspection_cpp.hpp
-- Up-to-date symlink: /home/usman/ros2_ws/install/zed_msgs/include/zed_msgs/zed_msgs/msg/detail/bounding_box2_di__rosidl_typesupport_introspection_cpp.hpp
-- Up-to-date symlink: /home/usman/ros2_ws/install/zed_msgs/include/zed_msgs/zed_msgs/msg/detail/bounding_box3_d__rosidl_typesupport_introspection_cpp.hpp
-- Up-to-date symlink: /home/usman/ros2_ws/install/zed_msgs/include/zed_msgs/zed_msgs/msg/detail/depth_info_stamped__rosidl_typesupport_introspection_cpp.hpp
-- Up-to-date symlink: /home/usman/ros2_ws/install/zed_msgs/include/zed_msgs/zed_msgs/msg/detail/gnss_fusion_status__rosidl_typesupport_introspection_cpp.hpp
-- Up-to-date symlink: /home/usman/ros2_ws/install/zed_msgs/include/zed_msgs/zed_msgs/msg/detail/heartbeat__rosidl_typesupport_introspection_cpp.hpp
-- Up-to-date symlink: /home/usman/ros2_ws/install/zed_msgs/include/zed_msgs/zed_msgs/msg/detail/keypoint2_df__rosidl_typesupport_introspection_cpp.hpp
-- Up-to-date symlink: /home/usman/ros2_ws/install/zed_msgs/include/zed_msgs/zed_msgs/msg/detail/keypoint2_di__rosidl_typesupport_introspection_cpp.hpp
-- Up-to-date symlink: /home/usman/ros2_ws/install/zed_msgs/include/zed_msgs/zed_msgs/msg/detail/keypoint3_d__rosidl_typesupport_introspection_cpp.hpp
-- Up-to-date symlink: /home/usman/ros2_ws/install/zed_msgs/include/zed_msgs/zed_msgs/msg/detail/mag_heading_status__rosidl_typesupport_introspection_cpp.hpp
-- Up-to-date symlink: /home/usman/ros2_ws/install/zed_msgs/include/zed_msgs/zed_msgs/msg/detail/object__rosidl_typesupport_introspection_cpp.hpp
-- Up-to-date symlink: /home/usman/ros2_ws/install/zed_msgs/include/zed_msgs/zed_msgs/msg/detail/objects_stamped__rosidl_typesupport_introspection_cpp.hpp
-- Up-to-date symlink: /home/usman/ros2_ws/install/zed_msgs/include/zed_msgs/zed_msgs/msg/detail/plane_stamped__rosidl_typesupport_introspection_cpp.hpp
-- Up-to-date symlink: /home/usman/ros2_ws/install/zed_msgs/include/zed_msgs/zed_msgs/msg/detail/pos_track_status__rosidl_typesupport_introspection_cpp.hpp
-- Up-to-date symlink: /home/usman/ros2_ws/install/zed_msgs/include/zed_msgs/zed_msgs/msg/detail/skeleton2_d__rosidl_typesupport_introspection_cpp.hpp
-- Up-to-date symlink: /home/usman/ros2_ws/install/zed_msgs/include/zed_msgs/zed_msgs/msg/detail/skeleton3_d__rosidl_typesupport_introspection_cpp.hpp
-- Up-to-date symlink: /home/usman/ros2_ws/install/zed_msgs/include/zed_msgs/zed_msgs/srv/detail/set_pose__rosidl_typesupport_introspection_cpp.hpp
-- Up-to-date symlink: /home/usman/ros2_ws/install/zed_msgs/include/zed_msgs/zed_msgs/srv/detail/set_roi__rosidl_typesupport_introspection_cpp.hpp
-- Up-to-date symlink: /home/usman/ros2_ws/install/zed_msgs/include/zed_msgs/zed_msgs/srv/detail/start_svo_rec__rosidl_typesupport_introspection_cpp.hpp
-- Up-to-date symlink: /home/usman/ros2_ws/install/zed_msgs/share/zed_msgs/environment/pythonpath.sh
-- Up-to-date symlink: /home/usman/ros2_ws/install/zed_msgs/share/zed_msgs/environment/pythonpath.dsv
-- Up-to-date symlink: /home/usman/ros2_ws/install/zed_msgs/local/lib/python3.10/dist-packages/zed_msgs-4.2.1-py3.10.egg-info/PKG-INFO
-- Up-to-date symlink: /home/usman/ros2_ws/install/zed_msgs/local/lib/python3.10/dist-packages/zed_msgs-4.2.1-py3.10.egg-info/SOURCES.txt
-- Up-to-date symlink: /home/usman/ros2_ws/install/zed_msgs/local/lib/python3.10/dist-packages/zed_msgs-4.2.1-py3.10.egg-info/dependency_links.txt
-- Up-to-date symlink: /home/usman/ros2_ws/install/zed_msgs/local/lib/python3.10/dist-packages/zed_msgs-4.2.1-py3.10.egg-info/top_level.txt
-- Up-to-date symlink: /home/usman/ros2_ws/install/zed_msgs/local/lib/python3.10/dist-packages/zed_msgs/__init__.py
-- Up-to-date symlink: /home/usman/ros2_ws/install/zed_msgs/local/lib/python3.10/dist-packages/zed_msgs/_zed_msgs_s.ep.rosidl_typesupport_c.c
-- Up-to-date symlink: /home/usman/ros2_ws/install/zed_msgs/local/lib/python3.10/dist-packages/zed_msgs/_zed_msgs_s.ep.rosidl_typesupport_fastrtps_c.c
-- Up-to-date symlink: /home/usman/ros2_ws/install/zed_msgs/local/lib/python3.10/dist-packages/zed_msgs/_zed_msgs_s.ep.rosidl_typesupport_introspection_c.c
-- Up-to-date symlink: /home/usman/ros2_ws/install/zed_msgs/local/lib/python3.10/dist-packages/zed_msgs/libzed_msgs__rosidl_generator_py.so
-- Up-to-date symlink: /home/usman/ros2_ws/install/zed_msgs/local/lib/python3.10/dist-packages/zed_msgs/msg/__init__.py
-- Up-to-date symlink: /home/usman/ros2_ws/install/zed_msgs/local/lib/python3.10/dist-packages/zed_msgs/msg/_bounding_box2_df.py
-- Up-to-date symlink: /home/usman/ros2_ws/install/zed_msgs/local/lib/python3.10/dist-packages/zed_msgs/msg/_bounding_box2_df_s.c
-- Up-to-date symlink: /home/usman/ros2_ws/install/zed_msgs/local/lib/python3.10/dist-packages/zed_msgs/msg/_bounding_box2_di.py
-- Up-to-date symlink: /home/usman/ros2_ws/install/zed_msgs/local/lib/python3.10/dist-packages/zed_msgs/msg/_bounding_box2_di_s.c
-- Up-to-date symlink: /home/usman/ros2_ws/install/zed_msgs/local/lib/python3.10/dist-packages/zed_msgs/msg/_bounding_box3_d.py
-- Up-to-date symlink: /home/usman/ros2_ws/install/zed_msgs/local/lib/python3.10/dist-packages/zed_msgs/msg/_bounding_box3_d_s.c
-- Up-to-date symlink: /home/usman/ros2_ws/install/zed_msgs/local/lib/python3.10/dist-packages/zed_msgs/msg/_depth_info_stamped.py
-- Up-to-date symlink: /home/usman/ros2_ws/install/zed_msgs/local/lib/python3.10/dist-packages/zed_msgs/msg/_depth_info_stamped_s.c
-- Up-to-date symlink: /home/usman/ros2_ws/install/zed_msgs/local/lib/python3.10/dist-packages/zed_msgs/msg/_gnss_fusion_status.py
-- Up-to-date symlink: /home/usman/ros2_ws/install/zed_msgs/local/lib/python3.10/dist-packages/zed_msgs/msg/_gnss_fusion_status_s.c
-- Up-to-date symlink: /home/usman/ros2_ws/install/zed_msgs/local/lib/python3.10/dist-packages/zed_msgs/msg/_heartbeat.py
-- Up-to-date symlink: /home/usman/ros2_ws/install/zed_msgs/local/lib/python3.10/dist-packages/zed_msgs/msg/_heartbeat_s.c
-- Up-to-date symlink: /home/usman/ros2_ws/install/zed_msgs/local/lib/python3.10/dist-packages/zed_msgs/msg/_keypoint2_df.py
-- Up-to-date symlink: /home/usman/ros2_ws/install/zed_msgs/local/lib/python3.10/dist-packages/zed_msgs/msg/_keypoint2_df_s.c
-- Up-to-date symlink: /home/usman/ros2_ws/install/zed_msgs/local/lib/python3.10/dist-packages/zed_msgs/msg/_keypoint2_di.py
-- Up-to-date symlink: /home/usman/ros2_ws/install/zed_msgs/local/lib/python3.10/dist-packages/zed_msgs/msg/_keypoint2_di_s.c
-- Up-to-date symlink: /home/usman/ros2_ws/install/zed_msgs/local/lib/python3.10/dist-packages/zed_msgs/msg/_keypoint3_d.py
-- Up-to-date symlink: /home/usman/ros2_ws/install/zed_msgs/local/lib/python3.10/dist-packages/zed_msgs/msg/_keypoint3_d_s.c
-- Up-to-date symlink: /home/usman/ros2_ws/install/zed_msgs/local/lib/python3.10/dist-packages/zed_msgs/msg/_mag_heading_status.py
-- Up-to-date symlink: /home/usman/ros2_ws/install/zed_msgs/local/lib/python3.10/dist-packages/zed_msgs/msg/_mag_heading_status_s.c
-- Up-to-date symlink: /home/usman/ros2_ws/install/zed_msgs/local/lib/python3.10/dist-packages/zed_msgs/msg/_object.py
-- Up-to-date symlink: /home/usman/ros2_ws/install/zed_msgs/local/lib/python3.10/dist-packages/zed_msgs/msg/_object_s.c
-- Up-to-date symlink: /home/usman/ros2_ws/install/zed_msgs/local/lib/python3.10/dist-packages/zed_msgs/msg/_objects_stamped.py
-- Up-to-date symlink: /home/usman/ros2_ws/install/zed_msgs/local/lib/python3.10/dist-packages/zed_msgs/msg/_objects_stamped_s.c
-- Up-to-date symlink: /home/usman/ros2_ws/install/zed_msgs/local/lib/python3.10/dist-packages/zed_msgs/msg/_plane_stamped.py
-- Up-to-date symlink: /home/usman/ros2_ws/install/zed_msgs/local/lib/python3.10/dist-packages/zed_msgs/msg/_plane_stamped_s.c
-- Up-to-date symlink: /home/usman/ros2_ws/install/zed_msgs/local/lib/python3.10/dist-packages/zed_msgs/msg/_pos_track_status.py
-- Up-to-date symlink: /home/usman/ros2_ws/install/zed_msgs/local/lib/python3.10/dist-packages/zed_msgs/msg/_pos_track_status_s.c
-- Up-to-date symlink: /home/usman/ros2_ws/install/zed_msgs/local/lib/python3.10/dist-packages/zed_msgs/msg/_skeleton2_d.py
-- Up-to-date symlink: /home/usman/ros2_ws/install/zed_msgs/local/lib/python3.10/dist-packages/zed_msgs/msg/_skeleton2_d_s.c
-- Up-to-date symlink: /home/usman/ros2_ws/install/zed_msgs/local/lib/python3.10/dist-packages/zed_msgs/msg/_skeleton3_d.py
-- Up-to-date symlink: /home/usman/ros2_ws/install/zed_msgs/local/lib/python3.10/dist-packages/zed_msgs/msg/_skeleton3_d_s.c
-- Up-to-date symlink: /home/usman/ros2_ws/install/zed_msgs/local/lib/python3.10/dist-packages/zed_msgs/srv/__init__.py
-- Up-to-date symlink: /home/usman/ros2_ws/install/zed_msgs/local/lib/python3.10/dist-packages/zed_msgs/srv/_set_pose.py
-- Up-to-date symlink: /home/usman/ros2_ws/install/zed_msgs/local/lib/python3.10/dist-packages/zed_msgs/srv/_set_pose_s.c
-- Up-to-date symlink: /home/usman/ros2_ws/install/zed_msgs/local/lib/python3.10/dist-packages/zed_msgs/srv/_set_roi.py
-- Up-to-date symlink: /home/usman/ros2_ws/install/zed_msgs/local/lib/python3.10/dist-packages/zed_msgs/srv/_set_roi_s.c
-- Up-to-date symlink: /home/usman/ros2_ws/install/zed_msgs/local/lib/python3.10/dist-packages/zed_msgs/srv/_start_svo_rec.py
-- Up-to-date symlink: /home/usman/ros2_ws/install/zed_msgs/local/lib/python3.10/dist-packages/zed_msgs/srv/_start_svo_rec_s.c
-- Up-to-date symlink: /home/usman/ros2_ws/install/zed_msgs/local/lib/python3.10/dist-packages/zed_msgs/zed_msgs_s__rosidl_typesupport_c.cpython-310-x86_64-linux-gnu.so
-- Up-to-date symlink: /home/usman/ros2_ws/install/zed_msgs/local/lib/python3.10/dist-packages/zed_msgs/zed_msgs_s__rosidl_typesupport_fastrtps_c.cpython-310-x86_64-linux-gnu.so
-- Up-to-date symlink: /home/usman/ros2_ws/install/zed_msgs/local/lib/python3.10/dist-packages/zed_msgs/zed_msgs_s__rosidl_typesupport_introspection_c.cpython-310-x86_64-linux-gnu.so
-- Up-to-date symlink: /home/usman/ros2_ws/install/zed_msgs/local/lib/python3.10/dist-packages/zed_msgs/zed_msgs_s__rosidl_typesupport_fastrtps_c.cpython-310-x86_64-linux-gnu.so
-- Up-to-date symlink: /home/usman/ros2_ws/install/zed_msgs/local/lib/python3.10/dist-packages/zed_msgs/zed_msgs_s__rosidl_typesupport_introspection_c.cpython-310-x86_64-linux-gnu.so
-- Up-to-date symlink: /home/usman/ros2_ws/install/zed_msgs/local/lib/python3.10/dist-packages/zed_msgs/zed_msgs_s__rosidl_typesupport_c.cpython-310-x86_64-linux-gnu.so
-- Up-to-date symlink: /home/usman/ros2_ws/install/zed_msgs/share/zed_msgs/msg/Object.idl
-- Up-to-date symlink: /home/usman/ros2_ws/install/zed_msgs/share/zed_msgs/msg/ObjectsStamped.idl
-- Up-to-date symlink: /home/usman/ros2_ws/install/zed_msgs/share/zed_msgs/msg/Keypoint2Di.idl
-- Up-to-date symlink: /home/usman/ros2_ws/install/zed_msgs/share/zed_msgs/msg/Keypoint2Df.idl
-- Up-to-date symlink: /home/usman/ros2_ws/install/zed_msgs/share/zed_msgs/msg/Keypoint3D.idl
-- Up-to-date symlink: /home/usman/ros2_ws/install/zed_msgs/share/zed_msgs/msg/BoundingBox2Di.idl
-- Up-to-date symlink: /home/usman/ros2_ws/install/zed_msgs/share/zed_msgs/msg/BoundingBox2Df.idl
-- Up-to-date symlink: /home/usman/ros2_ws/install/zed_msgs/share/zed_msgs/msg/BoundingBox3D.idl
-- Up-to-date symlink: /home/usman/ros2_ws/install/zed_msgs/share/zed_msgs/msg/Skeleton2D.idl
-- Up-to-date symlink: /home/usman/ros2_ws/install/zed_msgs/share/zed_msgs/msg/Skeleton3D.idl
-- Up-to-date symlink: /home/usman/ros2_ws/install/zed_msgs/share/zed_msgs/msg/DepthInfoStamped.idl
-- Up-to-date symlink: /home/usman/ros2_ws/install/zed_msgs/share/zed_msgs/msg/PlaneStamped.idl
-- Up-to-date symlink: /home/usman/ros2_ws/install/zed_msgs/share/zed_msgs/msg/PosTrackStatus.idl
-- Up-to-date symlink: /home/usman/ros2_ws/install/zed_msgs/share/zed_msgs/msg/GnssFusionStatus.idl
-- Up-to-date symlink: /home/usman/ros2_ws/install/zed_msgs/share/zed_msgs/msg/Heartbeat.idl
-- Up-to-date symlink: /home/usman/ros2_ws/install/zed_msgs/share/zed_msgs/msg/MagHeadingStatus.idl
-- Up-to-date symlink: /home/usman/ros2_ws/install/zed_msgs/share/zed_msgs/srv/SetPose.idl
-- Up-to-date symlink: /home/usman/ros2_ws/install/zed_msgs/share/zed_msgs/srv/StartSvoRec.idl
-- Up-to-date symlink: /home/usman/ros2_ws/install/zed_msgs/share/zed_msgs/srv/SetROI.idl
-- Up-to-date symlink: /home/usman/ros2_ws/install/zed_msgs/share/zed_msgs/msg/Object.msg
-- Up-to-date symlink: /home/usman/ros2_ws/install/zed_msgs/share/zed_msgs/msg/ObjectsStamped.msg
-- Up-to-date symlink: /home/usman/ros2_ws/install/zed_msgs/share/zed_msgs/msg/Keypoint2Di.msg
-- Up-to-date symlink: /home/usman/ros2_ws/install/zed_msgs/share/zed_msgs/msg/Keypoint2Df.msg
-- Up-to-date symlink: /home/usman/ros2_ws/install/zed_msgs/share/zed_msgs/msg/Keypoint3D.msg
-- Up-to-date symlink: /home/usman/ros2_ws/install/zed_msgs/share/zed_msgs/msg/BoundingBox2Di.msg
-- Up-to-date symlink: /home/usman/ros2_ws/install/zed_msgs/share/zed_msgs/msg/BoundingBox2Df.msg
-- Up-to-date symlink: /home/usman/ros2_ws/install/zed_msgs/share/zed_msgs/msg/BoundingBox3D.msg
-- Up-to-date symlink: /home/usman/ros2_ws/install/zed_msgs/share/zed_msgs/msg/Skeleton2D.msg
-- Up-to-date symlink: /home/usman/ros2_ws/install/zed_msgs/share/zed_msgs/msg/Skeleton3D.msg
-- Up-to-date symlink: /home/usman/ros2_ws/install/zed_msgs/share/zed_msgs/msg/DepthInfoStamped.msg
-- Up-to-date symlink: /home/usman/ros2_ws/install/zed_msgs/share/zed_msgs/msg/PlaneStamped.msg
-- Up-to-date symlink: /home/usman/ros2_ws/install/zed_msgs/share/zed_msgs/msg/PosTrackStatus.msg
-- Up-to-date symlink: /home/usman/ros2_ws/install/zed_msgs/share/zed_msgs/msg/GnssFusionStatus.msg
-- Up-to-date symlink: /home/usman/ros2_ws/install/zed_msgs/share/zed_msgs/msg/Heartbeat.msg
-- Up-to-date symlink: /home/usman/ros2_ws/install/zed_msgs/share/zed_msgs/msg/MagHeadingStatus.msg
-- Up-to-date symlink: /home/usman/ros2_ws/install/zed_msgs/share/zed_msgs/srv/SetPose.srv
-- Up-to-date symlink: /home/usman/ros2_ws/install/zed_msgs/share/zed_msgs/srv/SetPose_Request.msg
-- Up-to-date symlink: /home/usman/ros2_ws/install/zed_msgs/share/zed_msgs/srv/SetPose_Response.msg
-- Up-to-date symlink: /home/usman/ros2_ws/install/zed_msgs/share/zed_msgs/srv/StartSvoRec.srv
-- Up-to-date symlink: /home/usman/ros2_ws/install/zed_msgs/share/zed_msgs/srv/StartSvoRec_Request.msg
-- Up-to-date symlink: /home/usman/ros2_ws/install/zed_msgs/share/zed_msgs/srv/StartSvoRec_Response.msg
-- Up-to-date symlink: /home/usman/ros2_ws/install/zed_msgs/share/zed_msgs/srv/SetROI.srv
-- Up-to-date symlink: /home/usman/ros2_ws/install/zed_msgs/share/zed_msgs/srv/SetROI_Request.msg
-- Up-to-date symlink: /home/usman/ros2_ws/install/zed_msgs/share/zed_msgs/srv/SetROI_Response.msg
-- Up-to-date symlink: /home/usman/ros2_ws/install/zed_msgs/share/zed_msgs/meshes/virtual.stl
-- Up-to-date symlink: /home/usman/ros2_ws/install/zed_msgs/share/zed_msgs/meshes/zed.stl
-- Up-to-date symlink: /home/usman/ros2_ws/install/zed_msgs/share/zed_msgs/meshes/zed2.stl
-- Up-to-date symlink: /home/usman/ros2_ws/install/zed_msgs/share/zed_msgs/meshes/zed2i.stl
-- Up-to-date symlink: /home/usman/ros2_ws/install/zed_msgs/share/zed_msgs/meshes/zedm.stl
-- Up-to-date symlink: /home/usman/ros2_ws/install/zed_msgs/share/zed_msgs/meshes/zedx.stl
-- Up-to-date symlink: /home/usman/ros2_ws/install/zed_msgs/share/zed_msgs/meshes/zedxm.stl
-- Up-to-date symlink: /home/usman/ros2_ws/install/zed_msgs/share/zed_msgs/meshes/zedxone4k.stl
-- Up-to-date symlink: /home/usman/ros2_ws/install/zed_msgs/share/zed_msgs/meshes/zedxonegs.stl
-- Up-to-date symlink: /home/usman/ros2_ws/install/zed_msgs/share/ament_index/resource_index/package_run_dependencies/zed_msgs
-- Up-to-date symlink: /home/usman/ros2_ws/install/zed_msgs/share/ament_index/resource_index/parent_prefix_path/zed_msgs
-- Up-to-date symlink: /home/usman/ros2_ws/install/zed_msgs/share/zed_msgs/environment/ament_prefix_path.sh
-- Up-to-date symlink: /home/usman/ros2_ws/install/zed_msgs/share/zed_msgs/environment/ament_prefix_path.dsv
-- Up-to-date symlink: /home/usman/ros2_ws/install/zed_msgs/share/zed_msgs/environment/path.sh
-- Up-to-date symlink: /home/usman/ros2_ws/install/zed_msgs/share/zed_msgs/environment/path.dsv
-- Up-to-date symlink: /home/usman/ros2_ws/install/zed_msgs/share/zed_msgs/local_setup.bash
-- Up-to-date symlink: /home/usman/ros2_ws/install/zed_msgs/share/zed_msgs/local_setup.sh
-- Up-to-date symlink: /home/usman/ros2_ws/install/zed_msgs/share/zed_msgs/local_setup.zsh
-- Up-to-date symlink: /home/usman/ros2_ws/install/zed_msgs/share/zed_msgs/local_setup.dsv
-- Symlinking: /home/usman/ros2_ws/install/zed_msgs/share/zed_msgs/package.dsv
-- Up-to-date symlink: /home/usman/ros2_ws/install/zed_msgs/share/ament_index/resource_index/packages/zed_msgs
-- Up-to-date symlink: /home/usman/ros2_ws/install/zed_msgs/share/zed_msgs/cmake/rosidl_cmake-extras.cmake
-- Up-to-date symlink: /home/usman/ros2_ws/install/zed_msgs/share/zed_msgs/cmake/ament_cmake_export_dependencies-extras.cmake
-- Up-to-date symlink: /home/usman/ros2_ws/install/zed_msgs/share/zed_msgs/cmake/ament_cmake_export_include_directories-extras.cmake
-- Up-to-date symlink: /home/usman/ros2_ws/install/zed_msgs/share/zed_msgs/cmake/ament_cmake_export_libraries-extras.cmake
-- Up-to-date symlink: /home/usman/ros2_ws/install/zed_msgs/share/zed_msgs/cmake/ament_cmake_export_targets-extras.cmake
-- Up-to-date symlink: /home/usman/ros2_ws/install/zed_msgs/share/zed_msgs/cmake/rosidl_cmake_export_typesupport_targets-extras.cmake
-- Up-to-date symlink: /home/usman/ros2_ws/install/zed_msgs/share/zed_msgs/cmake/rosidl_cmake_export_typesupport_libraries-extras.cmake
-- Up-to-date symlink: /home/usman/ros2_ws/install/zed_msgs/share/zed_msgs/cmake/zed_msgsConfig.cmake
-- Up-to-date symlink: /home/usman/ros2_ws/install/zed_msgs/share/zed_msgs/cmake/zed_msgsConfig-version.cmake
-- Up-to-date symlink: /home/usman/ros2_ws/install/zed_msgs/share/zed_msgs/package.xml
-- Up-to-date: /home/usman/ros2_ws/install/zed_msgs/lib/libzed_msgs__rosidl_generator_c.so
-- Up-to-date: /home/usman/ros2_ws/install/zed_msgs/lib/libzed_msgs__rosidl_typesupport_fastrtps_c.so
-- Up-to-date: /home/usman/ros2_ws/install/zed_msgs/lib/libzed_msgs__rosidl_typesupport_fastrtps_cpp.so
-- Up-to-date: /home/usman/ros2_ws/install/zed_msgs/lib/libzed_msgs__rosidl_typesupport_introspection_c.so
-- Up-to-date: /home/usman/ros2_ws/install/zed_msgs/lib/libzed_msgs__rosidl_typesupport_c.so
-- Up-to-date: /home/usman/ros2_ws/install/zed_msgs/lib/libzed_msgs__rosidl_typesupport_introspection_cpp.so
-- Up-to-date: /home/usman/ros2_ws/install/zed_msgs/lib/libzed_msgs__rosidl_typesupport_cpp.so
Listing '/home/usman/ros2_ws/install/zed_msgs/local/lib/python3.10/dist-packages/zed_msgs'...
Listing '/home/usman/ros2_ws/install/zed_msgs/local/lib/python3.10/dist-packages/zed_msgs/msg'...
Listing '/home/usman/ros2_ws/install/zed_msgs/local/lib/python3.10/dist-packages/zed_msgs/srv'...
-- Up-to-date: /home/usman/ros2_ws/install/zed_msgs/lib/libzed_msgs__rosidl_generator_py.so
-- Up-to-date: /home/usman/ros2_ws/install/zed_msgs/share/zed_msgs/cmake/export_zed_msgs__rosidl_generator_cExport.cmake
-- Up-to-date: /home/usman/ros2_ws/install/zed_msgs/share/zed_msgs/cmake/export_zed_msgs__rosidl_generator_cExport-release.cmake
-- Up-to-date: /home/usman/ros2_ws/install/zed_msgs/share/zed_msgs/cmake/export_zed_msgs__rosidl_typesupport_fastrtps_cExport.cmake
-- Up-to-date: /home/usman/ros2_ws/install/zed_msgs/share/zed_msgs/cmake/export_zed_msgs__rosidl_typesupport_fastrtps_cExport-release.cmake
-- Up-to-date: /home/usman/ros2_ws/install/zed_msgs/share/zed_msgs/cmake/export_zed_msgs__rosidl_generator_cppExport.cmake
-- Up-to-date: /home/usman/ros2_ws/install/zed_msgs/share/zed_msgs/cmake/export_zed_msgs__rosidl_typesupport_fastrtps_cppExport.cmake
-- Up-to-date: /home/usman/ros2_ws/install/zed_msgs/share/zed_msgs/cmake/export_zed_msgs__rosidl_typesupport_fastrtps_cppExport-release.cmake
-- Up-to-date: /home/usman/ros2_ws/install/zed_msgs/share/zed_msgs/cmake/zed_msgs__rosidl_typesupport_introspection_cExport.cmake
-- Up-to-date: /home/usman/ros2_ws/install/zed_msgs/share/zed_msgs/cmake/zed_msgs__rosidl_typesupport_introspection_cExport-release.cmake
-- Up-to-date: /home/usman/ros2_ws/install/zed_msgs/share/zed_msgs/cmake/zed_msgs__rosidl_typesupport_cExport.cmake
-- Up-to-date: /home/usman/ros2_ws/install/zed_msgs/share/zed_msgs/cmake/zed_msgs__rosidl_typesupport_cExport-release.cmake
-- Up-to-date: /home/usman/ros2_ws/install/zed_msgs/share/zed_msgs/cmake/zed_msgs__rosidl_typesupport_introspection_cppExport.cmake
-- Up-to-date: /home/usman/ros2_ws/install/zed_msgs/share/zed_msgs/cmake/zed_msgs__rosidl_typesupport_introspection_cppExport-release.cmake
-- Up-to-date: /home/usman/ros2_ws/install/zed_msgs/share/zed_msgs/cmake/zed_msgs__rosidl_typesupport_cppExport.cmake
-- Up-to-date: /home/usman/ros2_ws/install/zed_msgs/share/zed_msgs/cmake/zed_msgs__rosidl_typesupport_cppExport-release.cmake
-- Up-to-date: /home/usman/ros2_ws/install/zed_msgs/share/zed_msgs/cmake/export_zed_msgs__rosidl_generator_pyExport.cmake
-- Up-to-date: /home/usman/ros2_ws/install/zed_msgs/share/zed_msgs/cmake/export_zed_msgs__rosidl_generator_pyExport-release.cmake
