/home/usman/.local/lib/python3.10/site-packages/setuptools/_distutils/dist.py:261: UserWarning: Unknown distribution option: 'tests_require'
  warnings.warn(msg)
running develop
/home/usman/.local/lib/python3.10/site-packages/setuptools/command/develop.py:41: EasyInstallDeprecationWarning: easy_install command is deprecated.
!!

        ********************************************************************************
        Please avoid running ``setup.py`` and ``easy_install``.
        Instead, use pypa/build, pypa/installer or other
        standards-based tools.

        See https://github.com/pypa/setuptools/issues/917 for details.
        ********************************************************************************

!!
  easy_install.initialize_options(self)
running egg_info
writing rgbd_converter.egg-info/PKG-INFO
writing dependency_links to rgbd_converter.egg-info/dependency_links.txt
writing entry points to rgbd_converter.egg-info/entry_points.txt
writing requirements to rgbd_converter.egg-info/requires.txt
writing top-level names to rgbd_converter.egg-info/top_level.txt
reading manifest file 'rgbd_converter.egg-info/SOURCES.txt'
writing manifest file 'rgbd_converter.egg-info/SOURCES.txt'
running build_ext
Creating /home/usman/ros2_ws/install/rgbd_converter/lib/python3.10/site-packages/rgbd-converter.egg-link (link to .)
Installing rgbd_node script to /home/usman/ros2_ws/install/rgbd_converter/lib/rgbd_converter

Installed /home/usman/ros2_ws/build/rgbd_converter
running symlink_data
