[0.871s] Invoking command in '/home/usman/ros2_ws/build/rgbd_converter': PYTHONPATH=/home/usman/ros2_ws/build/rgbd_converter/prefix_override:/usr/lib/python3/dist-packages/colcon_core/task/python/colcon_distutils_commands:/home/usman/ros2_ws/install/rgbd_converter/lib/python3.10/site-packages:${PYTHONPATH} /usr/bin/python3 -W ignore:setup.py install is deprecated setup.py develop --editable --build-directory /home/usman/ros2_ws/build/rgbd_converter/build --no-deps symlink_data
[0.964s] /home/usman/.local/lib/python3.10/site-packages/setuptools/_distutils/dist.py:261: UserWarning: Unknown distribution option: 'tests_require'
[0.964s]   warnings.warn(msg)
[1.051s] running develop
[1.051s] /home/usman/.local/lib/python3.10/site-packages/setuptools/command/develop.py:41: EasyInstallDeprecationWarning: easy_install command is deprecated.
[1.051s] !!
[1.051s] 
[1.051s]         ********************************************************************************
[1.051s]         Please avoid running ``setup.py`` and ``easy_install``.
[1.051s]         Instead, use pypa/build, pypa/installer or other
[1.051s]         standards-based tools.
[1.051s] 
[1.051s]         See https://github.com/pypa/setuptools/issues/917 for details.
[1.051s]         ********************************************************************************
[1.051s] 
[1.051s] !!
[1.051s]   easy_install.initialize_options(self)
[1.152s] running egg_info
[1.158s] writing rgbd_converter.egg-info/PKG-INFO
[1.159s] writing dependency_links to rgbd_converter.egg-info/dependency_links.txt
[1.159s] writing entry points to rgbd_converter.egg-info/entry_points.txt
[1.159s] writing requirements to rgbd_converter.egg-info/requires.txt
[1.159s] writing top-level names to rgbd_converter.egg-info/top_level.txt
[1.173s] reading manifest file 'rgbd_converter.egg-info/SOURCES.txt'
[1.174s] writing manifest file 'rgbd_converter.egg-info/SOURCES.txt'
[1.212s] running build_ext
[1.212s] Creating /home/usman/ros2_ws/install/rgbd_converter/lib/python3.10/site-packages/rgbd-converter.egg-link (link to .)
[1.212s] Installing rgbd_node script to /home/usman/ros2_ws/install/rgbd_converter/lib/rgbd_converter
[1.213s] 
[1.213s] Installed /home/usman/ros2_ws/build/rgbd_converter
[1.213s] running symlink_data
[1.236s] Invoked command in '/home/usman/ros2_ws/build/rgbd_converter' returned '0': PYTHONPATH=/home/usman/ros2_ws/build/rgbd_converter/prefix_override:/usr/lib/python3/dist-packages/colcon_core/task/python/colcon_distutils_commands:/home/usman/ros2_ws/install/rgbd_converter/lib/python3.10/site-packages:${PYTHONPATH} /usr/bin/python3 -W ignore:setup.py install is deprecated setup.py develop --editable --build-directory /home/usman/ros2_ws/build/rgbd_converter/build --no-deps symlink_data
