/home/usman/.local/lib/python3.10/site-packages/setuptools/_distutils/dist.py:261: UserWarning: Unknown distribution option: 'tests_require'
  warnings.warn(msg)
running develop
/home/usman/.local/lib/python3.10/site-packages/setuptools/command/develop.py:41: EasyInstallDeprecationWarning: easy_install command is deprecated.
!!

        ********************************************************************************
        Please avoid running ``setup.py`` and ``easy_install``.
        Instead, use pypa/build, pypa/installer or other
        standards-based tools.

        See https://github.com/pypa/setuptools/issues/917 for details.
        ********************************************************************************

!!
  easy_install.initialize_options(self)
Removing /home/usman/ros2_ws/install/rgbd_converter/lib/python3.10/site-packages/rgbd-converter.egg-link (link to .)
/home/usman/.local/lib/python3.10/site-packages/setuptools/_distutils/dist.py:261: UserWarning: Unknown distribution option: 'tests_require'
  warnings.warn(msg)
running egg_info
writing ../../build/rgbd_converter/rgbd_converter.egg-info/PKG-INFO
writing dependency_links to ../../build/rgbd_converter/rgbd_converter.egg-info/dependency_links.txt
writing entry points to ../../build/rgbd_converter/rgbd_converter.egg-info/entry_points.txt
writing requirements to ../../build/rgbd_converter/rgbd_converter.egg-info/requires.txt
writing top-level names to ../../build/rgbd_converter/rgbd_converter.egg-info/top_level.txt
reading manifest file '../../build/rgbd_converter/rgbd_converter.egg-info/SOURCES.txt'
writing manifest file '../../build/rgbd_converter/rgbd_converter.egg-info/SOURCES.txt'
running build
running build_py
creating /home/usman/ros2_ws/build/rgbd_converter/build/lib/rgbd_converter
copying rgbd_converter/rgbd_node.py -> /home/usman/ros2_ws/build/rgbd_converter/build/lib/rgbd_converter
copying rgbd_converter/__init__.py -> /home/usman/ros2_ws/build/rgbd_converter/build/lib/rgbd_converter
running install
running install_lib
creating /home/usman/ros2_ws/install/rgbd_converter/lib/python3.10/site-packages/rgbd_converter
copying /home/usman/ros2_ws/build/rgbd_converter/build/lib/rgbd_converter/rgbd_node.py -> /home/usman/ros2_ws/install/rgbd_converter/lib/python3.10/site-packages/rgbd_converter
copying /home/usman/ros2_ws/build/rgbd_converter/build/lib/rgbd_converter/__init__.py -> /home/usman/ros2_ws/install/rgbd_converter/lib/python3.10/site-packages/rgbd_converter
byte-compiling /home/usman/ros2_ws/install/rgbd_converter/lib/python3.10/site-packages/rgbd_converter/rgbd_node.py to rgbd_node.cpython-310.pyc
byte-compiling /home/usman/ros2_ws/install/rgbd_converter/lib/python3.10/site-packages/rgbd_converter/__init__.py to __init__.cpython-310.pyc
running install_data
copying resource/rgbd_converter -> /home/usman/ros2_ws/install/rgbd_converter/share/ament_index/resource_index/packages
copying package.xml -> /home/usman/ros2_ws/install/rgbd_converter/share/rgbd_converter
running install_egg_info
Copying ../../build/rgbd_converter/rgbd_converter.egg-info to /home/usman/ros2_ws/install/rgbd_converter/lib/python3.10/site-packages/rgbd_converter-0.0.0-py3.10.egg-info
running install_scripts
Installing rgbd_node script to /home/usman/ros2_ws/install/rgbd_converter/lib/rgbd_converter
writing list of installed files to '/home/usman/ros2_ws/build/rgbd_converter/install.log'
