[0.930s] Invoking command in '/home/usman/ros2_ws/build/rgbd_converter': PYTHONPATH=/home/usman/ros2_ws/build/rgbd_converter/prefix_override:/usr/lib/python3/dist-packages/colcon_core/task/python/colcon_distutils_commands:/home/usman/ros2_ws/install/rgbd_converter/lib/python3.10/site-packages:${PYTHONPATH} /usr/bin/python3 -W ignore:setup.py install is deprecated setup.py develop --uninstall --editable --build-directory /home/usman/ros2_ws/build/rgbd_converter/build
[1.021s] /home/usman/.local/lib/python3.10/site-packages/setuptools/_distutils/dist.py:261: UserWarning: Unknown distribution option: 'tests_require'
[1.021s]   warnings.warn(msg)
[1.103s] running develop
[1.104s] /home/usman/.local/lib/python3.10/site-packages/setuptools/command/develop.py:41: EasyInstallDeprecationWarning: easy_install command is deprecated.
[1.104s] !!
[1.104s] 
[1.104s]         ********************************************************************************
[1.104s]         Please avoid running ``setup.py`` and ``easy_install``.
[1.104s]         Instead, use pypa/build, pypa/installer or other
[1.104s]         standards-based tools.
[1.104s] 
[1.104s]         See https://github.com/pypa/setuptools/issues/917 for details.
[1.104s]         ********************************************************************************
[1.104s] 
[1.104s] !!
[1.104s]   easy_install.initialize_options(self)
[1.219s] Removing /home/usman/ros2_ws/install/rgbd_converter/lib/python3.10/site-packages/rgbd-converter.egg-link (link to .)
[1.245s] Invoked command in '/home/usman/ros2_ws/build/rgbd_converter' returned '0': PYTHONPATH=/home/usman/ros2_ws/build/rgbd_converter/prefix_override:/usr/lib/python3/dist-packages/colcon_core/task/python/colcon_distutils_commands:/home/usman/ros2_ws/install/rgbd_converter/lib/python3.10/site-packages:${PYTHONPATH} /usr/bin/python3 -W ignore:setup.py install is deprecated setup.py develop --uninstall --editable --build-directory /home/usman/ros2_ws/build/rgbd_converter/build
[1.246s] Invoking command in '/home/usman/ros2_ws/src/rgbd_converter': PYTHONPATH=/home/usman/ros2_ws/build/rgbd_converter/prefix_override:/usr/lib/python3/dist-packages/colcon_core/task/python/colcon_distutils_commands:/home/usman/ros2_ws/install/rgbd_converter/lib/python3.10/site-packages:${PYTHONPATH} /usr/bin/python3 -W ignore:setup.py install is deprecated setup.py egg_info --egg-base ../../build/rgbd_converter build --build-base /home/usman/ros2_ws/build/rgbd_converter/build install --record /home/usman/ros2_ws/build/rgbd_converter/install.log --single-version-externally-managed install_data --force
[1.384s] /home/usman/.local/lib/python3.10/site-packages/setuptools/_distutils/dist.py:261: UserWarning: Unknown distribution option: 'tests_require'
[1.384s]   warnings.warn(msg)
[1.463s] running egg_info
[1.470s] writing ../../build/rgbd_converter/rgbd_converter.egg-info/PKG-INFO
[1.471s] writing dependency_links to ../../build/rgbd_converter/rgbd_converter.egg-info/dependency_links.txt
[1.471s] writing entry points to ../../build/rgbd_converter/rgbd_converter.egg-info/entry_points.txt
[1.471s] writing requirements to ../../build/rgbd_converter/rgbd_converter.egg-info/requires.txt
[1.471s] writing top-level names to ../../build/rgbd_converter/rgbd_converter.egg-info/top_level.txt
[1.487s] reading manifest file '../../build/rgbd_converter/rgbd_converter.egg-info/SOURCES.txt'
[1.488s] writing manifest file '../../build/rgbd_converter/rgbd_converter.egg-info/SOURCES.txt'
[1.488s] running build
[1.488s] running build_py
[1.488s] creating /home/usman/ros2_ws/build/rgbd_converter/build/lib/rgbd_converter
[1.488s] copying rgbd_converter/rgbd_node.py -> /home/usman/ros2_ws/build/rgbd_converter/build/lib/rgbd_converter
[1.488s] copying rgbd_converter/__init__.py -> /home/usman/ros2_ws/build/rgbd_converter/build/lib/rgbd_converter
[1.488s] running install
[1.491s] running install_lib
[1.499s] creating /home/usman/ros2_ws/install/rgbd_converter/lib/python3.10/site-packages/rgbd_converter
[1.499s] copying /home/usman/ros2_ws/build/rgbd_converter/build/lib/rgbd_converter/rgbd_node.py -> /home/usman/ros2_ws/install/rgbd_converter/lib/python3.10/site-packages/rgbd_converter
[1.499s] copying /home/usman/ros2_ws/build/rgbd_converter/build/lib/rgbd_converter/__init__.py -> /home/usman/ros2_ws/install/rgbd_converter/lib/python3.10/site-packages/rgbd_converter
[1.500s] byte-compiling /home/usman/ros2_ws/install/rgbd_converter/lib/python3.10/site-packages/rgbd_converter/rgbd_node.py to rgbd_node.cpython-310.pyc
[1.500s] byte-compiling /home/usman/ros2_ws/install/rgbd_converter/lib/python3.10/site-packages/rgbd_converter/__init__.py to __init__.cpython-310.pyc
[1.500s] running install_data
[1.500s] copying resource/rgbd_converter -> /home/usman/ros2_ws/install/rgbd_converter/share/ament_index/resource_index/packages
[1.501s] copying package.xml -> /home/usman/ros2_ws/install/rgbd_converter/share/rgbd_converter
[1.501s] running install_egg_info
[1.509s] Copying ../../build/rgbd_converter/rgbd_converter.egg-info to /home/usman/ros2_ws/install/rgbd_converter/lib/python3.10/site-packages/rgbd_converter-0.0.0-py3.10.egg-info
[1.511s] running install_scripts
[1.586s] Installing rgbd_node script to /home/usman/ros2_ws/install/rgbd_converter/lib/rgbd_converter
[1.587s] writing list of installed files to '/home/usman/ros2_ws/build/rgbd_converter/install.log'
[1.603s] Invoked command in '/home/usman/ros2_ws/src/rgbd_converter' returned '0': PYTHONPATH=/home/usman/ros2_ws/build/rgbd_converter/prefix_override:/usr/lib/python3/dist-packages/colcon_core/task/python/colcon_distutils_commands:/home/usman/ros2_ws/install/rgbd_converter/lib/python3.10/site-packages:${PYTHONPATH} /usr/bin/python3 -W ignore:setup.py install is deprecated setup.py egg_info --egg-base ../../build/rgbd_converter build --build-base /home/usman/ros2_ws/build/rgbd_converter/build install --record /home/usman/ros2_ws/build/rgbd_converter/install.log --single-version-externally-managed install_data --force
