[0.900s] Invoking command in '/home/usman/ros2_ws/src/rgbd_observer': PYTHONPATH=/home/usman/ros2_ws/build/rgbd_observer/prefix_override:/usr/lib/python3/dist-packages/colcon_core/task/python/colcon_distutils_commands:/home/usman/ros2_ws/install/rgbd_observer/lib/python3.10/site-packages:${PYTHONPATH} /usr/bin/python3 -W ignore:setup.py install is deprecated setup.py egg_info --egg-base ../../build/rgbd_observer build --build-base /home/usman/ros2_ws/build/rgbd_observer/build install --record /home/usman/ros2_ws/build/rgbd_observer/install.log --single-version-externally-managed install_data
[0.994s] /home/usman/.local/lib/python3.10/site-packages/setuptools/_distutils/dist.py:261: UserWarning: Unknown distribution option: 'tests_require'
[0.994s]   warnings.warn(msg)
[1.046s] running egg_info
[1.055s] writing ../../build/rgbd_observer/rgbd_observer.egg-info/PKG-INFO
[1.056s] writing dependency_links to ../../build/rgbd_observer/rgbd_observer.egg-info/dependency_links.txt
[1.056s] writing entry points to ../../build/rgbd_observer/rgbd_observer.egg-info/entry_points.txt
[1.056s] writing requirements to ../../build/rgbd_observer/rgbd_observer.egg-info/requires.txt
[1.056s] writing top-level names to ../../build/rgbd_observer/rgbd_observer.egg-info/top_level.txt
[1.074s] reading manifest file '../../build/rgbd_observer/rgbd_observer.egg-info/SOURCES.txt'
[1.075s] writing manifest file '../../build/rgbd_observer/rgbd_observer.egg-info/SOURCES.txt'
[1.075s] running build
[1.075s] running build_py
[1.075s] copying rgbd_observer/rgbd_observer.py -> /home/usman/ros2_ws/build/rgbd_observer/build/lib/rgbd_observer
[1.075s] copying rgbd_observer/__init__.py -> /home/usman/ros2_ws/build/rgbd_observer/build/lib/rgbd_observer
[1.075s] running install
[1.078s] running install_lib
[1.088s] running install_data
[1.088s] copying resource/rgbd_observer -> /home/usman/ros2_ws/install/rgbd_observer/share/ament_index/resource_index/packages
[1.088s] copying package.xml -> /home/usman/ros2_ws/install/rgbd_observer/share/rgbd_observer
[1.088s] running install_egg_info
[1.100s] removing '/home/usman/ros2_ws/install/rgbd_observer/lib/python3.10/site-packages/rgbd_observer-0.0.0-py3.10.egg-info' (and everything under it)
[1.100s] Copying ../../build/rgbd_observer/rgbd_observer.egg-info to /home/usman/ros2_ws/install/rgbd_observer/lib/python3.10/site-packages/rgbd_observer-0.0.0-py3.10.egg-info
[1.100s] running install_scripts
[1.173s] Installing rgbd_observer script to /home/usman/ros2_ws/install/rgbd_observer/lib/rgbd_observer
[1.173s] writing list of installed files to '/home/usman/ros2_ws/build/rgbd_observer/install.log'
[1.191s] Invoked command in '/home/usman/ros2_ws/src/rgbd_observer' returned '0': PYTHONPATH=/home/usman/ros2_ws/build/rgbd_observer/prefix_override:/usr/lib/python3/dist-packages/colcon_core/task/python/colcon_distutils_commands:/home/usman/ros2_ws/install/rgbd_observer/lib/python3.10/site-packages:${PYTHONPATH} /usr/bin/python3 -W ignore:setup.py install is deprecated setup.py egg_info --egg-base ../../build/rgbd_observer build --build-base /home/usman/ros2_ws/build/rgbd_observer/build install --record /home/usman/ros2_ws/build/rgbd_observer/install.log --single-version-externally-managed install_data
