/home/usman/ros2_ws/install/zedm_to_BC/lib/python3.10/site-packages/zedm_to_BC/main.py
/home/usman/ros2_ws/install/zedm_to_BC/lib/python3.10/site-packages/zedm_to_BC/__init__.py
/home/usman/ros2_ws/install/zedm_to_BC/lib/python3.10/site-packages/zedm_to_BC/observation_logger/__init__.py
/home/usman/ros2_ws/install/zedm_to_BC/lib/python3.10/site-packages/zedm_to_BC/observation_logger/observation_logger.py
/home/usman/ros2_ws/install/zedm_to_BC/lib/python3.10/site-packages/zedm_to_BC/scripts/control_publisher.py
/home/usman/ros2_ws/install/zedm_to_BC/lib/python3.10/site-packages/zedm_to_BC/scripts/__init__.py
/home/usman/ros2_ws/install/zedm_to_BC/lib/python3.10/site-packages/zedm_to_BC/training/behavior_cloning_training.py
/home/usman/ros2_ws/install/zedm_to_BC/lib/python3.10/site-packages/zedm_to_BC/training/__init__.py
/home/usman/ros2_ws/install/zedm_to_BC/lib/python3.10/site-packages/zedm_to_BC/training/combine_data.py
/home/usman/ros2_ws/install/zedm_to_BC/lib/python3.10/site-packages/zedm_to_BC/models/behavior_cloning_model.py
/home/usman/ros2_ws/install/zedm_to_BC/lib/python3.10/site-packages/zedm_to_BC/models/__init__.py
/home/usman/ros2_ws/install/zedm_to_BC/lib/python3.10/site-packages/zedm_to_BC/__pycache__/main.cpython-310.pyc
/home/usman/ros2_ws/install/zedm_to_BC/lib/python3.10/site-packages/zedm_to_BC/__pycache__/__init__.cpython-310.pyc
/home/usman/ros2_ws/install/zedm_to_BC/lib/python3.10/site-packages/zedm_to_BC/observation_logger/__pycache__/__init__.cpython-310.pyc
/home/usman/ros2_ws/install/zedm_to_BC/lib/python3.10/site-packages/zedm_to_BC/observation_logger/__pycache__/observation_logger.cpython-310.pyc
/home/usman/ros2_ws/install/zedm_to_BC/lib/python3.10/site-packages/zedm_to_BC/scripts/__pycache__/control_publisher.cpython-310.pyc
/home/usman/ros2_ws/install/zedm_to_BC/lib/python3.10/site-packages/zedm_to_BC/scripts/__pycache__/__init__.cpython-310.pyc
/home/usman/ros2_ws/install/zedm_to_BC/lib/python3.10/site-packages/zedm_to_BC/training/__pycache__/behavior_cloning_training.cpython-310.pyc
/home/usman/ros2_ws/install/zedm_to_BC/lib/python3.10/site-packages/zedm_to_BC/training/__pycache__/__init__.cpython-310.pyc
/home/usman/ros2_ws/install/zedm_to_BC/lib/python3.10/site-packages/zedm_to_BC/training/__pycache__/combine_data.cpython-310.pyc
/home/usman/ros2_ws/install/zedm_to_BC/lib/python3.10/site-packages/zedm_to_BC/models/__pycache__/behavior_cloning_model.cpython-310.pyc
/home/usman/ros2_ws/install/zedm_to_BC/lib/python3.10/site-packages/zedm_to_BC/models/__pycache__/__init__.cpython-310.pyc
/home/usman/ros2_ws/install/zedm_to_BC/share/ament_index/resource_index/packages/zedm_to_BC
/home/usman/ros2_ws/install/zedm_to_BC/share/zedm_to_BC/package.xml
/home/usman/ros2_ws/install/zedm_to_BC/lib/python3.10/site-packages/zedm_to_BC-0.1.0-py3.10.egg-info/entry_points.txt
/home/usman/ros2_ws/install/zedm_to_BC/lib/python3.10/site-packages/zedm_to_BC-0.1.0-py3.10.egg-info/dependency_links.txt
/home/usman/ros2_ws/install/zedm_to_BC/lib/python3.10/site-packages/zedm_to_BC-0.1.0-py3.10.egg-info/top_level.txt
/home/usman/ros2_ws/install/zedm_to_BC/lib/python3.10/site-packages/zedm_to_BC-0.1.0-py3.10.egg-info/SOURCES.txt
/home/usman/ros2_ws/install/zedm_to_BC/lib/python3.10/site-packages/zedm_to_BC-0.1.0-py3.10.egg-info/requires.txt
/home/usman/ros2_ws/install/zedm_to_BC/lib/python3.10/site-packages/zedm_to_BC-0.1.0-py3.10.egg-info/PKG-INFO
/home/usman/ros2_ws/install/zedm_to_BC/lib/python3.10/site-packages/zedm_to_BC-0.1.0-py3.10.egg-info/zip-safe
/home/usman/ros2_ws/install/zedm_to_BC/lib/zedm_to_BC/logger
/home/usman/ros2_ws/install/zedm_to_BC/lib/zedm_to_BC/main
/home/usman/ros2_ws/install/zedm_to_BC/lib/zedm_to_BC/scripts
/home/usman/ros2_ws/install/zedm_to_BC/lib/zedm_to_BC/trainer
