[0.872s] Invoking command in '/home/usman/ros2_ws/build/rgbd_observer': PYTHONPATH=/home/usman/ros2_ws/build/rgbd_observer/prefix_override:/usr/lib/python3/dist-packages/colcon_core/task/python/colcon_distutils_commands:/home/usman/ros2_ws/install/rgbd_observer/lib/python3.10/site-packages:${PYTHONPATH} /usr/bin/python3 -W ignore:setup.py install is deprecated setup.py develop --editable --build-directory /home/usman/ros2_ws/build/rgbd_observer/build --no-deps symlink_data
[0.958s] /home/usman/.local/lib/python3.10/site-packages/setuptools/_distutils/dist.py:261: UserWarning: Unknown distribution option: 'tests_require'
[0.959s]   warnings.warn(msg)
[1.039s] running develop
[1.040s] /home/usman/.local/lib/python3.10/site-packages/setuptools/command/develop.py:41: EasyInstallDeprecationWarning: easy_install command is deprecated.
[1.040s] !!
[1.040s] 
[1.040s]         ********************************************************************************
[1.040s]         Please avoid running ``setup.py`` and ``easy_install``.
[1.040s]         Instead, use pypa/build, pypa/installer or other
[1.040s]         standards-based tools.
[1.040s] 
[1.040s]         See https://github.com/pypa/setuptools/issues/917 for details.
[1.040s]         ********************************************************************************
[1.040s] 
[1.040s] !!
[1.040s]   easy_install.initialize_options(self)
[1.140s] running egg_info
[1.147s] writing rgbd_observer.egg-info/PKG-INFO
[1.148s] writing dependency_links to rgbd_observer.egg-info/dependency_links.txt
[1.148s] writing entry points to rgbd_observer.egg-info/entry_points.txt
[1.148s] writing requirements to rgbd_observer.egg-info/requires.txt
[1.148s] writing top-level names to rgbd_observer.egg-info/top_level.txt
[1.163s] reading manifest file 'rgbd_observer.egg-info/SOURCES.txt'
[1.163s] writing manifest file 'rgbd_observer.egg-info/SOURCES.txt'
[1.201s] running build_ext
[1.201s] Creating /home/usman/ros2_ws/install/rgbd_observer/lib/python3.10/site-packages/rgbd-observer.egg-link (link to .)
[1.202s] Installing rgbd_observer script to /home/usman/ros2_ws/install/rgbd_observer/lib/rgbd_observer
[1.202s] 
[1.202s] Installed /home/usman/ros2_ws/build/rgbd_observer
[1.202s] running symlink_data
[1.226s] Invoked command in '/home/usman/ros2_ws/build/rgbd_observer' returned '0': PYTHONPATH=/home/usman/ros2_ws/build/rgbd_observer/prefix_override:/usr/lib/python3/dist-packages/colcon_core/task/python/colcon_distutils_commands:/home/usman/ros2_ws/install/rgbd_observer/lib/python3.10/site-packages:${PYTHONPATH} /usr/bin/python3 -W ignore:setup.py install is deprecated setup.py develop --editable --build-directory /home/usman/ros2_ws/build/rgbd_observer/build --no-deps symlink_data
