[0.019s] Invoking command in '/home/usman/ros2_ws/build/zed_components': CMAKE_PREFIX_PATH=/home/usman/ros2_ws/install/zed_msgs:/home/usman/ros2_ws/install/zed_ros2:/home/usman/ros2_ws/install/zed_wrapper:/home/usman/ros2_ws/install/zed_components:/home/usman/ros2_ws/install/zedm_to_BC:/home/usman/ros2_ws/install/rgbd_pdf_exporter:/home/usman/ros2_ws/install/rgbd_observer:/home/usman/ros2_ws/install/rgbd_converter:/home/usman/ros2_ws/install/pdf_to_matrix:/opt/ros/humble LD_LIBRARY_PATH=/home/usman/ros2_ws/install/zed_msgs/lib:/usr/local/cuda-12.1/lib64:/usr/lib/x86_64-linux-gnu:/usr/local/cuda-12.1/lib64:/usr/local/cuda-12.1/lib64:/usr/local/cuda-12.1/lib64:/usr/local/cuda-12.1/lib64:/usr/local/cuda-12.1/lib64:/usr/local/cuda-12.1/lib64:/usr/local/cuda-12.1/lib64:/usr/local/cuda-12.1/lib64:/home/usman/ros2_ws/install/zed_components/lib:/opt/ros/humble/opt/rviz_ogre_vendor/lib:/opt/ros/humble/lib/x86_64-linux-gnu:/opt/ros/humble/lib /usr/bin/cmake --build /home/usman/ros2_ws/build/zed_components -- -j16 -l16
[0.061s] [100%] Built target zed_camera_component
[0.068s] Invoked command in '/home/usman/ros2_ws/build/zed_components' returned '0': CMAKE_PREFIX_PATH=/home/usman/ros2_ws/install/zed_msgs:/home/usman/ros2_ws/install/zed_ros2:/home/usman/ros2_ws/install/zed_wrapper:/home/usman/ros2_ws/install/zed_components:/home/usman/ros2_ws/install/zedm_to_BC:/home/usman/ros2_ws/install/rgbd_pdf_exporter:/home/usman/ros2_ws/install/rgbd_observer:/home/usman/ros2_ws/install/rgbd_converter:/home/usman/ros2_ws/install/pdf_to_matrix:/opt/ros/humble LD_LIBRARY_PATH=/home/usman/ros2_ws/install/zed_msgs/lib:/usr/local/cuda-12.1/lib64:/usr/lib/x86_64-linux-gnu:/usr/local/cuda-12.1/lib64:/usr/local/cuda-12.1/lib64:/usr/local/cuda-12.1/lib64:/usr/local/cuda-12.1/lib64:/usr/local/cuda-12.1/lib64:/usr/local/cuda-12.1/lib64:/usr/local/cuda-12.1/lib64:/usr/local/cuda-12.1/lib64:/home/usman/ros2_ws/install/zed_components/lib:/opt/ros/humble/opt/rviz_ogre_vendor/lib:/opt/ros/humble/lib/x86_64-linux-gnu:/opt/ros/humble/lib /usr/bin/cmake --build /home/usman/ros2_ws/build/zed_components -- -j16 -l16
[0.088s] Invoking command in '/home/usman/ros2_ws/build/zed_components': CMAKE_PREFIX_PATH=/home/usman/ros2_ws/install/zed_msgs:/home/usman/ros2_ws/install/zed_ros2:/home/usman/ros2_ws/install/zed_wrapper:/home/usman/ros2_ws/install/zed_components:/home/usman/ros2_ws/install/zedm_to_BC:/home/usman/ros2_ws/install/rgbd_pdf_exporter:/home/usman/ros2_ws/install/rgbd_observer:/home/usman/ros2_ws/install/rgbd_converter:/home/usman/ros2_ws/install/pdf_to_matrix:/opt/ros/humble LD_LIBRARY_PATH=/home/usman/ros2_ws/install/zed_msgs/lib:/usr/local/cuda-12.1/lib64:/usr/lib/x86_64-linux-gnu:/usr/local/cuda-12.1/lib64:/usr/local/cuda-12.1/lib64:/usr/local/cuda-12.1/lib64:/usr/local/cuda-12.1/lib64:/usr/local/cuda-12.1/lib64:/usr/local/cuda-12.1/lib64:/usr/local/cuda-12.1/lib64:/usr/local/cuda-12.1/lib64:/home/usman/ros2_ws/install/zed_components/lib:/opt/ros/humble/opt/rviz_ogre_vendor/lib:/opt/ros/humble/lib/x86_64-linux-gnu:/opt/ros/humble/lib /usr/bin/cmake --install /home/usman/ros2_ws/build/zed_components
[0.092s] -- Install configuration: "Release"
[0.092s] -- Execute custom install script
[0.093s] -- Up-to-date symlink: /home/usman/ros2_ws/install/zed_components/lib/libzed_camera_component.so
[0.093s] -- Up-to-date symlink: /home/usman/ros2_ws/install/zed_components/include/zed_components//cost_traversability.hpp
[0.093s] -- Up-to-date symlink: /home/usman/ros2_ws/install/zed_components/include/zed_components//sl_types.hpp
[0.093s] -- Up-to-date symlink: /home/usman/ros2_ws/install/zed_components/include/zed_components//zed_camera_component.hpp
[0.093s] -- Up-to-date symlink: /home/usman/ros2_ws/install/zed_components/include/zed_components//gnss_replay.hpp
[0.093s] -- Up-to-date symlink: /home/usman/ros2_ws/install/zed_components/include/zed_components//json.hpp
[0.093s] -- Up-to-date symlink: /home/usman/ros2_ws/install/zed_components/include/zed_components//sl_logging.hpp
[0.093s] -- Up-to-date symlink: /home/usman/ros2_ws/install/zed_components/include/zed_components//sl_tools.hpp
[0.093s] -- Up-to-date symlink: /home/usman/ros2_ws/install/zed_components/include/zed_components//sl_win_avg.hpp
[0.093s] -- Up-to-date symlink: /home/usman/ros2_ws/install/zed_components/include/zed_components//visibility_control.hpp
[0.094s] -- Up-to-date symlink: /home/usman/ros2_ws/install/zed_components/share/zed_components/environment/library_path.sh
[0.094s] -- Up-to-date symlink: /home/usman/ros2_ws/install/zed_components/share/zed_components/environment/library_path.dsv
[0.094s] -- Up-to-date symlink: /home/usman/ros2_ws/install/zed_components/share/ament_index/resource_index/package_run_dependencies/zed_components
[0.094s] -- Up-to-date symlink: /home/usman/ros2_ws/install/zed_components/share/ament_index/resource_index/parent_prefix_path/zed_components
[0.094s] -- Up-to-date symlink: /home/usman/ros2_ws/install/zed_components/share/zed_components/environment/ament_prefix_path.sh
[0.094s] -- Up-to-date symlink: /home/usman/ros2_ws/install/zed_components/share/zed_components/environment/ament_prefix_path.dsv
[0.094s] -- Up-to-date symlink: /home/usman/ros2_ws/install/zed_components/share/zed_components/environment/path.sh
[0.094s] -- Up-to-date symlink: /home/usman/ros2_ws/install/zed_components/share/zed_components/environment/path.dsv
[0.094s] -- Up-to-date symlink: /home/usman/ros2_ws/install/zed_components/share/zed_components/local_setup.bash
[0.094s] -- Up-to-date symlink: /home/usman/ros2_ws/install/zed_components/share/zed_components/local_setup.sh
[0.094s] -- Up-to-date symlink: /home/usman/ros2_ws/install/zed_components/share/zed_components/local_setup.zsh
[0.094s] -- Up-to-date symlink: /home/usman/ros2_ws/install/zed_components/share/zed_components/local_setup.dsv
[0.095s] -- Symlinking: /home/usman/ros2_ws/install/zed_components/share/zed_components/package.dsv
[0.100s] -- Up-to-date symlink: /home/usman/ros2_ws/install/zed_components/share/ament_index/resource_index/packages/zed_components
[0.100s] -- Up-to-date symlink: /home/usman/ros2_ws/install/zed_components/share/ament_index/resource_index/rclcpp_components/zed_components
[0.100s] -- Up-to-date symlink: /home/usman/ros2_ws/install/zed_components/share/zed_components/cmake/ament_cmake_export_include_directories-extras.cmake
[0.100s] -- Up-to-date symlink: /home/usman/ros2_ws/install/zed_components/share/zed_components/cmake/ament_cmake_export_libraries-extras.cmake
[0.100s] -- Up-to-date symlink: /home/usman/ros2_ws/install/zed_components/share/zed_components/cmake/ament_cmake_export_dependencies-extras.cmake
[0.100s] -- Up-to-date symlink: /home/usman/ros2_ws/install/zed_components/share/zed_components/cmake/zed_componentsConfig.cmake
[0.100s] -- Up-to-date symlink: /home/usman/ros2_ws/install/zed_components/share/zed_components/cmake/zed_componentsConfig-version.cmake
[0.100s] -- Up-to-date symlink: /home/usman/ros2_ws/install/zed_components/share/zed_components/package.xml
[0.102s] Invoked command in '/home/usman/ros2_ws/build/zed_components' returned '0': CMAKE_PREFIX_PATH=/home/usman/ros2_ws/install/zed_msgs:/home/usman/ros2_ws/install/zed_ros2:/home/usman/ros2_ws/install/zed_wrapper:/home/usman/ros2_ws/install/zed_components:/home/usman/ros2_ws/install/zedm_to_BC:/home/usman/ros2_ws/install/rgbd_pdf_exporter:/home/usman/ros2_ws/install/rgbd_observer:/home/usman/ros2_ws/install/rgbd_converter:/home/usman/ros2_ws/install/pdf_to_matrix:/opt/ros/humble LD_LIBRARY_PATH=/home/usman/ros2_ws/install/zed_msgs/lib:/usr/local/cuda-12.1/lib64:/usr/lib/x86_64-linux-gnu:/usr/local/cuda-12.1/lib64:/usr/local/cuda-12.1/lib64:/usr/local/cuda-12.1/lib64:/usr/local/cuda-12.1/lib64:/usr/local/cuda-12.1/lib64:/usr/local/cuda-12.1/lib64:/usr/local/cuda-12.1/lib64:/usr/local/cuda-12.1/lib64:/home/usman/ros2_ws/install/zed_components/lib:/opt/ros/humble/opt/rviz_ogre_vendor/lib:/opt/ros/humble/lib/x86_64-linux-gnu:/opt/ros/humble/lib /usr/bin/cmake --install /home/usman/ros2_ws/build/zed_components
