running develop
Removing /home/usman/ros2_ws/install/rgbd_pdf_exporter/lib/python3.10/site-packages/rgbd-pdf-exporter.egg-link (link to .)
running egg_info
writing ../../build/rgbd_pdf_exporter/rgbd_pdf_exporter.egg-info/PKG-INFO
writing dependency_links to ../../build/rgbd_pdf_exporter/rgbd_pdf_exporter.egg-info/dependency_links.txt
writing entry points to ../../build/rgbd_pdf_exporter/rgbd_pdf_exporter.egg-info/entry_points.txt
writing requirements to ../../build/rgbd_pdf_exporter/rgbd_pdf_exporter.egg-info/requires.txt
writing top-level names to ../../build/rgbd_pdf_exporter/rgbd_pdf_exporter.egg-info/top_level.txt
reading manifest file '../../build/rgbd_pdf_exporter/rgbd_pdf_exporter.egg-info/SOURCES.txt'
writing manifest file '../../build/rgbd_pdf_exporter/rgbd_pdf_exporter.egg-info/SOURCES.txt'
running build
running build_py
creating /home/usman/ros2_ws/build/rgbd_pdf_exporter/build/lib/rgbd_pdf_exporter
copying rgbd_pdf_exporter/__init__.py -> /home/usman/ros2_ws/build/rgbd_pdf_exporter/build/lib/rgbd_pdf_exporter
copying rgbd_pdf_exporter/rgbd_pdf_exporter.py -> /home/usman/ros2_ws/build/rgbd_pdf_exporter/build/lib/rgbd_pdf_exporter
running install
running install_lib
creating /home/usman/ros2_ws/install/rgbd_pdf_exporter/lib/python3.10/site-packages/rgbd_pdf_exporter
copying /home/usman/ros2_ws/build/rgbd_pdf_exporter/build/lib/rgbd_pdf_exporter/__init__.py -> /home/usman/ros2_ws/install/rgbd_pdf_exporter/lib/python3.10/site-packages/rgbd_pdf_exporter
copying /home/usman/ros2_ws/build/rgbd_pdf_exporter/build/lib/rgbd_pdf_exporter/rgbd_pdf_exporter.py -> /home/usman/ros2_ws/install/rgbd_pdf_exporter/lib/python3.10/site-packages/rgbd_pdf_exporter
byte-compiling /home/usman/ros2_ws/install/rgbd_pdf_exporter/lib/python3.10/site-packages/rgbd_pdf_exporter/__init__.py to __init__.cpython-310.pyc
byte-compiling /home/usman/ros2_ws/install/rgbd_pdf_exporter/lib/python3.10/site-packages/rgbd_pdf_exporter/rgbd_pdf_exporter.py to rgbd_pdf_exporter.cpython-310.pyc
running install_data
copying resource/rgbd_pdf_exporter -> /home/usman/ros2_ws/install/rgbd_pdf_exporter/share/ament_index/resource_index/packages
copying package.xml -> /home/usman/ros2_ws/install/rgbd_pdf_exporter/share/rgbd_pdf_exporter
running install_egg_info
Copying ../../build/rgbd_pdf_exporter/rgbd_pdf_exporter.egg-info to /home/usman/ros2_ws/install/rgbd_pdf_exporter/lib/python3.10/site-packages/rgbd_pdf_exporter-0.0.0-py3.10.egg-info
running install_scripts
Installing rgbd_pdf_exporter script to /home/usman/ros2_ws/install/rgbd_pdf_exporter/lib/rgbd_pdf_exporter
writing list of installed files to '/home/usman/ros2_ws/build/rgbd_pdf_exporter/install.log'
