running develop
Removing /home/usman/ros2_ws/install/pdf_to_matrix/lib/python3.10/site-packages/pdf-to-matrix.egg-link (link to .)
running egg_info
writing ../../build/pdf_to_matrix/pdf_to_matrix.egg-info/PKG-INFO
writing dependency_links to ../../build/pdf_to_matrix/pdf_to_matrix.egg-info/dependency_links.txt
writing entry points to ../../build/pdf_to_matrix/pdf_to_matrix.egg-info/entry_points.txt
writing requirements to ../../build/pdf_to_matrix/pdf_to_matrix.egg-info/requires.txt
writing top-level names to ../../build/pdf_to_matrix/pdf_to_matrix.egg-info/top_level.txt
reading manifest file '../../build/pdf_to_matrix/pdf_to_matrix.egg-info/SOURCES.txt'
writing manifest file '../../build/pdf_to_matrix/pdf_to_matrix.egg-info/SOURCES.txt'
running build
running build_py
creating /home/usman/ros2_ws/build/pdf_to_matrix/build/lib/pdf_to_matrix
copying pdf_to_matrix/__init__.py -> /home/usman/ros2_ws/build/pdf_to_matrix/build/lib/pdf_to_matrix
copying pdf_to_matrix/pdf_to_matrix.py -> /home/usman/ros2_ws/build/pdf_to_matrix/build/lib/pdf_to_matrix
running install
running install_lib
creating /home/usman/ros2_ws/install/pdf_to_matrix/lib/python3.10/site-packages/pdf_to_matrix
copying /home/usman/ros2_ws/build/pdf_to_matrix/build/lib/pdf_to_matrix/__init__.py -> /home/usman/ros2_ws/install/pdf_to_matrix/lib/python3.10/site-packages/pdf_to_matrix
copying /home/usman/ros2_ws/build/pdf_to_matrix/build/lib/pdf_to_matrix/pdf_to_matrix.py -> /home/usman/ros2_ws/install/pdf_to_matrix/lib/python3.10/site-packages/pdf_to_matrix
byte-compiling /home/usman/ros2_ws/install/pdf_to_matrix/lib/python3.10/site-packages/pdf_to_matrix/__init__.py to __init__.cpython-310.pyc
byte-compiling /home/usman/ros2_ws/install/pdf_to_matrix/lib/python3.10/site-packages/pdf_to_matrix/pdf_to_matrix.py to pdf_to_matrix.cpython-310.pyc
running install_data
copying resource/pdf_to_matrix -> /home/usman/ros2_ws/install/pdf_to_matrix/share/ament_index/resource_index/packages
copying package.xml -> /home/usman/ros2_ws/install/pdf_to_matrix/share/pdf_to_matrix
running install_egg_info
Copying ../../build/pdf_to_matrix/pdf_to_matrix.egg-info to /home/usman/ros2_ws/install/pdf_to_matrix/lib/python3.10/site-packages/pdf_to_matrix-0.0.0-py3.10.egg-info
running install_scripts
Installing pdf_to_matrix script to /home/usman/ros2_ws/install/pdf_to_matrix/lib/pdf_to_matrix
writing list of installed files to '/home/usman/ros2_ws/build/pdf_to_matrix/install.log'
