[0.873s] Invoking command in '/home/usman/ros2_ws/build/rgbd_converter': PYTHONPATH=/home/usman/ros2_ws/build/rgbd_converter/prefix_override:/usr/lib/python3/dist-packages/colcon_core/task/python/colcon_distutils_commands:/home/usman/ros2_ws/install/rgbd_converter/lib/python3.10/site-packages:${PYTHONPATH} /usr/bin/python3 -W ignore:setup.py install is deprecated setup.py develop --editable --build-directory /home/usman/ros2_ws/build/rgbd_converter/build --no-deps symlink_data
[0.960s] /home/usman/.local/lib/python3.10/site-packages/setuptools/_distutils/dist.py:261: UserWarning: Unknown distribution option: 'tests_require'
[0.960s]   warnings.warn(msg)
[1.041s] running develop
[1.041s] /home/usman/.local/lib/python3.10/site-packages/setuptools/command/develop.py:41: EasyInstallDeprecationWarning: easy_install command is deprecated.
[1.041s] !!
[1.041s] 
[1.041s]         ********************************************************************************
[1.041s]         Please avoid running ``setup.py`` and ``easy_install``.
[1.041s]         Instead, use pypa/build, pypa/installer or other
[1.041s]         standards-based tools.
[1.041s] 
[1.041s]         See https://github.com/pypa/setuptools/issues/917 for details.
[1.041s]         ********************************************************************************
[1.041s] 
[1.041s] !!
[1.041s]   easy_install.initialize_options(self)
[1.139s] running egg_info
[1.146s] creating rgbd_converter.egg-info
[1.146s] writing rgbd_converter.egg-info/PKG-INFO
[1.147s] writing dependency_links to rgbd_converter.egg-info/dependency_links.txt
[1.147s] writing entry points to rgbd_converter.egg-info/entry_points.txt
[1.147s] writing requirements to rgbd_converter.egg-info/requires.txt
[1.147s] writing top-level names to rgbd_converter.egg-info/top_level.txt
[1.147s] writing manifest file 'rgbd_converter.egg-info/SOURCES.txt'
[1.162s] reading manifest file 'rgbd_converter.egg-info/SOURCES.txt'
[1.163s] writing manifest file 'rgbd_converter.egg-info/SOURCES.txt'
[1.202s] running build_ext
[1.202s] Creating /home/usman/ros2_ws/install/rgbd_converter/lib/python3.10/site-packages/rgbd-converter.egg-link (link to .)
[1.202s] Installing rgbd_node script to /home/usman/ros2_ws/install/rgbd_converter/lib/rgbd_converter
[1.202s] 
[1.203s] Installed /home/usman/ros2_ws/build/rgbd_converter
[1.203s] running symlink_data
[1.203s] creating /home/usman/ros2_ws/install/rgbd_converter/share/ament_index/resource_index/packages
[1.203s] symbolically linking /home/usman/ros2_ws/build/rgbd_converter/resource/rgbd_converter -> /home/usman/ros2_ws/install/rgbd_converter/share/ament_index/resource_index/packages
[1.203s] symbolically linking /home/usman/ros2_ws/build/rgbd_converter/package.xml -> /home/usman/ros2_ws/install/rgbd_converter/share/rgbd_converter
[1.223s] Invoked command in '/home/usman/ros2_ws/build/rgbd_converter' returned '0': PYTHONPATH=/home/usman/ros2_ws/build/rgbd_converter/prefix_override:/usr/lib/python3/dist-packages/colcon_core/task/python/colcon_distutils_commands:/home/usman/ros2_ws/install/rgbd_converter/lib/python3.10/site-packages:${PYTHONPATH} /usr/bin/python3 -W ignore:setup.py install is deprecated setup.py develop --editable --build-directory /home/usman/ros2_ws/build/rgbd_converter/build --no-deps symlink_data
