[0.864s] Invoking command in '/home/usman/ros2_ws/build/zedm_to_BC': PYTHONPATH=/home/usman/ros2_ws/build/zedm_to_BC/prefix_override:/usr/lib/python3/dist-packages/colcon_core/task/python/colcon_distutils_commands:/home/usman/ros2_ws/install/zedm_to_BC/lib/python3.10/site-packages:${PYTHONPATH} /usr/bin/python3 -W ignore:setup.py install is deprecated setup.py develop --editable --build-directory /home/usman/ros2_ws/build/zedm_to_BC/build --no-deps symlink_data
[0.950s] /home/usman/.local/lib/python3.10/site-packages/setuptools/_distutils/dist.py:261: UserWarning: Unknown distribution option: 'tests_require'
[0.950s]   warnings.warn(msg)
[1.030s] running develop
[1.030s] /home/usman/.local/lib/python3.10/site-packages/setuptools/command/develop.py:41: EasyInstallDeprecationWarning: easy_install command is deprecated.
[1.030s] !!
[1.030s] 
[1.030s]         ********************************************************************************
[1.030s]         Please avoid running ``setup.py`` and ``easy_install``.
[1.030s]         Instead, use pypa/build, pypa/installer or other
[1.030s]         standards-based tools.
[1.030s] 
[1.030s]         See https://github.com/pypa/setuptools/issues/917 for details.
[1.030s]         ********************************************************************************
[1.030s] 
[1.030s] !!
[1.030s]   easy_install.initialize_options(self)
[1.127s] running egg_info
[1.134s] creating zedm_to_BC.egg-info
[1.134s] writing zedm_to_BC.egg-info/PKG-INFO
[1.134s] writing dependency_links to zedm_to_BC.egg-info/dependency_links.txt
[1.134s] writing entry points to zedm_to_BC.egg-info/entry_points.txt
[1.134s] writing requirements to zedm_to_BC.egg-info/requires.txt
[1.134s] writing top-level names to zedm_to_BC.egg-info/top_level.txt
[1.134s] writing manifest file 'zedm_to_BC.egg-info/SOURCES.txt'
[1.149s] reading manifest file 'zedm_to_BC.egg-info/SOURCES.txt'
[1.150s] writing manifest file 'zedm_to_BC.egg-info/SOURCES.txt'
[1.187s] running build_ext
[1.187s] Creating /home/usman/ros2_ws/install/zedm_to_BC/lib/python3.10/site-packages/zedm-to-BC.egg-link (link to .)
[1.188s] Installing logger script to /home/usman/ros2_ws/install/zedm_to_BC/lib/zedm_to_BC
[1.188s] Installing main script to /home/usman/ros2_ws/install/zedm_to_BC/lib/zedm_to_BC
[1.188s] Installing trainer script to /home/usman/ros2_ws/install/zedm_to_BC/lib/zedm_to_BC
[1.188s] 
[1.188s] Installed /home/usman/ros2_ws/build/zedm_to_BC
[1.188s] running symlink_data
[1.188s] creating /home/usman/ros2_ws/install/zedm_to_BC/share/ament_index/resource_index/packages
[1.188s] symbolically linking /home/usman/ros2_ws/build/zedm_to_BC/resource/zedm_to_BC -> /home/usman/ros2_ws/install/zedm_to_BC/share/ament_index/resource_index/packages
[1.188s] symbolically linking /home/usman/ros2_ws/build/zedm_to_BC/package.xml -> /home/usman/ros2_ws/install/zedm_to_BC/share/zedm_to_BC
[1.219s] Invoked command in '/home/usman/ros2_ws/build/zedm_to_BC' returned '0': PYTHONPATH=/home/usman/ros2_ws/build/zedm_to_BC/prefix_override:/usr/lib/python3/dist-packages/colcon_core/task/python/colcon_distutils_commands:/home/usman/ros2_ws/install/zedm_to_BC/lib/python3.10/site-packages:${PYTHONPATH} /usr/bin/python3 -W ignore:setup.py install is deprecated setup.py develop --editable --build-directory /home/usman/ros2_ws/build/zedm_to_BC/build --no-deps symlink_data
