/home/usman/.local/lib/python3.10/site-packages/setuptools/_distutils/dist.py:261: UserWarning: Unknown distribution option: 'tests_require'
  warnings.warn(msg)
running develop
/home/usman/.local/lib/python3.10/site-packages/setuptools/command/develop.py:41: EasyInstallDeprecationWarning: easy_install command is deprecated.
!!

        ********************************************************************************
        Please avoid running ``setup.py`` and ``easy_install``.
        Instead, use pypa/build, pypa/installer or other
        standards-based tools.

        See https://github.com/pypa/setuptools/issues/917 for details.
        ********************************************************************************

!!
  easy_install.initialize_options(self)
Removing /home/usman/ros2_ws/install/rgbd_observer/lib/python3.10/site-packages/rgbd-observer.egg-link (link to .)
/home/usman/.local/lib/python3.10/site-packages/setuptools/_distutils/dist.py:261: UserWarning: Unknown distribution option: 'tests_require'
  warnings.warn(msg)
running egg_info
writing ../../build/rgbd_observer/rgbd_observer.egg-info/PKG-INFO
writing dependency_links to ../../build/rgbd_observer/rgbd_observer.egg-info/dependency_links.txt
writing entry points to ../../build/rgbd_observer/rgbd_observer.egg-info/entry_points.txt
writing requirements to ../../build/rgbd_observer/rgbd_observer.egg-info/requires.txt
writing top-level names to ../../build/rgbd_observer/rgbd_observer.egg-info/top_level.txt
reading manifest file '../../build/rgbd_observer/rgbd_observer.egg-info/SOURCES.txt'
writing manifest file '../../build/rgbd_observer/rgbd_observer.egg-info/SOURCES.txt'
running build
running build_py
creating /home/usman/ros2_ws/build/rgbd_observer/build/lib/rgbd_observer
copying rgbd_observer/rgbd_observer.py -> /home/usman/ros2_ws/build/rgbd_observer/build/lib/rgbd_observer
copying rgbd_observer/__init__.py -> /home/usman/ros2_ws/build/rgbd_observer/build/lib/rgbd_observer
running install
running install_lib
creating /home/usman/ros2_ws/install/rgbd_observer/lib/python3.10/site-packages/rgbd_observer
copying /home/usman/ros2_ws/build/rgbd_observer/build/lib/rgbd_observer/rgbd_observer.py -> /home/usman/ros2_ws/install/rgbd_observer/lib/python3.10/site-packages/rgbd_observer
copying /home/usman/ros2_ws/build/rgbd_observer/build/lib/rgbd_observer/__init__.py -> /home/usman/ros2_ws/install/rgbd_observer/lib/python3.10/site-packages/rgbd_observer
byte-compiling /home/usman/ros2_ws/install/rgbd_observer/lib/python3.10/site-packages/rgbd_observer/rgbd_observer.py to rgbd_observer.cpython-310.pyc
byte-compiling /home/usman/ros2_ws/install/rgbd_observer/lib/python3.10/site-packages/rgbd_observer/__init__.py to __init__.cpython-310.pyc
running install_data
copying resource/rgbd_observer -> /home/usman/ros2_ws/install/rgbd_observer/share/ament_index/resource_index/packages
copying package.xml -> /home/usman/ros2_ws/install/rgbd_observer/share/rgbd_observer
running install_egg_info
Copying ../../build/rgbd_observer/rgbd_observer.egg-info to /home/usman/ros2_ws/install/rgbd_observer/lib/python3.10/site-packages/rgbd_observer-0.0.0-py3.10.egg-info
running install_scripts
Installing rgbd_observer script to /home/usman/ros2_ws/install/rgbd_observer/lib/rgbd_observer
writing list of installed files to '/home/usman/ros2_ws/build/rgbd_observer/install.log'
