[0.948s] Invoking command in '/home/usman/ros2_ws/build/rgbd_observer': PYTHONPATH=/home/usman/ros2_ws/build/rgbd_observer/prefix_override:/usr/lib/python3/dist-packages/colcon_core/task/python/colcon_distutils_commands:/home/usman/ros2_ws/install/rgbd_observer/lib/python3.10/site-packages:${PYTHONPATH} /usr/bin/python3 -W ignore:setup.py install is deprecated setup.py develop --uninstall --editable --build-directory /home/usman/ros2_ws/build/rgbd_observer/build
[1.039s] /home/usman/.local/lib/python3.10/site-packages/setuptools/_distutils/dist.py:261: UserWarning: Unknown distribution option: 'tests_require'
[1.039s]   warnings.warn(msg)
[1.115s] running develop
[1.116s] /home/usman/.local/lib/python3.10/site-packages/setuptools/command/develop.py:41: EasyInstallDeprecationWarning: easy_install command is deprecated.
[1.116s] !!
[1.116s] 
[1.116s]         ********************************************************************************
[1.116s]         Please avoid running ``setup.py`` and ``easy_install``.
[1.116s]         Instead, use pypa/build, pypa/installer or other
[1.116s]         standards-based tools.
[1.116s] 
[1.116s]         See https://github.com/pypa/setuptools/issues/917 for details.
[1.116s]         ********************************************************************************
[1.116s] 
[1.116s] !!
[1.116s]   easy_install.initialize_options(self)
[1.230s] Removing /home/usman/ros2_ws/install/rgbd_observer/lib/python3.10/site-packages/rgbd-observer.egg-link (link to .)
[1.249s] Invoked command in '/home/usman/ros2_ws/build/rgbd_observer' returned '0': PYTHONPATH=/home/usman/ros2_ws/build/rgbd_observer/prefix_override:/usr/lib/python3/dist-packages/colcon_core/task/python/colcon_distutils_commands:/home/usman/ros2_ws/install/rgbd_observer/lib/python3.10/site-packages:${PYTHONPATH} /usr/bin/python3 -W ignore:setup.py install is deprecated setup.py develop --uninstall --editable --build-directory /home/usman/ros2_ws/build/rgbd_observer/build
[1.250s] Invoking command in '/home/usman/ros2_ws/src/rgbd_observer': PYTHONPATH=/home/usman/ros2_ws/build/rgbd_observer/prefix_override:/usr/lib/python3/dist-packages/colcon_core/task/python/colcon_distutils_commands:/home/usman/ros2_ws/install/rgbd_observer/lib/python3.10/site-packages:${PYTHONPATH} /usr/bin/python3 -W ignore:setup.py install is deprecated setup.py egg_info --egg-base ../../build/rgbd_observer build --build-base /home/usman/ros2_ws/build/rgbd_observer/build install --record /home/usman/ros2_ws/build/rgbd_observer/install.log --single-version-externally-managed install_data --force
[1.344s] /home/usman/.local/lib/python3.10/site-packages/setuptools/_distutils/dist.py:261: UserWarning: Unknown distribution option: 'tests_require'
[1.344s]   warnings.warn(msg)
[1.390s] running egg_info
[1.397s] writing ../../build/rgbd_observer/rgbd_observer.egg-info/PKG-INFO
[1.397s] writing dependency_links to ../../build/rgbd_observer/rgbd_observer.egg-info/dependency_links.txt
[1.397s] writing entry points to ../../build/rgbd_observer/rgbd_observer.egg-info/entry_points.txt
[1.397s] writing requirements to ../../build/rgbd_observer/rgbd_observer.egg-info/requires.txt
[1.397s] writing top-level names to ../../build/rgbd_observer/rgbd_observer.egg-info/top_level.txt
[1.413s] reading manifest file '../../build/rgbd_observer/rgbd_observer.egg-info/SOURCES.txt'
[1.414s] writing manifest file '../../build/rgbd_observer/rgbd_observer.egg-info/SOURCES.txt'
[1.414s] running build
[1.414s] running build_py
[1.414s] creating /home/usman/ros2_ws/build/rgbd_observer/build/lib/rgbd_observer
[1.414s] copying rgbd_observer/rgbd_observer.py -> /home/usman/ros2_ws/build/rgbd_observer/build/lib/rgbd_observer
[1.415s] copying rgbd_observer/__init__.py -> /home/usman/ros2_ws/build/rgbd_observer/build/lib/rgbd_observer
[1.415s] running install
[1.417s] running install_lib
[1.425s] creating /home/usman/ros2_ws/install/rgbd_observer/lib/python3.10/site-packages/rgbd_observer
[1.425s] copying /home/usman/ros2_ws/build/rgbd_observer/build/lib/rgbd_observer/rgbd_observer.py -> /home/usman/ros2_ws/install/rgbd_observer/lib/python3.10/site-packages/rgbd_observer
[1.425s] copying /home/usman/ros2_ws/build/rgbd_observer/build/lib/rgbd_observer/__init__.py -> /home/usman/ros2_ws/install/rgbd_observer/lib/python3.10/site-packages/rgbd_observer
[1.426s] byte-compiling /home/usman/ros2_ws/install/rgbd_observer/lib/python3.10/site-packages/rgbd_observer/rgbd_observer.py to rgbd_observer.cpython-310.pyc
[1.426s] byte-compiling /home/usman/ros2_ws/install/rgbd_observer/lib/python3.10/site-packages/rgbd_observer/__init__.py to __init__.cpython-310.pyc
[1.426s] running install_data
[1.427s] copying resource/rgbd_observer -> /home/usman/ros2_ws/install/rgbd_observer/share/ament_index/resource_index/packages
[1.427s] copying package.xml -> /home/usman/ros2_ws/install/rgbd_observer/share/rgbd_observer
[1.427s] running install_egg_info
[1.436s] Copying ../../build/rgbd_observer/rgbd_observer.egg-info to /home/usman/ros2_ws/install/rgbd_observer/lib/python3.10/site-packages/rgbd_observer-0.0.0-py3.10.egg-info
[1.436s] running install_scripts
[1.509s] Installing rgbd_observer script to /home/usman/ros2_ws/install/rgbd_observer/lib/rgbd_observer
[1.509s] writing list of installed files to '/home/usman/ros2_ws/build/rgbd_observer/install.log'
[1.530s] Invoked command in '/home/usman/ros2_ws/src/rgbd_observer' returned '0': PYTHONPATH=/home/usman/ros2_ws/build/rgbd_observer/prefix_override:/usr/lib/python3/dist-packages/colcon_core/task/python/colcon_distutils_commands:/home/usman/ros2_ws/install/rgbd_observer/lib/python3.10/site-packages:${PYTHONPATH} /usr/bin/python3 -W ignore:setup.py install is deprecated setup.py egg_info --egg-base ../../build/rgbd_observer build --build-base /home/usman/ros2_ws/build/rgbd_observer/build install --record /home/usman/ros2_ws/build/rgbd_observer/install.log --single-version-externally-managed install_data --force
