[0.410s] Invoking command in '/home/usman/ros2_ws/src/zedm_to_BC': PYTHONPATH=/home/usman/ros2_ws/build/zedm_to_BC/prefix_override:/usr/lib/python3/dist-packages/colcon_core/task/python/colcon_distutils_commands:/home/usman/ros2_ws/install/zedm_to_BC/lib/python3.10/site-packages:${PYTHONPATH} /usr/bin/python3 -W ignore:setup.py install is deprecated -W ignore:easy_install command is deprecated setup.py egg_info --egg-base ../../build/zedm_to_BC build --build-base /home/usman/ros2_ws/build/zedm_to_BC/build install --record /home/usman/ros2_ws/build/zedm_to_BC/install.log --single-version-externally-managed install_data
[0.495s] /home/usman/.local/lib/python3.10/site-packages/setuptools/_distutils/dist.py:261: UserWarning: Unknown distribution option: 'tests_require'
[0.495s]   warnings.warn(msg)
[0.540s] running egg_info
[0.548s] writing ../../build/zedm_to_BC/zedm_to_BC.egg-info/PKG-INFO
[0.548s] writing dependency_links to ../../build/zedm_to_BC/zedm_to_BC.egg-info/dependency_links.txt
[0.548s] writing entry points to ../../build/zedm_to_BC/zedm_to_BC.egg-info/entry_points.txt
[0.548s] writing requirements to ../../build/zedm_to_BC/zedm_to_BC.egg-info/requires.txt
[0.548s] writing top-level names to ../../build/zedm_to_BC/zedm_to_BC.egg-info/top_level.txt
[0.564s] reading manifest file '../../build/zedm_to_BC/zedm_to_BC.egg-info/SOURCES.txt'
[0.565s] writing manifest file '../../build/zedm_to_BC/zedm_to_BC.egg-info/SOURCES.txt'
[0.565s] running build
[0.565s] running build_py
[0.565s] copying zedm_to_BC/main.py -> /home/usman/ros2_ws/build/zedm_to_BC/build/lib/zedm_to_BC
[0.565s] copying zedm_to_BC/__init__.py -> /home/usman/ros2_ws/build/zedm_to_BC/build/lib/zedm_to_BC
[0.565s] copying zedm_to_BC/observation_logger/__init__.py -> /home/usman/ros2_ws/build/zedm_to_BC/build/lib/zedm_to_BC/observation_logger
[0.565s] copying zedm_to_BC/observation_logger/observation_logger.py -> /home/usman/ros2_ws/build/zedm_to_BC/build/lib/zedm_to_BC/observation_logger
[0.565s] copying zedm_to_BC/scripts/inference_node.py -> /home/usman/ros2_ws/build/zedm_to_BC/build/lib/zedm_to_BC/scripts
[0.566s] copying zedm_to_BC/scripts/control_publisher.py -> /home/usman/ros2_ws/build/zedm_to_BC/build/lib/zedm_to_BC/scripts
[0.566s] copying zedm_to_BC/scripts/__init__.py -> /home/usman/ros2_ws/build/zedm_to_BC/build/lib/zedm_to_BC/scripts
[0.566s] copying zedm_to_BC/scripts/combine_data.py -> /home/usman/ros2_ws/build/zedm_to_BC/build/lib/zedm_to_BC/scripts
[0.566s] copying zedm_to_BC/training/testing.py -> /home/usman/ros2_ws/build/zedm_to_BC/build/lib/zedm_to_BC/training
[0.566s] copying zedm_to_BC/training/behavior_cloning_training.py -> /home/usman/ros2_ws/build/zedm_to_BC/build/lib/zedm_to_BC/training
[0.566s] copying zedm_to_BC/training/__init__.py -> /home/usman/ros2_ws/build/zedm_to_BC/build/lib/zedm_to_BC/training
[0.566s] copying zedm_to_BC/models/behavior_cloning_model.py -> /home/usman/ros2_ws/build/zedm_to_BC/build/lib/zedm_to_BC/models
[0.566s] copying zedm_to_BC/models/__init__.py -> /home/usman/ros2_ws/build/zedm_to_BC/build/lib/zedm_to_BC/models
[0.567s] running install
[0.569s] running install_lib
[0.577s] copying /home/usman/ros2_ws/build/zedm_to_BC/build/lib/zedm_to_BC/scripts/combine_data.py -> /home/usman/ros2_ws/install/zedm_to_BC/lib/python3.10/site-packages/zedm_to_BC/scripts
[0.578s] byte-compiling /home/usman/ros2_ws/install/zedm_to_BC/lib/python3.10/site-packages/zedm_to_BC/scripts/combine_data.py to combine_data.cpython-310.pyc
[0.578s] running install_data
[0.578s] copying resource/zedm_to_BC -> /home/usman/ros2_ws/install/zedm_to_BC/share/ament_index/resource_index/packages
[0.578s] copying package.xml -> /home/usman/ros2_ws/install/zedm_to_BC/share/zedm_to_BC
[0.579s] running install_egg_info
[0.586s] removing '/home/usman/ros2_ws/install/zedm_to_BC/lib/python3.10/site-packages/zedm_to_BC-0.1.0-py3.10.egg-info' (and everything under it)
[0.587s] Copying ../../build/zedm_to_BC/zedm_to_BC.egg-info to /home/usman/ros2_ws/install/zedm_to_BC/lib/python3.10/site-packages/zedm_to_BC-0.1.0-py3.10.egg-info
[0.587s] running install_scripts
[0.651s] Installing combine_data script to /home/usman/ros2_ws/install/zedm_to_BC/lib/zedm_to_BC
[0.651s] Installing inference script to /home/usman/ros2_ws/install/zedm_to_BC/lib/zedm_to_BC
[0.652s] Installing logger script to /home/usman/ros2_ws/install/zedm_to_BC/lib/zedm_to_BC
[0.652s] Installing scripts script to /home/usman/ros2_ws/install/zedm_to_BC/lib/zedm_to_BC
[0.652s] Installing trainer script to /home/usman/ros2_ws/install/zedm_to_BC/lib/zedm_to_BC
[0.652s] writing list of installed files to '/home/usman/ros2_ws/build/zedm_to_BC/install.log'
[0.664s] Invoked command in '/home/usman/ros2_ws/src/zedm_to_BC' returned '0': PYTHONPATH=/home/usman/ros2_ws/build/zedm_to_BC/prefix_override:/usr/lib/python3/dist-packages/colcon_core/task/python/colcon_distutils_commands:/home/usman/ros2_ws/install/zedm_to_BC/lib/python3.10/site-packages:${PYTHONPATH} /usr/bin/python3 -W ignore:setup.py install is deprecated -W ignore:easy_install command is deprecated setup.py egg_info --egg-base ../../build/zedm_to_BC build --build-base /home/usman/ros2_ws/build/zedm_to_BC/build install --record /home/usman/ros2_ws/build/zedm_to_BC/install.log --single-version-externally-managed install_data
