[0.876s] Invoking command in '/home/usman/ros2_ws/build/pdf_to_matrix': PYTHONPATH=/home/usman/ros2_ws/build/pdf_to_matrix/prefix_override:/usr/lib/python3/dist-packages/colcon_core/task/python/colcon_distutils_commands:/home/usman/ros2_ws/install/pdf_to_matrix/lib/python3.10/site-packages:${PYTHONPATH} /usr/bin/python3 -W ignore:setup.py install is deprecated setup.py develop --editable --build-directory /home/usman/ros2_ws/build/pdf_to_matrix/build --no-deps symlink_data
[0.963s] /home/usman/.local/lib/python3.10/site-packages/setuptools/_distutils/dist.py:261: UserWarning: Unknown distribution option: 'tests_require'
[0.963s]   warnings.warn(msg)
[1.044s] running develop
[1.045s] /home/usman/.local/lib/python3.10/site-packages/setuptools/command/develop.py:41: EasyInstallDeprecationWarning: easy_install command is deprecated.
[1.045s] !!
[1.045s] 
[1.045s]         ********************************************************************************
[1.045s]         Please avoid running ``setup.py`` and ``easy_install``.
[1.045s]         Instead, use pypa/build, pypa/installer or other
[1.045s]         standards-based tools.
[1.045s] 
[1.045s]         See https://github.com/pypa/setuptools/issues/917 for details.
[1.045s]         ********************************************************************************
[1.045s] 
[1.045s] !!
[1.045s]   easy_install.initialize_options(self)
[1.146s] running egg_info
[1.153s] writing pdf_to_matrix.egg-info/PKG-INFO
[1.153s] writing dependency_links to pdf_to_matrix.egg-info/dependency_links.txt
[1.153s] writing entry points to pdf_to_matrix.egg-info/entry_points.txt
[1.153s] writing requirements to pdf_to_matrix.egg-info/requires.txt
[1.153s] writing top-level names to pdf_to_matrix.egg-info/top_level.txt
[1.168s] reading manifest file 'pdf_to_matrix.egg-info/SOURCES.txt'
[1.169s] writing manifest file 'pdf_to_matrix.egg-info/SOURCES.txt'
[1.206s] running build_ext
[1.206s] Creating /home/usman/ros2_ws/install/pdf_to_matrix/lib/python3.10/site-packages/pdf-to-matrix.egg-link (link to .)
[1.207s] Installing pdf_to_matrix script to /home/usman/ros2_ws/install/pdf_to_matrix/lib/pdf_to_matrix
[1.207s] 
[1.207s] Installed /home/usman/ros2_ws/build/pdf_to_matrix
[1.207s] running symlink_data
[1.226s] Invoked command in '/home/usman/ros2_ws/build/pdf_to_matrix' returned '0': PYTHONPATH=/home/usman/ros2_ws/build/pdf_to_matrix/prefix_override:/usr/lib/python3/dist-packages/colcon_core/task/python/colcon_distutils_commands:/home/usman/ros2_ws/install/pdf_to_matrix/lib/python3.10/site-packages:${PYTHONPATH} /usr/bin/python3 -W ignore:setup.py install is deprecated setup.py develop --editable --build-directory /home/usman/ros2_ws/build/pdf_to_matrix/build --no-deps symlink_data
