[0.024s] Invoking command in '/home/usman/ros2_ws/build/zed_msgs': CMAKE_PREFIX_PATH=${CMAKE_PREFIX_PATH}:/home/usman/ros2_ws/install/zedm_to_BC:/home/usman/ros2_ws/install/rgbd_pdf_exporter:/home/usman/ros2_ws/install/rgbd_observer:/home/usman/ros2_ws/install/rgbd_converter:/home/usman/ros2_ws/install/pdf_to_matrix:/opt/ros/humble /usr/bin/cmake /home/usman/ros2_ws/src/zed-ros2-wrapper/zed-ros2-interfaces -DCMAKE_INSTALL_PREFIX=/home/usman/ros2_ws/install/zed_msgs
[0.488s] -- Found ament_cmake_auto: 1.3.10 (/opt/ros/humble/share/ament_cmake_auto/cmake)
[0.488s] -- Override CMake install command with custom implementation using symlinks instead of copying resources
[0.488s] -- Found rosidl_generator_c: 3.1.5 (/opt/ros/humble/share/rosidl_generator_c/cmake)
[0.488s] -- Found rosidl_adapter: 3.1.5 (/opt/ros/humble/share/rosidl_adapter/cmake)
[0.488s] -- Found rosidl_generator_cpp: 3.1.5 (/opt/ros/humble/share/rosidl_generator_cpp/cmake)
[0.488s] -- Using all available rosidl_typesupport_c: rosidl_typesupport_fastrtps_c;rosidl_typesupport_introspection_c
[0.488s] -- Using all available rosidl_typesupport_cpp: rosidl_typesupport_fastrtps_cpp;rosidl_typesupport_introspection_cpp
[0.488s] -- Found ament_lint_auto: 0.12.11 (/opt/ros/humble/share/ament_lint_auto/cmake)
[0.505s] -- Found ament_cmake_ros: 0.10.0 (/opt/ros/humble/share/ament_cmake_ros/cmake)
[0.836s] -- Using all available rosidl_typesupport_c: rosidl_typesupport_fastrtps_c;rosidl_typesupport_introspection_c
[0.976s] -- Using all available rosidl_typesupport_cpp: rosidl_typesupport_fastrtps_cpp;rosidl_typesupport_introspection_cpp
[0.994s] -- Found python_cmake_module: 0.10.0 (/opt/ros/humble/share/python_cmake_module/cmake)
[1.012s] -- Using PYTHON_EXECUTABLE: /usr/bin/python3
[1.012s] -- Using PYTHON_INCLUDE_DIRS: /usr/include/python3.10
[1.012s] -- Using PYTHON_LIBRARIES: /usr/lib/x86_64-linux-gnu/libpython3.10.so
[1.070s] -- Added test 'copyright' to check source files copyright and LICENSE
[1.074s] -- Added test 'lint_cmake' to check CMake code style
[1.077s] -- Added test 'xmllint' to check XML markup files
[1.085s] -- Configuring done
[1.160s] -- Generating done
[1.164s] -- Build files have been written to: /home/usman/ros2_ws/build/zed_msgs
[1.172s] Invoked command in '/home/usman/ros2_ws/build/zed_msgs' returned '0': CMAKE_PREFIX_PATH=${CMAKE_PREFIX_PATH}:/home/usman/ros2_ws/install/zedm_to_BC:/home/usman/ros2_ws/install/rgbd_pdf_exporter:/home/usman/ros2_ws/install/rgbd_observer:/home/usman/ros2_ws/install/rgbd_converter:/home/usman/ros2_ws/install/pdf_to_matrix:/opt/ros/humble /usr/bin/cmake /home/usman/ros2_ws/src/zed-ros2-wrapper/zed-ros2-interfaces -DCMAKE_INSTALL_PREFIX=/home/usman/ros2_ws/install/zed_msgs
[1.174s] Invoking command in '/home/usman/ros2_ws/build/zed_msgs': CMAKE_PREFIX_PATH=${CMAKE_PREFIX_PATH}:/home/usman/ros2_ws/install/zedm_to_BC:/home/usman/ros2_ws/install/rgbd_pdf_exporter:/home/usman/ros2_ws/install/rgbd_observer:/home/usman/ros2_ws/install/rgbd_converter:/home/usman/ros2_ws/install/pdf_to_matrix:/opt/ros/humble /usr/bin/cmake --build /home/usman/ros2_ws/build/zed_msgs -- -j16 -l16
[1.210s] [35m[1mConsolidate compiler generated dependencies of target zed_msgs__rosidl_generator_c[0m
[1.215s] [  0%] Built target zed_msgs__cpp
[1.222s] [  0%] Built target ament_cmake_python_symlink_zed_msgs
[1.228s] [ 12%] Built target zed_msgs__rosidl_generator_c
[1.228s] [35m[1mConsolidate compiler generated dependencies of target zed_msgs__rosidl_typesupport_cpp[0m
[1.229s] [35m[1mConsolidate compiler generated dependencies of target zed_msgs__rosidl_typesupport_introspection_cpp[0m
[1.232s] [35m[1mConsolidate compiler generated dependencies of target zed_msgs__rosidl_typesupport_fastrtps_cpp[0m
[1.241s] [35m[1mConsolidate compiler generated dependencies of target zed_msgs__rosidl_typesupport_introspection_c[0m
[1.241s] [35m[1mConsolidate compiler generated dependencies of target zed_msgs__rosidl_typesupport_c[0m
[1.242s] [35m[1mConsolidate compiler generated dependencies of target zed_msgs__rosidl_typesupport_fastrtps_c[0m
[1.255s] [ 33%] Built target zed_msgs__rosidl_typesupport_cpp
[1.255s] [ 36%] Built target zed_msgs__rosidl_typesupport_introspection_cpp
[1.255s] [ 49%] Built target zed_msgs__rosidl_typesupport_introspection_c
[1.256s] [ 60%] Built target zed_msgs__rosidl_typesupport_c
[1.262s] [ 72%] Built target zed_msgs__rosidl_typesupport_fastrtps_cpp
[1.264s] [ 84%] Built target zed_msgs__rosidl_typesupport_fastrtps_c
[1.276s] [ 84%] Built target zed_msgs
[1.289s] [ 85%] Built target zed_msgs__py
[1.300s] [35m[1mConsolidate compiler generated dependencies of target zed_msgs__rosidl_generator_py[0m
[1.321s] [ 96%] Built target zed_msgs__rosidl_generator_py
[1.328s] [35m[1mConsolidate compiler generated dependencies of target zed_msgs__rosidl_typesupport_fastrtps_c__pyext[0m
[1.328s] [35m[1mConsolidate compiler generated dependencies of target zed_msgs__rosidl_typesupport_c__pyext[0m
[1.329s] [35m[1mConsolidate compiler generated dependencies of target zed_msgs__rosidl_typesupport_introspection_c__pyext[0m
[1.338s] [ 98%] Built target zed_msgs__rosidl_typesupport_introspection_c__pyext
[1.338s] [ 99%] Built target zed_msgs__rosidl_typesupport_fastrtps_c__pyext
[1.339s] [100%] Built target zed_msgs__rosidl_typesupport_c__pyext
[1.400s] running egg_info
[1.413s] writing zed_msgs.egg-info/PKG-INFO
[1.413s] writing dependency_links to zed_msgs.egg-info/dependency_links.txt
[1.414s] writing top-level names to zed_msgs.egg-info/top_level.txt
[1.453s] reading manifest file 'zed_msgs.egg-info/SOURCES.txt'
[1.455s] writing manifest file 'zed_msgs.egg-info/SOURCES.txt'
[1.478s] [100%] Built target ament_cmake_python_build_zed_msgs_egg
[1.487s] Invoked command in '/home/usman/ros2_ws/build/zed_msgs' returned '0': CMAKE_PREFIX_PATH=${CMAKE_PREFIX_PATH}:/home/usman/ros2_ws/install/zedm_to_BC:/home/usman/ros2_ws/install/rgbd_pdf_exporter:/home/usman/ros2_ws/install/rgbd_observer:/home/usman/ros2_ws/install/rgbd_converter:/home/usman/ros2_ws/install/pdf_to_matrix:/opt/ros/humble /usr/bin/cmake --build /home/usman/ros2_ws/build/zed_msgs -- -j16 -l16
[1.724s] Invoking command in '/home/usman/ros2_ws/build/zed_msgs': CMAKE_PREFIX_PATH=${CMAKE_PREFIX_PATH}:/home/usman/ros2_ws/install/zedm_to_BC:/home/usman/ros2_ws/install/rgbd_pdf_exporter:/home/usman/ros2_ws/install/rgbd_observer:/home/usman/ros2_ws/install/rgbd_converter:/home/usman/ros2_ws/install/pdf_to_matrix:/opt/ros/humble /usr/bin/cmake --install /home/usman/ros2_ws/build/zed_msgs
[1.729s] -- Install configuration: "Release"
[1.729s] -- Execute custom install script
[1.730s] -- Up-to-date symlink: /home/usman/ros2_ws/install/zed_msgs/share/ament_index/resource_index/rosidl_interfaces/zed_msgs
[1.730s] -- Up-to-date symlink: /home/usman/ros2_ws/install/zed_msgs/include/zed_msgs/zed_msgs/msg/bounding_box2_df.h
[1.730s] -- Up-to-date symlink: /home/usman/ros2_ws/install/zed_msgs/include/zed_msgs/zed_msgs/msg/bounding_box2_di.h
[1.731s] -- Up-to-date symlink: /home/usman/ros2_ws/install/zed_msgs/include/zed_msgs/zed_msgs/msg/bounding_box3_d.h
[1.731s] -- Up-to-date symlink: /home/usman/ros2_ws/install/zed_msgs/include/zed_msgs/zed_msgs/msg/depth_info_stamped.h
[1.731s] -- Up-to-date symlink: /home/usman/ros2_ws/install/zed_msgs/include/zed_msgs/zed_msgs/msg/detail/bounding_box2_df__functions.h
[1.731s] -- Up-to-date symlink: /home/usman/ros2_ws/install/zed_msgs/include/zed_msgs/zed_msgs/msg/detail/bounding_box2_df__struct.h
[1.731s] -- Up-to-date symlink: /home/usman/ros2_ws/install/zed_msgs/include/zed_msgs/zed_msgs/msg/detail/bounding_box2_df__type_support.h
[1.731s] -- Up-to-date symlink: /home/usman/ros2_ws/install/zed_msgs/include/zed_msgs/zed_msgs/msg/detail/bounding_box2_di__functions.h
[1.731s] -- Up-to-date symlink: /home/usman/ros2_ws/install/zed_msgs/include/zed_msgs/zed_msgs/msg/detail/bounding_box2_di__struct.h
[1.731s] -- Up-to-date symlink: /home/usman/ros2_ws/install/zed_msgs/include/zed_msgs/zed_msgs/msg/detail/bounding_box2_di__type_support.h
[1.731s] -- Up-to-date symlink: /home/usman/ros2_ws/install/zed_msgs/include/zed_msgs/zed_msgs/msg/detail/bounding_box3_d__functions.h
[1.731s] -- Up-to-date symlink: /home/usman/ros2_ws/install/zed_msgs/include/zed_msgs/zed_msgs/msg/detail/bounding_box3_d__struct.h
[1.732s] -- Up-to-date symlink: /home/usman/ros2_ws/install/zed_msgs/include/zed_msgs/zed_msgs/msg/detail/bounding_box3_d__type_support.h
[1.732s] -- Up-to-date symlink: /home/usman/ros2_ws/install/zed_msgs/include/zed_msgs/zed_msgs/msg/detail/depth_info_stamped__functions.h
[1.732s] -- Up-to-date symlink: /home/usman/ros2_ws/install/zed_msgs/include/zed_msgs/zed_msgs/msg/detail/depth_info_stamped__struct.h
[1.732s] -- Up-to-date symlink: /home/usman/ros2_ws/install/zed_msgs/include/zed_msgs/zed_msgs/msg/detail/depth_info_stamped__type_support.h
[1.732s] -- Up-to-date symlink: /home/usman/ros2_ws/install/zed_msgs/include/zed_msgs/zed_msgs/msg/detail/gnss_fusion_status__functions.h
[1.732s] -- Up-to-date symlink: /home/usman/ros2_ws/install/zed_msgs/include/zed_msgs/zed_msgs/msg/detail/gnss_fusion_status__struct.h
[1.732s] -- Up-to-date symlink: /home/usman/ros2_ws/install/zed_msgs/include/zed_msgs/zed_msgs/msg/detail/gnss_fusion_status__type_support.h
[1.732s] -- Up-to-date symlink: /home/usman/ros2_ws/install/zed_msgs/include/zed_msgs/zed_msgs/msg/detail/heartbeat__functions.h
[1.732s] -- Up-to-date symlink: /home/usman/ros2_ws/install/zed_msgs/include/zed_msgs/zed_msgs/msg/detail/heartbeat__struct.h
[1.732s] -- Up-to-date symlink: /home/usman/ros2_ws/install/zed_msgs/include/zed_msgs/zed_msgs/msg/detail/heartbeat__type_support.h
[1.733s] -- Up-to-date symlink: /home/usman/ros2_ws/install/zed_msgs/include/zed_msgs/zed_msgs/msg/detail/keypoint2_df__functions.h
[1.733s] -- Up-to-date symlink: /home/usman/ros2_ws/install/zed_msgs/include/zed_msgs/zed_msgs/msg/detail/keypoint2_df__struct.h
[1.733s] -- Up-to-date symlink: /home/usman/ros2_ws/install/zed_msgs/include/zed_msgs/zed_msgs/msg/detail/keypoint2_df__type_support.h
[1.733s] -- Up-to-date symlink: /home/usman/ros2_ws/install/zed_msgs/include/zed_msgs/zed_msgs/msg/detail/keypoint2_di__functions.h
[1.733s] -- Up-to-date symlink: /home/usman/ros2_ws/install/zed_msgs/include/zed_msgs/zed_msgs/msg/detail/keypoint2_di__struct.h
[1.733s] -- Up-to-date symlink: /home/usman/ros2_ws/install/zed_msgs/include/zed_msgs/zed_msgs/msg/detail/keypoint2_di__type_support.h
[1.733s] -- Up-to-date symlink: /home/usman/ros2_ws/install/zed_msgs/include/zed_msgs/zed_msgs/msg/detail/keypoint3_d__functions.h
[1.733s] -- Up-to-date symlink: /home/usman/ros2_ws/install/zed_msgs/include/zed_msgs/zed_msgs/msg/detail/keypoint3_d__struct.h
[1.733s] -- Up-to-date symlink: /home/usman/ros2_ws/install/zed_msgs/include/zed_msgs/zed_msgs/msg/detail/keypoint3_d__type_support.h
[1.733s] -- Up-to-date symlink: /home/usman/ros2_ws/install/zed_msgs/include/zed_msgs/zed_msgs/msg/detail/mag_heading_status__functions.h
[1.733s] -- Up-to-date symlink: /home/usman/ros2_ws/install/zed_msgs/include/zed_msgs/zed_msgs/msg/detail/mag_heading_status__struct.h
[1.734s] -- Up-to-date symlink: /home/usman/ros2_ws/install/zed_msgs/include/zed_msgs/zed_msgs/msg/detail/mag_heading_status__type_support.h
[1.734s] -- Up-to-date symlink: /home/usman/ros2_ws/install/zed_msgs/include/zed_msgs/zed_msgs/msg/detail/object__functions.h
[1.734s] -- Up-to-date symlink: /home/usman/ros2_ws/install/zed_msgs/include/zed_msgs/zed_msgs/msg/detail/object__struct.h
[1.734s] -- Up-to-date symlink: /home/usman/ros2_ws/install/zed_msgs/include/zed_msgs/zed_msgs/msg/detail/object__type_support.h
[1.734s] -- Up-to-date symlink: /home/usman/ros2_ws/install/zed_msgs/include/zed_msgs/zed_msgs/msg/detail/objects_stamped__functions.h
[1.734s] -- Up-to-date symlink: /home/usman/ros2_ws/install/zed_msgs/include/zed_msgs/zed_msgs/msg/detail/objects_stamped__struct.h
[1.734s] -- Up-to-date symlink: /home/usman/ros2_ws/install/zed_msgs/include/zed_msgs/zed_msgs/msg/detail/objects_stamped__type_support.h
[1.734s] -- Up-to-date symlink: /home/usman/ros2_ws/install/zed_msgs/include/zed_msgs/zed_msgs/msg/detail/plane_stamped__functions.h
[1.734s] -- Up-to-date symlink: /home/usman/ros2_ws/install/zed_msgs/include/zed_msgs/zed_msgs/msg/detail/plane_stamped__struct.h
[1.734s] -- Up-to-date symlink: /home/usman/ros2_ws/install/zed_msgs/include/zed_msgs/zed_msgs/msg/detail/plane_stamped__type_support.h
[1.734s] -- Up-to-date symlink: /home/usman/ros2_ws/install/zed_msgs/include/zed_msgs/zed_msgs/msg/detail/pos_track_status__functions.h
[1.734s] -- Up-to-date symlink: /home/usman/ros2_ws/install/zed_msgs/include/zed_msgs/zed_msgs/msg/detail/pos_track_status__struct.h
[1.735s] -- Up-to-date symlink: /home/usman/ros2_ws/install/zed_msgs/include/zed_msgs/zed_msgs/msg/detail/pos_track_status__type_support.h
[1.735s] -- Up-to-date symlink: /home/usman/ros2_ws/install/zed_msgs/include/zed_msgs/zed_msgs/msg/detail/skeleton2_d__functions.h
[1.735s] -- Up-to-date symlink: /home/usman/ros2_ws/install/zed_msgs/include/zed_msgs/zed_msgs/msg/detail/skeleton2_d__struct.h
[1.735s] -- Up-to-date symlink: /home/usman/ros2_ws/install/zed_msgs/include/zed_msgs/zed_msgs/msg/detail/skeleton2_d__type_support.h
[1.735s] -- Up-to-date symlink: /home/usman/ros2_ws/install/zed_msgs/include/zed_msgs/zed_msgs/msg/detail/skeleton3_d__functions.h
[1.735s] -- Up-to-date symlink: /home/usman/ros2_ws/install/zed_msgs/include/zed_msgs/zed_msgs/msg/detail/skeleton3_d__struct.h
[1.735s] -- Up-to-date symlink: /home/usman/ros2_ws/install/zed_msgs/include/zed_msgs/zed_msgs/msg/detail/skeleton3_d__type_support.h
[1.735s] -- Up-to-date symlink: /home/usman/ros2_ws/install/zed_msgs/include/zed_msgs/zed_msgs/msg/gnss_fusion_status.h
[1.735s] -- Up-to-date symlink: /home/usman/ros2_ws/install/zed_msgs/include/zed_msgs/zed_msgs/msg/heartbeat.h
[1.735s] -- Up-to-date symlink: /home/usman/ros2_ws/install/zed_msgs/include/zed_msgs/zed_msgs/msg/keypoint2_df.h
[1.735s] -- Up-to-date symlink: /home/usman/ros2_ws/install/zed_msgs/include/zed_msgs/zed_msgs/msg/keypoint2_di.h
[1.735s] -- Up-to-date symlink: /home/usman/ros2_ws/install/zed_msgs/include/zed_msgs/zed_msgs/msg/keypoint3_d.h
[1.735s] -- Up-to-date symlink: /home/usman/ros2_ws/install/zed_msgs/include/zed_msgs/zed_msgs/msg/mag_heading_status.h
[1.735s] -- Up-to-date symlink: /home/usman/ros2_ws/install/zed_msgs/include/zed_msgs/zed_msgs/msg/object.h
[1.735s] -- Up-to-date symlink: /home/usman/ros2_ws/install/zed_msgs/include/zed_msgs/zed_msgs/msg/objects_stamped.h
[1.736s] -- Up-to-date symlink: /home/usman/ros2_ws/install/zed_msgs/include/zed_msgs/zed_msgs/msg/plane_stamped.h
[1.736s] -- Up-to-date symlink: /home/usman/ros2_ws/install/zed_msgs/include/zed_msgs/zed_msgs/msg/pos_track_status.h
[1.736s] -- Up-to-date symlink: /home/usman/ros2_ws/install/zed_msgs/include/zed_msgs/zed_msgs/msg/rosidl_generator_c__visibility_control.h
[1.736s] -- Up-to-date symlink: /home/usman/ros2_ws/install/zed_msgs/include/zed_msgs/zed_msgs/msg/skeleton2_d.h
[1.736s] -- Up-to-date symlink: /home/usman/ros2_ws/install/zed_msgs/include/zed_msgs/zed_msgs/msg/skeleton3_d.h
[1.736s] -- Up-to-date symlink: /home/usman/ros2_ws/install/zed_msgs/include/zed_msgs/zed_msgs/srv/detail/set_pose__functions.h
[1.736s] -- Up-to-date symlink: /home/usman/ros2_ws/install/zed_msgs/include/zed_msgs/zed_msgs/srv/detail/set_pose__struct.h
[1.736s] -- Up-to-date symlink: /home/usman/ros2_ws/install/zed_msgs/include/zed_msgs/zed_msgs/srv/detail/set_pose__type_support.h
[1.736s] -- Up-to-date symlink: /home/usman/ros2_ws/install/zed_msgs/include/zed_msgs/zed_msgs/srv/detail/set_roi__functions.h
[1.736s] -- Up-to-date symlink: /home/usman/ros2_ws/install/zed_msgs/include/zed_msgs/zed_msgs/srv/detail/set_roi__struct.h
[1.736s] -- Up-to-date symlink: /home/usman/ros2_ws/install/zed_msgs/include/zed_msgs/zed_msgs/srv/detail/set_roi__type_support.h
[1.736s] -- Up-to-date symlink: /home/usman/ros2_ws/install/zed_msgs/include/zed_msgs/zed_msgs/srv/detail/start_svo_rec__functions.h
[1.736s] -- Up-to-date symlink: /home/usman/ros2_ws/install/zed_msgs/include/zed_msgs/zed_msgs/srv/detail/start_svo_rec__struct.h
[1.737s] -- Up-to-date symlink: /home/usman/ros2_ws/install/zed_msgs/include/zed_msgs/zed_msgs/srv/detail/start_svo_rec__type_support.h
[1.737s] -- Up-to-date symlink: /home/usman/ros2_ws/install/zed_msgs/include/zed_msgs/zed_msgs/srv/set_pose.h
[1.737s] -- Up-to-date symlink: /home/usman/ros2_ws/install/zed_msgs/include/zed_msgs/zed_msgs/srv/set_roi.h
[1.737s] -- Up-to-date symlink: /home/usman/ros2_ws/install/zed_msgs/include/zed_msgs/zed_msgs/srv/start_svo_rec.h
[1.737s] -- Up-to-date symlink: /home/usman/ros2_ws/install/zed_msgs/share/zed_msgs/environment/library_path.sh
[1.737s] -- Up-to-date symlink: /home/usman/ros2_ws/install/zed_msgs/share/zed_msgs/environment/library_path.dsv
[1.738s] -- Up-to-date symlink: /home/usman/ros2_ws/install/zed_msgs/include/zed_msgs/zed_msgs/msg/detail/bounding_box2_df__rosidl_typesupport_fastrtps_c.h
[1.738s] -- Up-to-date symlink: /home/usman/ros2_ws/install/zed_msgs/include/zed_msgs/zed_msgs/msg/detail/bounding_box2_di__rosidl_typesupport_fastrtps_c.h
[1.738s] -- Up-to-date symlink: /home/usman/ros2_ws/install/zed_msgs/include/zed_msgs/zed_msgs/msg/detail/bounding_box3_d__rosidl_typesupport_fastrtps_c.h
[1.738s] -- Up-to-date symlink: /home/usman/ros2_ws/install/zed_msgs/include/zed_msgs/zed_msgs/msg/detail/depth_info_stamped__rosidl_typesupport_fastrtps_c.h
[1.738s] -- Up-to-date symlink: /home/usman/ros2_ws/install/zed_msgs/include/zed_msgs/zed_msgs/msg/detail/gnss_fusion_status__rosidl_typesupport_fastrtps_c.h
[1.738s] -- Up-to-date symlink: /home/usman/ros2_ws/install/zed_msgs/include/zed_msgs/zed_msgs/msg/detail/heartbeat__rosidl_typesupport_fastrtps_c.h
[1.738s] -- Up-to-date symlink: /home/usman/ros2_ws/install/zed_msgs/include/zed_msgs/zed_msgs/msg/detail/keypoint2_df__rosidl_typesupport_fastrtps_c.h
[1.738s] -- Up-to-date symlink: /home/usman/ros2_ws/install/zed_msgs/include/zed_msgs/zed_msgs/msg/detail/keypoint2_di__rosidl_typesupport_fastrtps_c.h
[1.738s] -- Up-to-date symlink: /home/usman/ros2_ws/install/zed_msgs/include/zed_msgs/zed_msgs/msg/detail/keypoint3_d__rosidl_typesupport_fastrtps_c.h
[1.739s] -- Up-to-date symlink: /home/usman/ros2_ws/install/zed_msgs/include/zed_msgs/zed_msgs/msg/detail/mag_heading_status__rosidl_typesupport_fastrtps_c.h
[1.739s] -- Up-to-date symlink: /home/usman/ros2_ws/install/zed_msgs/include/zed_msgs/zed_msgs/msg/detail/object__rosidl_typesupport_fastrtps_c.h
[1.739s] -- Up-to-date symlink: /home/usman/ros2_ws/install/zed_msgs/include/zed_msgs/zed_msgs/msg/detail/objects_stamped__rosidl_typesupport_fastrtps_c.h
[1.739s] -- Up-to-date symlink: /home/usman/ros2_ws/install/zed_msgs/include/zed_msgs/zed_msgs/msg/detail/plane_stamped__rosidl_typesupport_fastrtps_c.h
[1.739s] -- Up-to-date symlink: /home/usman/ros2_ws/install/zed_msgs/include/zed_msgs/zed_msgs/msg/detail/pos_track_status__rosidl_typesupport_fastrtps_c.h
[1.739s] -- Up-to-date symlink: /home/usman/ros2_ws/install/zed_msgs/include/zed_msgs/zed_msgs/msg/detail/skeleton2_d__rosidl_typesupport_fastrtps_c.h
[1.739s] -- Up-to-date symlink: /home/usman/ros2_ws/install/zed_msgs/include/zed_msgs/zed_msgs/msg/detail/skeleton3_d__rosidl_typesupport_fastrtps_c.h
[1.739s] -- Up-to-date symlink: /home/usman/ros2_ws/install/zed_msgs/include/zed_msgs/zed_msgs/msg/rosidl_typesupport_fastrtps_c__visibility_control.h
[1.739s] -- Up-to-date symlink: /home/usman/ros2_ws/install/zed_msgs/include/zed_msgs/zed_msgs/srv/detail/set_pose__rosidl_typesupport_fastrtps_c.h
[1.739s] -- Up-to-date symlink: /home/usman/ros2_ws/install/zed_msgs/include/zed_msgs/zed_msgs/srv/detail/set_roi__rosidl_typesupport_fastrtps_c.h
[1.739s] -- Up-to-date symlink: /home/usman/ros2_ws/install/zed_msgs/include/zed_msgs/zed_msgs/srv/detail/start_svo_rec__rosidl_typesupport_fastrtps_c.h
[1.740s] -- Up-to-date symlink: /home/usman/ros2_ws/install/zed_msgs/include/zed_msgs/zed_msgs/msg/bounding_box2_df.hpp
[1.740s] -- Up-to-date symlink: /home/usman/ros2_ws/install/zed_msgs/include/zed_msgs/zed_msgs/msg/bounding_box2_di.hpp
[1.740s] -- Up-to-date symlink: /home/usman/ros2_ws/install/zed_msgs/include/zed_msgs/zed_msgs/msg/bounding_box3_d.hpp
[1.740s] -- Up-to-date symlink: /home/usman/ros2_ws/install/zed_msgs/include/zed_msgs/zed_msgs/msg/depth_info_stamped.hpp
[1.740s] -- Up-to-date symlink: /home/usman/ros2_ws/install/zed_msgs/include/zed_msgs/zed_msgs/msg/detail/bounding_box2_df__builder.hpp
[1.740s] -- Up-to-date symlink: /home/usman/ros2_ws/install/zed_msgs/include/zed_msgs/zed_msgs/msg/detail/bounding_box2_df__struct.hpp
[1.740s] -- Up-to-date symlink: /home/usman/ros2_ws/install/zed_msgs/include/zed_msgs/zed_msgs/msg/detail/bounding_box2_df__traits.hpp
[1.740s] -- Up-to-date symlink: /home/usman/ros2_ws/install/zed_msgs/include/zed_msgs/zed_msgs/msg/detail/bounding_box2_di__builder.hpp
[1.741s] -- Up-to-date symlink: /home/usman/ros2_ws/install/zed_msgs/include/zed_msgs/zed_msgs/msg/detail/bounding_box2_di__struct.hpp
[1.741s] -- Up-to-date symlink: /home/usman/ros2_ws/install/zed_msgs/include/zed_msgs/zed_msgs/msg/detail/bounding_box2_di__traits.hpp
[1.741s] -- Up-to-date symlink: /home/usman/ros2_ws/install/zed_msgs/include/zed_msgs/zed_msgs/msg/detail/bounding_box3_d__builder.hpp
[1.741s] -- Up-to-date symlink: /home/usman/ros2_ws/install/zed_msgs/include/zed_msgs/zed_msgs/msg/detail/bounding_box3_d__struct.hpp
[1.741s] -- Up-to-date symlink: /home/usman/ros2_ws/install/zed_msgs/include/zed_msgs/zed_msgs/msg/detail/bounding_box3_d__traits.hpp
[1.741s] -- Up-to-date symlink: /home/usman/ros2_ws/install/zed_msgs/include/zed_msgs/zed_msgs/msg/detail/depth_info_stamped__builder.hpp
[1.741s] -- Up-to-date symlink: /home/usman/ros2_ws/install/zed_msgs/include/zed_msgs/zed_msgs/msg/detail/depth_info_stamped__struct.hpp
[1.741s] -- Up-to-date symlink: /home/usman/ros2_ws/install/zed_msgs/include/zed_msgs/zed_msgs/msg/detail/depth_info_stamped__traits.hpp
[1.741s] -- Up-to-date symlink: /home/usman/ros2_ws/install/zed_msgs/include/zed_msgs/zed_msgs/msg/detail/gnss_fusion_status__builder.hpp
[1.741s] -- Up-to-date symlink: /home/usman/ros2_ws/install/zed_msgs/include/zed_msgs/zed_msgs/msg/detail/gnss_fusion_status__struct.hpp
[1.741s] -- Up-to-date symlink: /home/usman/ros2_ws/install/zed_msgs/include/zed_msgs/zed_msgs/msg/detail/gnss_fusion_status__traits.hpp
[1.741s] -- Up-to-date symlink: /home/usman/ros2_ws/install/zed_msgs/include/zed_msgs/zed_msgs/msg/detail/heartbeat__builder.hpp
[1.741s] -- Up-to-date symlink: /home/usman/ros2_ws/install/zed_msgs/include/zed_msgs/zed_msgs/msg/detail/heartbeat__struct.hpp
[1.741s] -- Up-to-date symlink: /home/usman/ros2_ws/install/zed_msgs/include/zed_msgs/zed_msgs/msg/detail/heartbeat__traits.hpp
[1.742s] -- Up-to-date symlink: /home/usman/ros2_ws/install/zed_msgs/include/zed_msgs/zed_msgs/msg/detail/keypoint2_df__builder.hpp
[1.742s] -- Up-to-date symlink: /home/usman/ros2_ws/install/zed_msgs/include/zed_msgs/zed_msgs/msg/detail/keypoint2_df__struct.hpp
[1.742s] -- Up-to-date symlink: /home/usman/ros2_ws/install/zed_msgs/include/zed_msgs/zed_msgs/msg/detail/keypoint2_df__traits.hpp
[1.742s] -- Up-to-date symlink: /home/usman/ros2_ws/install/zed_msgs/include/zed_msgs/zed_msgs/msg/detail/keypoint2_di__builder.hpp
[1.742s] -- Up-to-date symlink: /home/usman/ros2_ws/install/zed_msgs/include/zed_msgs/zed_msgs/msg/detail/keypoint2_di__struct.hpp
[1.742s] -- Up-to-date symlink: /home/usman/ros2_ws/install/zed_msgs/include/zed_msgs/zed_msgs/msg/detail/keypoint2_di__traits.hpp
[1.742s] -- Up-to-date symlink: /home/usman/ros2_ws/install/zed_msgs/include/zed_msgs/zed_msgs/msg/detail/keypoint3_d__builder.hpp
[1.742s] -- Up-to-date symlink: /home/usman/ros2_ws/install/zed_msgs/include/zed_msgs/zed_msgs/msg/detail/keypoint3_d__struct.hpp
[1.742s] -- Up-to-date symlink: /home/usman/ros2_ws/install/zed_msgs/include/zed_msgs/zed_msgs/msg/detail/keypoint3_d__traits.hpp
[1.742s] -- Up-to-date symlink: /home/usman/ros2_ws/install/zed_msgs/include/zed_msgs/zed_msgs/msg/detail/mag_heading_status__builder.hpp
[1.742s] -- Up-to-date symlink: /home/usman/ros2_ws/install/zed_msgs/include/zed_msgs/zed_msgs/msg/detail/mag_heading_status__struct.hpp
[1.742s] -- Up-to-date symlink: /home/usman/ros2_ws/install/zed_msgs/include/zed_msgs/zed_msgs/msg/detail/mag_heading_status__traits.hpp
[1.742s] -- Up-to-date symlink: /home/usman/ros2_ws/install/zed_msgs/include/zed_msgs/zed_msgs/msg/detail/object__builder.hpp
[1.743s] -- Up-to-date symlink: /home/usman/ros2_ws/install/zed_msgs/include/zed_msgs/zed_msgs/msg/detail/object__struct.hpp
[1.743s] -- Up-to-date symlink: /home/usman/ros2_ws/install/zed_msgs/include/zed_msgs/zed_msgs/msg/detail/object__traits.hpp
[1.743s] -- Up-to-date symlink: /home/usman/ros2_ws/install/zed_msgs/include/zed_msgs/zed_msgs/msg/detail/objects_stamped__builder.hpp
[1.743s] -- Up-to-date symlink: /home/usman/ros2_ws/install/zed_msgs/include/zed_msgs/zed_msgs/msg/detail/objects_stamped__struct.hpp
[1.743s] -- Up-to-date symlink: /home/usman/ros2_ws/install/zed_msgs/include/zed_msgs/zed_msgs/msg/detail/objects_stamped__traits.hpp
[1.743s] -- Up-to-date symlink: /home/usman/ros2_ws/install/zed_msgs/include/zed_msgs/zed_msgs/msg/detail/plane_stamped__builder.hpp
[1.743s] -- Up-to-date symlink: /home/usman/ros2_ws/install/zed_msgs/include/zed_msgs/zed_msgs/msg/detail/plane_stamped__struct.hpp
[1.743s] -- Up-to-date symlink: /home/usman/ros2_ws/install/zed_msgs/include/zed_msgs/zed_msgs/msg/detail/plane_stamped__traits.hpp
[1.743s] -- Up-to-date symlink: /home/usman/ros2_ws/install/zed_msgs/include/zed_msgs/zed_msgs/msg/detail/pos_track_status__builder.hpp
[1.743s] -- Up-to-date symlink: /home/usman/ros2_ws/install/zed_msgs/include/zed_msgs/zed_msgs/msg/detail/pos_track_status__struct.hpp
[1.743s] -- Up-to-date symlink: /home/usman/ros2_ws/install/zed_msgs/include/zed_msgs/zed_msgs/msg/detail/pos_track_status__traits.hpp
[1.743s] -- Up-to-date symlink: /home/usman/ros2_ws/install/zed_msgs/include/zed_msgs/zed_msgs/msg/detail/skeleton2_d__builder.hpp
[1.743s] -- Up-to-date symlink: /home/usman/ros2_ws/install/zed_msgs/include/zed_msgs/zed_msgs/msg/detail/skeleton2_d__struct.hpp
[1.743s] -- Up-to-date symlink: /home/usman/ros2_ws/install/zed_msgs/include/zed_msgs/zed_msgs/msg/detail/skeleton2_d__traits.hpp
[1.744s] -- Up-to-date symlink: /home/usman/ros2_ws/install/zed_msgs/include/zed_msgs/zed_msgs/msg/detail/skeleton3_d__builder.hpp
[1.744s] -- Up-to-date symlink: /home/usman/ros2_ws/install/zed_msgs/include/zed_msgs/zed_msgs/msg/detail/skeleton3_d__struct.hpp
[1.744s] -- Up-to-date symlink: /home/usman/ros2_ws/install/zed_msgs/include/zed_msgs/zed_msgs/msg/detail/skeleton3_d__traits.hpp
[1.744s] -- Up-to-date symlink: /home/usman/ros2_ws/install/zed_msgs/include/zed_msgs/zed_msgs/msg/gnss_fusion_status.hpp
[1.744s] -- Up-to-date symlink: /home/usman/ros2_ws/install/zed_msgs/include/zed_msgs/zed_msgs/msg/heartbeat.hpp
[1.744s] -- Up-to-date symlink: /home/usman/ros2_ws/install/zed_msgs/include/zed_msgs/zed_msgs/msg/keypoint2_df.hpp
[1.744s] -- Up-to-date symlink: /home/usman/ros2_ws/install/zed_msgs/include/zed_msgs/zed_msgs/msg/keypoint2_di.hpp
[1.744s] -- Up-to-date symlink: /home/usman/ros2_ws/install/zed_msgs/include/zed_msgs/zed_msgs/msg/keypoint3_d.hpp
[1.744s] -- Up-to-date symlink: /home/usman/ros2_ws/install/zed_msgs/include/zed_msgs/zed_msgs/msg/mag_heading_status.hpp
[1.744s] -- Up-to-date symlink: /home/usman/ros2_ws/install/zed_msgs/include/zed_msgs/zed_msgs/msg/object.hpp
[1.744s] -- Up-to-date symlink: /home/usman/ros2_ws/install/zed_msgs/include/zed_msgs/zed_msgs/msg/objects_stamped.hpp
[1.744s] -- Up-to-date symlink: /home/usman/ros2_ws/install/zed_msgs/include/zed_msgs/zed_msgs/msg/plane_stamped.hpp
[1.744s] -- Up-to-date symlink: /home/usman/ros2_ws/install/zed_msgs/include/zed_msgs/zed_msgs/msg/pos_track_status.hpp
[1.744s] -- Up-to-date symlink: /home/usman/ros2_ws/install/zed_msgs/include/zed_msgs/zed_msgs/msg/skeleton2_d.hpp
[1.745s] -- Up-to-date symlink: /home/usman/ros2_ws/install/zed_msgs/include/zed_msgs/zed_msgs/msg/skeleton3_d.hpp
[1.745s] -- Up-to-date symlink: /home/usman/ros2_ws/install/zed_msgs/include/zed_msgs/zed_msgs/srv/detail/set_pose__builder.hpp
[1.745s] -- Up-to-date symlink: /home/usman/ros2_ws/install/zed_msgs/include/zed_msgs/zed_msgs/srv/detail/set_pose__struct.hpp
[1.745s] -- Up-to-date symlink: /home/usman/ros2_ws/install/zed_msgs/include/zed_msgs/zed_msgs/srv/detail/set_pose__traits.hpp
[1.745s] -- Up-to-date symlink: /home/usman/ros2_ws/install/zed_msgs/include/zed_msgs/zed_msgs/srv/detail/set_roi__builder.hpp
[1.745s] -- Up-to-date symlink: /home/usman/ros2_ws/install/zed_msgs/include/zed_msgs/zed_msgs/srv/detail/set_roi__struct.hpp
[1.745s] -- Up-to-date symlink: /home/usman/ros2_ws/install/zed_msgs/include/zed_msgs/zed_msgs/srv/detail/set_roi__traits.hpp
[1.745s] -- Up-to-date symlink: /home/usman/ros2_ws/install/zed_msgs/include/zed_msgs/zed_msgs/srv/detail/start_svo_rec__builder.hpp
[1.745s] -- Up-to-date symlink: /home/usman/ros2_ws/install/zed_msgs/include/zed_msgs/zed_msgs/srv/detail/start_svo_rec__struct.hpp
[1.745s] -- Up-to-date symlink: /home/usman/ros2_ws/install/zed_msgs/include/zed_msgs/zed_msgs/srv/detail/start_svo_rec__traits.hpp
[1.745s] -- Up-to-date symlink: /home/usman/ros2_ws/install/zed_msgs/include/zed_msgs/zed_msgs/srv/set_pose.hpp
[1.745s] -- Up-to-date symlink: /home/usman/ros2_ws/install/zed_msgs/include/zed_msgs/zed_msgs/srv/set_roi.hpp
[1.745s] -- Up-to-date symlink: /home/usman/ros2_ws/install/zed_msgs/include/zed_msgs/zed_msgs/srv/start_svo_rec.hpp
[1.746s] -- Up-to-date symlink: /home/usman/ros2_ws/install/zed_msgs/include/zed_msgs/zed_msgs/msg/detail/bounding_box2_df__rosidl_typesupport_fastrtps_cpp.hpp
[1.746s] -- Up-to-date symlink: /home/usman/ros2_ws/install/zed_msgs/include/zed_msgs/zed_msgs/msg/detail/bounding_box2_di__rosidl_typesupport_fastrtps_cpp.hpp
[1.746s] -- Up-to-date symlink: /home/usman/ros2_ws/install/zed_msgs/include/zed_msgs/zed_msgs/msg/detail/bounding_box3_d__rosidl_typesupport_fastrtps_cpp.hpp
[1.746s] -- Up-to-date symlink: /home/usman/ros2_ws/install/zed_msgs/include/zed_msgs/zed_msgs/msg/detail/depth_info_stamped__rosidl_typesupport_fastrtps_cpp.hpp
[1.746s] -- Up-to-date symlink: /home/usman/ros2_ws/install/zed_msgs/include/zed_msgs/zed_msgs/msg/detail/gnss_fusion_status__rosidl_typesupport_fastrtps_cpp.hpp
[1.747s] -- Up-to-date symlink: /home/usman/ros2_ws/install/zed_msgs/include/zed_msgs/zed_msgs/msg/detail/heartbeat__rosidl_typesupport_fastrtps_cpp.hpp
[1.747s] -- Up-to-date symlink: /home/usman/ros2_ws/install/zed_msgs/include/zed_msgs/zed_msgs/msg/detail/keypoint2_df__rosidl_typesupport_fastrtps_cpp.hpp
[1.747s] -- Up-to-date symlink: /home/usman/ros2_ws/install/zed_msgs/include/zed_msgs/zed_msgs/msg/detail/keypoint2_di__rosidl_typesupport_fastrtps_cpp.hpp
[1.747s] -- Up-to-date symlink: /home/usman/ros2_ws/install/zed_msgs/include/zed_msgs/zed_msgs/msg/detail/keypoint3_d__rosidl_typesupport_fastrtps_cpp.hpp
[1.747s] -- Up-to-date symlink: /home/usman/ros2_ws/install/zed_msgs/include/zed_msgs/zed_msgs/msg/detail/mag_heading_status__rosidl_typesupport_fastrtps_cpp.hpp
[1.747s] -- Up-to-date symlink: /home/usman/ros2_ws/install/zed_msgs/include/zed_msgs/zed_msgs/msg/detail/object__rosidl_typesupport_fastrtps_cpp.hpp
[1.747s] -- Up-to-date symlink: /home/usman/ros2_ws/install/zed_msgs/include/zed_msgs/zed_msgs/msg/detail/objects_stamped__rosidl_typesupport_fastrtps_cpp.hpp
[1.747s] -- Up-to-date symlink: /home/usman/ros2_ws/install/zed_msgs/include/zed_msgs/zed_msgs/msg/detail/plane_stamped__rosidl_typesupport_fastrtps_cpp.hpp
[1.747s] -- Up-to-date symlink: /home/usman/ros2_ws/install/zed_msgs/include/zed_msgs/zed_msgs/msg/detail/pos_track_status__rosidl_typesupport_fastrtps_cpp.hpp
[1.747s] -- Up-to-date symlink: /home/usman/ros2_ws/install/zed_msgs/include/zed_msgs/zed_msgs/msg/detail/skeleton2_d__rosidl_typesupport_fastrtps_cpp.hpp
[1.747s] -- Up-to-date symlink: /home/usman/ros2_ws/install/zed_msgs/include/zed_msgs/zed_msgs/msg/detail/skeleton3_d__rosidl_typesupport_fastrtps_cpp.hpp
[1.747s] -- Up-to-date symlink: /home/usman/ros2_ws/install/zed_msgs/include/zed_msgs/zed_msgs/msg/rosidl_typesupport_fastrtps_cpp__visibility_control.h
[1.747s] -- Up-to-date symlink: /home/usman/ros2_ws/install/zed_msgs/include/zed_msgs/zed_msgs/srv/detail/set_pose__rosidl_typesupport_fastrtps_cpp.hpp
[1.747s] -- Up-to-date symlink: /home/usman/ros2_ws/install/zed_msgs/include/zed_msgs/zed_msgs/srv/detail/set_roi__rosidl_typesupport_fastrtps_cpp.hpp
[1.748s] -- Up-to-date symlink: /home/usman/ros2_ws/install/zed_msgs/include/zed_msgs/zed_msgs/srv/detail/start_svo_rec__rosidl_typesupport_fastrtps_cpp.hpp
[1.748s] -- Up-to-date symlink: /home/usman/ros2_ws/install/zed_msgs/include/zed_msgs/zed_msgs/msg/detail/bounding_box2_df__rosidl_typesupport_introspection_c.h
[1.748s] -- Up-to-date symlink: /home/usman/ros2_ws/install/zed_msgs/include/zed_msgs/zed_msgs/msg/detail/bounding_box2_di__rosidl_typesupport_introspection_c.h
[1.748s] -- Up-to-date symlink: /home/usman/ros2_ws/install/zed_msgs/include/zed_msgs/zed_msgs/msg/detail/bounding_box3_d__rosidl_typesupport_introspection_c.h
[1.748s] -- Up-to-date symlink: /home/usman/ros2_ws/install/zed_msgs/include/zed_msgs/zed_msgs/msg/detail/depth_info_stamped__rosidl_typesupport_introspection_c.h
[1.748s] -- Up-to-date symlink: /home/usman/ros2_ws/install/zed_msgs/include/zed_msgs/zed_msgs/msg/detail/gnss_fusion_status__rosidl_typesupport_introspection_c.h
[1.748s] -- Up-to-date symlink: /home/usman/ros2_ws/install/zed_msgs/include/zed_msgs/zed_msgs/msg/detail/heartbeat__rosidl_typesupport_introspection_c.h
[1.748s] -- Up-to-date symlink: /home/usman/ros2_ws/install/zed_msgs/include/zed_msgs/zed_msgs/msg/detail/keypoint2_df__rosidl_typesupport_introspection_c.h
[1.748s] -- Up-to-date symlink: /home/usman/ros2_ws/install/zed_msgs/include/zed_msgs/zed_msgs/msg/detail/keypoint2_di__rosidl_typesupport_introspection_c.h
[1.749s] -- Up-to-date symlink: /home/usman/ros2_ws/install/zed_msgs/include/zed_msgs/zed_msgs/msg/detail/keypoint3_d__rosidl_typesupport_introspection_c.h
[1.749s] -- Up-to-date symlink: /home/usman/ros2_ws/install/zed_msgs/include/zed_msgs/zed_msgs/msg/detail/mag_heading_status__rosidl_typesupport_introspection_c.h
[1.749s] -- Up-to-date symlink: /home/usman/ros2_ws/install/zed_msgs/include/zed_msgs/zed_msgs/msg/detail/object__rosidl_typesupport_introspection_c.h
[1.749s] -- Up-to-date symlink: /home/usman/ros2_ws/install/zed_msgs/include/zed_msgs/zed_msgs/msg/detail/objects_stamped__rosidl_typesupport_introspection_c.h
[1.749s] -- Up-to-date symlink: /home/usman/ros2_ws/install/zed_msgs/include/zed_msgs/zed_msgs/msg/detail/plane_stamped__rosidl_typesupport_introspection_c.h
[1.749s] -- Up-to-date symlink: /home/usman/ros2_ws/install/zed_msgs/include/zed_msgs/zed_msgs/msg/detail/pos_track_status__rosidl_typesupport_introspection_c.h
[1.749s] -- Up-to-date symlink: /home/usman/ros2_ws/install/zed_msgs/include/zed_msgs/zed_msgs/msg/detail/skeleton2_d__rosidl_typesupport_introspection_c.h
[1.749s] -- Up-to-date symlink: /home/usman/ros2_ws/install/zed_msgs/include/zed_msgs/zed_msgs/msg/detail/skeleton3_d__rosidl_typesupport_introspection_c.h
[1.749s] -- Up-to-date symlink: /home/usman/ros2_ws/install/zed_msgs/include/zed_msgs/zed_msgs/msg/rosidl_typesupport_introspection_c__visibility_control.h
[1.749s] -- Up-to-date symlink: /home/usman/ros2_ws/install/zed_msgs/include/zed_msgs/zed_msgs/srv/detail/set_pose__rosidl_typesupport_introspection_c.h
[1.749s] -- Up-to-date symlink: /home/usman/ros2_ws/install/zed_msgs/include/zed_msgs/zed_msgs/srv/detail/set_roi__rosidl_typesupport_introspection_c.h
[1.749s] -- Up-to-date symlink: /home/usman/ros2_ws/install/zed_msgs/include/zed_msgs/zed_msgs/srv/detail/start_svo_rec__rosidl_typesupport_introspection_c.h
[1.750s] -- Up-to-date symlink: /home/usman/ros2_ws/install/zed_msgs/include/zed_msgs/zed_msgs/msg/detail/bounding_box2_df__rosidl_typesupport_introspection_cpp.hpp
[1.750s] -- Up-to-date symlink: /home/usman/ros2_ws/install/zed_msgs/include/zed_msgs/zed_msgs/msg/detail/bounding_box2_di__rosidl_typesupport_introspection_cpp.hpp
[1.750s] -- Up-to-date symlink: /home/usman/ros2_ws/install/zed_msgs/include/zed_msgs/zed_msgs/msg/detail/bounding_box3_d__rosidl_typesupport_introspection_cpp.hpp
[1.750s] -- Up-to-date symlink: /home/usman/ros2_ws/install/zed_msgs/include/zed_msgs/zed_msgs/msg/detail/depth_info_stamped__rosidl_typesupport_introspection_cpp.hpp
[1.750s] -- Up-to-date symlink: /home/usman/ros2_ws/install/zed_msgs/include/zed_msgs/zed_msgs/msg/detail/gnss_fusion_status__rosidl_typesupport_introspection_cpp.hpp
[1.750s] -- Up-to-date symlink: /home/usman/ros2_ws/install/zed_msgs/include/zed_msgs/zed_msgs/msg/detail/heartbeat__rosidl_typesupport_introspection_cpp.hpp
[1.750s] -- Up-to-date symlink: /home/usman/ros2_ws/install/zed_msgs/include/zed_msgs/zed_msgs/msg/detail/keypoint2_df__rosidl_typesupport_introspection_cpp.hpp
[1.750s] -- Up-to-date symlink: /home/usman/ros2_ws/install/zed_msgs/include/zed_msgs/zed_msgs/msg/detail/keypoint2_di__rosidl_typesupport_introspection_cpp.hpp
[1.750s] -- Up-to-date symlink: /home/usman/ros2_ws/install/zed_msgs/include/zed_msgs/zed_msgs/msg/detail/keypoint3_d__rosidl_typesupport_introspection_cpp.hpp
[1.750s] -- Up-to-date symlink: /home/usman/ros2_ws/install/zed_msgs/include/zed_msgs/zed_msgs/msg/detail/mag_heading_status__rosidl_typesupport_introspection_cpp.hpp
[1.751s] -- Up-to-date symlink: /home/usman/ros2_ws/install/zed_msgs/include/zed_msgs/zed_msgs/msg/detail/object__rosidl_typesupport_introspection_cpp.hpp
[1.751s] -- Up-to-date symlink: /home/usman/ros2_ws/install/zed_msgs/include/zed_msgs/zed_msgs/msg/detail/objects_stamped__rosidl_typesupport_introspection_cpp.hpp
[1.751s] -- Up-to-date symlink: /home/usman/ros2_ws/install/zed_msgs/include/zed_msgs/zed_msgs/msg/detail/plane_stamped__rosidl_typesupport_introspection_cpp.hpp
[1.751s] -- Up-to-date symlink: /home/usman/ros2_ws/install/zed_msgs/include/zed_msgs/zed_msgs/msg/detail/pos_track_status__rosidl_typesupport_introspection_cpp.hpp
[1.751s] -- Up-to-date symlink: /home/usman/ros2_ws/install/zed_msgs/include/zed_msgs/zed_msgs/msg/detail/skeleton2_d__rosidl_typesupport_introspection_cpp.hpp
[1.751s] -- Up-to-date symlink: /home/usman/ros2_ws/install/zed_msgs/include/zed_msgs/zed_msgs/msg/detail/skeleton3_d__rosidl_typesupport_introspection_cpp.hpp
[1.751s] -- Up-to-date symlink: /home/usman/ros2_ws/install/zed_msgs/include/zed_msgs/zed_msgs/srv/detail/set_pose__rosidl_typesupport_introspection_cpp.hpp
[1.751s] -- Up-to-date symlink: /home/usman/ros2_ws/install/zed_msgs/include/zed_msgs/zed_msgs/srv/detail/set_roi__rosidl_typesupport_introspection_cpp.hpp
[1.751s] -- Up-to-date symlink: /home/usman/ros2_ws/install/zed_msgs/include/zed_msgs/zed_msgs/srv/detail/start_svo_rec__rosidl_typesupport_introspection_cpp.hpp
[1.751s] -- Up-to-date symlink: /home/usman/ros2_ws/install/zed_msgs/share/zed_msgs/environment/pythonpath.sh
[1.751s] -- Up-to-date symlink: /home/usman/ros2_ws/install/zed_msgs/share/zed_msgs/environment/pythonpath.dsv
[1.751s] -- Up-to-date symlink: /home/usman/ros2_ws/install/zed_msgs/local/lib/python3.10/dist-packages/zed_msgs-4.2.1-py3.10.egg-info/PKG-INFO
[1.752s] -- Up-to-date symlink: /home/usman/ros2_ws/install/zed_msgs/local/lib/python3.10/dist-packages/zed_msgs-4.2.1-py3.10.egg-info/SOURCES.txt
[1.752s] -- Up-to-date symlink: /home/usman/ros2_ws/install/zed_msgs/local/lib/python3.10/dist-packages/zed_msgs-4.2.1-py3.10.egg-info/dependency_links.txt
[1.752s] -- Up-to-date symlink: /home/usman/ros2_ws/install/zed_msgs/local/lib/python3.10/dist-packages/zed_msgs-4.2.1-py3.10.egg-info/top_level.txt
[1.753s] -- Up-to-date symlink: /home/usman/ros2_ws/install/zed_msgs/local/lib/python3.10/dist-packages/zed_msgs/__init__.py
[1.753s] -- Up-to-date symlink: /home/usman/ros2_ws/install/zed_msgs/local/lib/python3.10/dist-packages/zed_msgs/_zed_msgs_s.ep.rosidl_typesupport_c.c
[1.753s] -- Up-to-date symlink: /home/usman/ros2_ws/install/zed_msgs/local/lib/python3.10/dist-packages/zed_msgs/_zed_msgs_s.ep.rosidl_typesupport_fastrtps_c.c
[1.753s] -- Up-to-date symlink: /home/usman/ros2_ws/install/zed_msgs/local/lib/python3.10/dist-packages/zed_msgs/_zed_msgs_s.ep.rosidl_typesupport_introspection_c.c
[1.753s] -- Up-to-date symlink: /home/usman/ros2_ws/install/zed_msgs/local/lib/python3.10/dist-packages/zed_msgs/libzed_msgs__rosidl_generator_py.so
[1.753s] -- Up-to-date symlink: /home/usman/ros2_ws/install/zed_msgs/local/lib/python3.10/dist-packages/zed_msgs/msg/__init__.py
[1.753s] -- Up-to-date symlink: /home/usman/ros2_ws/install/zed_msgs/local/lib/python3.10/dist-packages/zed_msgs/msg/_bounding_box2_df.py
[1.753s] -- Up-to-date symlink: /home/usman/ros2_ws/install/zed_msgs/local/lib/python3.10/dist-packages/zed_msgs/msg/_bounding_box2_df_s.c
[1.753s] -- Up-to-date symlink: /home/usman/ros2_ws/install/zed_msgs/local/lib/python3.10/dist-packages/zed_msgs/msg/_bounding_box2_di.py
[1.753s] -- Up-to-date symlink: /home/usman/ros2_ws/install/zed_msgs/local/lib/python3.10/dist-packages/zed_msgs/msg/_bounding_box2_di_s.c
[1.753s] -- Up-to-date symlink: /home/usman/ros2_ws/install/zed_msgs/local/lib/python3.10/dist-packages/zed_msgs/msg/_bounding_box3_d.py
[1.753s] -- Up-to-date symlink: /home/usman/ros2_ws/install/zed_msgs/local/lib/python3.10/dist-packages/zed_msgs/msg/_bounding_box3_d_s.c
[1.753s] -- Up-to-date symlink: /home/usman/ros2_ws/install/zed_msgs/local/lib/python3.10/dist-packages/zed_msgs/msg/_depth_info_stamped.py
[1.753s] -- Up-to-date symlink: /home/usman/ros2_ws/install/zed_msgs/local/lib/python3.10/dist-packages/zed_msgs/msg/_depth_info_stamped_s.c
[1.754s] -- Up-to-date symlink: /home/usman/ros2_ws/install/zed_msgs/local/lib/python3.10/dist-packages/zed_msgs/msg/_gnss_fusion_status.py
[1.754s] -- Up-to-date symlink: /home/usman/ros2_ws/install/zed_msgs/local/lib/python3.10/dist-packages/zed_msgs/msg/_gnss_fusion_status_s.c
[1.754s] -- Up-to-date symlink: /home/usman/ros2_ws/install/zed_msgs/local/lib/python3.10/dist-packages/zed_msgs/msg/_heartbeat.py
[1.754s] -- Up-to-date symlink: /home/usman/ros2_ws/install/zed_msgs/local/lib/python3.10/dist-packages/zed_msgs/msg/_heartbeat_s.c
[1.754s] -- Up-to-date symlink: /home/usman/ros2_ws/install/zed_msgs/local/lib/python3.10/dist-packages/zed_msgs/msg/_keypoint2_df.py
[1.754s] -- Up-to-date symlink: /home/usman/ros2_ws/install/zed_msgs/local/lib/python3.10/dist-packages/zed_msgs/msg/_keypoint2_df_s.c
[1.754s] -- Up-to-date symlink: /home/usman/ros2_ws/install/zed_msgs/local/lib/python3.10/dist-packages/zed_msgs/msg/_keypoint2_di.py
[1.754s] -- Up-to-date symlink: /home/usman/ros2_ws/install/zed_msgs/local/lib/python3.10/dist-packages/zed_msgs/msg/_keypoint2_di_s.c
[1.754s] -- Up-to-date symlink: /home/usman/ros2_ws/install/zed_msgs/local/lib/python3.10/dist-packages/zed_msgs/msg/_keypoint3_d.py
[1.754s] -- Up-to-date symlink: /home/usman/ros2_ws/install/zed_msgs/local/lib/python3.10/dist-packages/zed_msgs/msg/_keypoint3_d_s.c
[1.754s] -- Up-to-date symlink: /home/usman/ros2_ws/install/zed_msgs/local/lib/python3.10/dist-packages/zed_msgs/msg/_mag_heading_status.py
[1.754s] -- Up-to-date symlink: /home/usman/ros2_ws/install/zed_msgs/local/lib/python3.10/dist-packages/zed_msgs/msg/_mag_heading_status_s.c
[1.754s] -- Up-to-date symlink: /home/usman/ros2_ws/install/zed_msgs/local/lib/python3.10/dist-packages/zed_msgs/msg/_object.py
[1.754s] -- Up-to-date symlink: /home/usman/ros2_ws/install/zed_msgs/local/lib/python3.10/dist-packages/zed_msgs/msg/_object_s.c
[1.754s] -- Up-to-date symlink: /home/usman/ros2_ws/install/zed_msgs/local/lib/python3.10/dist-packages/zed_msgs/msg/_objects_stamped.py
[1.755s] -- Up-to-date symlink: /home/usman/ros2_ws/install/zed_msgs/local/lib/python3.10/dist-packages/zed_msgs/msg/_objects_stamped_s.c
[1.755s] -- Up-to-date symlink: /home/usman/ros2_ws/install/zed_msgs/local/lib/python3.10/dist-packages/zed_msgs/msg/_plane_stamped.py
[1.755s] -- Up-to-date symlink: /home/usman/ros2_ws/install/zed_msgs/local/lib/python3.10/dist-packages/zed_msgs/msg/_plane_stamped_s.c
[1.755s] -- Up-to-date symlink: /home/usman/ros2_ws/install/zed_msgs/local/lib/python3.10/dist-packages/zed_msgs/msg/_pos_track_status.py
[1.755s] -- Up-to-date symlink: /home/usman/ros2_ws/install/zed_msgs/local/lib/python3.10/dist-packages/zed_msgs/msg/_pos_track_status_s.c
[1.755s] -- Up-to-date symlink: /home/usman/ros2_ws/install/zed_msgs/local/lib/python3.10/dist-packages/zed_msgs/msg/_skeleton2_d.py
[1.755s] -- Up-to-date symlink: /home/usman/ros2_ws/install/zed_msgs/local/lib/python3.10/dist-packages/zed_msgs/msg/_skeleton2_d_s.c
[1.755s] -- Up-to-date symlink: /home/usman/ros2_ws/install/zed_msgs/local/lib/python3.10/dist-packages/zed_msgs/msg/_skeleton3_d.py
[1.755s] -- Up-to-date symlink: /home/usman/ros2_ws/install/zed_msgs/local/lib/python3.10/dist-packages/zed_msgs/msg/_skeleton3_d_s.c
[1.755s] -- Up-to-date symlink: /home/usman/ros2_ws/install/zed_msgs/local/lib/python3.10/dist-packages/zed_msgs/srv/__init__.py
[1.755s] -- Up-to-date symlink: /home/usman/ros2_ws/install/zed_msgs/local/lib/python3.10/dist-packages/zed_msgs/srv/_set_pose.py
[1.755s] -- Up-to-date symlink: /home/usman/ros2_ws/install/zed_msgs/local/lib/python3.10/dist-packages/zed_msgs/srv/_set_pose_s.c
[1.755s] -- Up-to-date symlink: /home/usman/ros2_ws/install/zed_msgs/local/lib/python3.10/dist-packages/zed_msgs/srv/_set_roi.py
[1.755s] -- Up-to-date symlink: /home/usman/ros2_ws/install/zed_msgs/local/lib/python3.10/dist-packages/zed_msgs/srv/_set_roi_s.c
[1.756s] -- Up-to-date symlink: /home/usman/ros2_ws/install/zed_msgs/local/lib/python3.10/dist-packages/zed_msgs/srv/_start_svo_rec.py
[1.756s] -- Up-to-date symlink: /home/usman/ros2_ws/install/zed_msgs/local/lib/python3.10/dist-packages/zed_msgs/srv/_start_svo_rec_s.c
[1.756s] -- Up-to-date symlink: /home/usman/ros2_ws/install/zed_msgs/local/lib/python3.10/dist-packages/zed_msgs/zed_msgs_s__rosidl_typesupport_c.cpython-310-x86_64-linux-gnu.so
[1.756s] -- Up-to-date symlink: /home/usman/ros2_ws/install/zed_msgs/local/lib/python3.10/dist-packages/zed_msgs/zed_msgs_s__rosidl_typesupport_fastrtps_c.cpython-310-x86_64-linux-gnu.so
[1.756s] -- Up-to-date symlink: /home/usman/ros2_ws/install/zed_msgs/local/lib/python3.10/dist-packages/zed_msgs/zed_msgs_s__rosidl_typesupport_introspection_c.cpython-310-x86_64-linux-gnu.so
[1.756s] -- Up-to-date symlink: /home/usman/ros2_ws/install/zed_msgs/local/lib/python3.10/dist-packages/zed_msgs/zed_msgs_s__rosidl_typesupport_fastrtps_c.cpython-310-x86_64-linux-gnu.so
[1.756s] -- Up-to-date symlink: /home/usman/ros2_ws/install/zed_msgs/local/lib/python3.10/dist-packages/zed_msgs/zed_msgs_s__rosidl_typesupport_introspection_c.cpython-310-x86_64-linux-gnu.so
[1.756s] -- Up-to-date symlink: /home/usman/ros2_ws/install/zed_msgs/local/lib/python3.10/dist-packages/zed_msgs/zed_msgs_s__rosidl_typesupport_c.cpython-310-x86_64-linux-gnu.so
[1.756s] -- Up-to-date symlink: /home/usman/ros2_ws/install/zed_msgs/share/zed_msgs/msg/Object.idl
[1.756s] -- Up-to-date symlink: /home/usman/ros2_ws/install/zed_msgs/share/zed_msgs/msg/ObjectsStamped.idl
[1.757s] -- Up-to-date symlink: /home/usman/ros2_ws/install/zed_msgs/share/zed_msgs/msg/Keypoint2Di.idl
[1.757s] -- Up-to-date symlink: /home/usman/ros2_ws/install/zed_msgs/share/zed_msgs/msg/Keypoint2Df.idl
[1.757s] -- Up-to-date symlink: /home/usman/ros2_ws/install/zed_msgs/share/zed_msgs/msg/Keypoint3D.idl
[1.757s] -- Up-to-date symlink: /home/usman/ros2_ws/install/zed_msgs/share/zed_msgs/msg/BoundingBox2Di.idl
[1.757s] -- Up-to-date symlink: /home/usman/ros2_ws/install/zed_msgs/share/zed_msgs/msg/BoundingBox2Df.idl
[1.757s] -- Up-to-date symlink: /home/usman/ros2_ws/install/zed_msgs/share/zed_msgs/msg/BoundingBox3D.idl
[1.757s] -- Up-to-date symlink: /home/usman/ros2_ws/install/zed_msgs/share/zed_msgs/msg/Skeleton2D.idl
[1.757s] -- Up-to-date symlink: /home/usman/ros2_ws/install/zed_msgs/share/zed_msgs/msg/Skeleton3D.idl
[1.757s] -- Up-to-date symlink: /home/usman/ros2_ws/install/zed_msgs/share/zed_msgs/msg/DepthInfoStamped.idl
[1.757s] -- Up-to-date symlink: /home/usman/ros2_ws/install/zed_msgs/share/zed_msgs/msg/PlaneStamped.idl
[1.757s] -- Up-to-date symlink: /home/usman/ros2_ws/install/zed_msgs/share/zed_msgs/msg/PosTrackStatus.idl
[1.757s] -- Up-to-date symlink: /home/usman/ros2_ws/install/zed_msgs/share/zed_msgs/msg/GnssFusionStatus.idl
[1.758s] -- Up-to-date symlink: /home/usman/ros2_ws/install/zed_msgs/share/zed_msgs/msg/Heartbeat.idl
[1.758s] -- Up-to-date symlink: /home/usman/ros2_ws/install/zed_msgs/share/zed_msgs/msg/MagHeadingStatus.idl
[1.758s] -- Up-to-date symlink: /home/usman/ros2_ws/install/zed_msgs/share/zed_msgs/srv/SetPose.idl
[1.758s] -- Up-to-date symlink: /home/usman/ros2_ws/install/zed_msgs/share/zed_msgs/srv/StartSvoRec.idl
[1.758s] -- Up-to-date symlink: /home/usman/ros2_ws/install/zed_msgs/share/zed_msgs/srv/SetROI.idl
[1.758s] -- Up-to-date symlink: /home/usman/ros2_ws/install/zed_msgs/share/zed_msgs/msg/Object.msg
[1.758s] -- Up-to-date symlink: /home/usman/ros2_ws/install/zed_msgs/share/zed_msgs/msg/ObjectsStamped.msg
[1.758s] -- Up-to-date symlink: /home/usman/ros2_ws/install/zed_msgs/share/zed_msgs/msg/Keypoint2Di.msg
[1.758s] -- Up-to-date symlink: /home/usman/ros2_ws/install/zed_msgs/share/zed_msgs/msg/Keypoint2Df.msg
[1.758s] -- Up-to-date symlink: /home/usman/ros2_ws/install/zed_msgs/share/zed_msgs/msg/Keypoint3D.msg
[1.758s] -- Up-to-date symlink: /home/usman/ros2_ws/install/zed_msgs/share/zed_msgs/msg/BoundingBox2Di.msg
[1.758s] -- Up-to-date symlink: /home/usman/ros2_ws/install/zed_msgs/share/zed_msgs/msg/BoundingBox2Df.msg
[1.759s] -- Up-to-date symlink: /home/usman/ros2_ws/install/zed_msgs/share/zed_msgs/msg/BoundingBox3D.msg
[1.759s] -- Up-to-date symlink: /home/usman/ros2_ws/install/zed_msgs/share/zed_msgs/msg/Skeleton2D.msg
[1.759s] -- Up-to-date symlink: /home/usman/ros2_ws/install/zed_msgs/share/zed_msgs/msg/Skeleton3D.msg
[1.759s] -- Up-to-date symlink: /home/usman/ros2_ws/install/zed_msgs/share/zed_msgs/msg/DepthInfoStamped.msg
[1.759s] -- Up-to-date symlink: /home/usman/ros2_ws/install/zed_msgs/share/zed_msgs/msg/PlaneStamped.msg
[1.759s] -- Up-to-date symlink: /home/usman/ros2_ws/install/zed_msgs/share/zed_msgs/msg/PosTrackStatus.msg
[1.759s] -- Up-to-date symlink: /home/usman/ros2_ws/install/zed_msgs/share/zed_msgs/msg/GnssFusionStatus.msg
[1.759s] -- Up-to-date symlink: /home/usman/ros2_ws/install/zed_msgs/share/zed_msgs/msg/Heartbeat.msg
[1.759s] -- Up-to-date symlink: /home/usman/ros2_ws/install/zed_msgs/share/zed_msgs/msg/MagHeadingStatus.msg
[1.759s] -- Up-to-date symlink: /home/usman/ros2_ws/install/zed_msgs/share/zed_msgs/srv/SetPose.srv
[1.759s] -- Up-to-date symlink: /home/usman/ros2_ws/install/zed_msgs/share/zed_msgs/srv/SetPose_Request.msg
[1.760s] -- Up-to-date symlink: /home/usman/ros2_ws/install/zed_msgs/share/zed_msgs/srv/SetPose_Response.msg
[1.760s] -- Up-to-date symlink: /home/usman/ros2_ws/install/zed_msgs/share/zed_msgs/srv/StartSvoRec.srv
[1.760s] -- Up-to-date symlink: /home/usman/ros2_ws/install/zed_msgs/share/zed_msgs/srv/StartSvoRec_Request.msg
[1.760s] -- Up-to-date symlink: /home/usman/ros2_ws/install/zed_msgs/share/zed_msgs/srv/StartSvoRec_Response.msg
[1.760s] -- Up-to-date symlink: /home/usman/ros2_ws/install/zed_msgs/share/zed_msgs/srv/SetROI.srv
[1.760s] -- Up-to-date symlink: /home/usman/ros2_ws/install/zed_msgs/share/zed_msgs/srv/SetROI_Request.msg
[1.760s] -- Up-to-date symlink: /home/usman/ros2_ws/install/zed_msgs/share/zed_msgs/srv/SetROI_Response.msg
[1.760s] -- Up-to-date symlink: /home/usman/ros2_ws/install/zed_msgs/share/zed_msgs/meshes/virtual.stl
[1.760s] -- Up-to-date symlink: /home/usman/ros2_ws/install/zed_msgs/share/zed_msgs/meshes/zed.stl
[1.760s] -- Up-to-date symlink: /home/usman/ros2_ws/install/zed_msgs/share/zed_msgs/meshes/zed2.stl
[1.760s] -- Up-to-date symlink: /home/usman/ros2_ws/install/zed_msgs/share/zed_msgs/meshes/zed2i.stl
[1.761s] -- Up-to-date symlink: /home/usman/ros2_ws/install/zed_msgs/share/zed_msgs/meshes/zedm.stl
[1.761s] -- Up-to-date symlink: /home/usman/ros2_ws/install/zed_msgs/share/zed_msgs/meshes/zedx.stl
[1.761s] -- Up-to-date symlink: /home/usman/ros2_ws/install/zed_msgs/share/zed_msgs/meshes/zedxm.stl
[1.761s] -- Up-to-date symlink: /home/usman/ros2_ws/install/zed_msgs/share/zed_msgs/meshes/zedxone4k.stl
[1.761s] -- Up-to-date symlink: /home/usman/ros2_ws/install/zed_msgs/share/zed_msgs/meshes/zedxonegs.stl
[1.761s] -- Up-to-date symlink: /home/usman/ros2_ws/install/zed_msgs/share/ament_index/resource_index/package_run_dependencies/zed_msgs
[1.761s] -- Up-to-date symlink: /home/usman/ros2_ws/install/zed_msgs/share/ament_index/resource_index/parent_prefix_path/zed_msgs
[1.761s] -- Up-to-date symlink: /home/usman/ros2_ws/install/zed_msgs/share/zed_msgs/environment/ament_prefix_path.sh
[1.761s] -- Up-to-date symlink: /home/usman/ros2_ws/install/zed_msgs/share/zed_msgs/environment/ament_prefix_path.dsv
[1.761s] -- Up-to-date symlink: /home/usman/ros2_ws/install/zed_msgs/share/zed_msgs/environment/path.sh
[1.761s] -- Up-to-date symlink: /home/usman/ros2_ws/install/zed_msgs/share/zed_msgs/environment/path.dsv
[1.761s] -- Up-to-date symlink: /home/usman/ros2_ws/install/zed_msgs/share/zed_msgs/local_setup.bash
[1.762s] -- Up-to-date symlink: /home/usman/ros2_ws/install/zed_msgs/share/zed_msgs/local_setup.sh
[1.762s] -- Up-to-date symlink: /home/usman/ros2_ws/install/zed_msgs/share/zed_msgs/local_setup.zsh
[1.762s] -- Up-to-date symlink: /home/usman/ros2_ws/install/zed_msgs/share/zed_msgs/local_setup.dsv
[1.762s] -- Symlinking: /home/usman/ros2_ws/install/zed_msgs/share/zed_msgs/package.dsv
[1.768s] -- Up-to-date symlink: /home/usman/ros2_ws/install/zed_msgs/share/ament_index/resource_index/packages/zed_msgs
[1.768s] -- Up-to-date symlink: /home/usman/ros2_ws/install/zed_msgs/share/zed_msgs/cmake/rosidl_cmake-extras.cmake
[1.768s] -- Up-to-date symlink: /home/usman/ros2_ws/install/zed_msgs/share/zed_msgs/cmake/ament_cmake_export_dependencies-extras.cmake
[1.768s] -- Up-to-date symlink: /home/usman/ros2_ws/install/zed_msgs/share/zed_msgs/cmake/ament_cmake_export_include_directories-extras.cmake
[1.768s] -- Up-to-date symlink: /home/usman/ros2_ws/install/zed_msgs/share/zed_msgs/cmake/ament_cmake_export_libraries-extras.cmake
[1.768s] -- Up-to-date symlink: /home/usman/ros2_ws/install/zed_msgs/share/zed_msgs/cmake/ament_cmake_export_targets-extras.cmake
[1.768s] -- Up-to-date symlink: /home/usman/ros2_ws/install/zed_msgs/share/zed_msgs/cmake/rosidl_cmake_export_typesupport_targets-extras.cmake
[1.768s] -- Up-to-date symlink: /home/usman/ros2_ws/install/zed_msgs/share/zed_msgs/cmake/rosidl_cmake_export_typesupport_libraries-extras.cmake
[1.769s] -- Up-to-date symlink: /home/usman/ros2_ws/install/zed_msgs/share/zed_msgs/cmake/zed_msgsConfig.cmake
[1.769s] -- Up-to-date symlink: /home/usman/ros2_ws/install/zed_msgs/share/zed_msgs/cmake/zed_msgsConfig-version.cmake
[1.769s] -- Up-to-date symlink: /home/usman/ros2_ws/install/zed_msgs/share/zed_msgs/package.xml
[1.777s] -- Up-to-date: /home/usman/ros2_ws/install/zed_msgs/lib/libzed_msgs__rosidl_generator_c.so
[1.778s] -- Up-to-date: /home/usman/ros2_ws/install/zed_msgs/lib/libzed_msgs__rosidl_typesupport_fastrtps_c.so
[1.778s] -- Up-to-date: /home/usman/ros2_ws/install/zed_msgs/lib/libzed_msgs__rosidl_typesupport_fastrtps_cpp.so
[1.778s] -- Up-to-date: /home/usman/ros2_ws/install/zed_msgs/lib/libzed_msgs__rosidl_typesupport_introspection_c.so
[1.779s] -- Up-to-date: /home/usman/ros2_ws/install/zed_msgs/lib/libzed_msgs__rosidl_typesupport_c.so
[1.779s] -- Up-to-date: /home/usman/ros2_ws/install/zed_msgs/lib/libzed_msgs__rosidl_typesupport_introspection_cpp.so
[1.779s] -- Up-to-date: /home/usman/ros2_ws/install/zed_msgs/lib/libzed_msgs__rosidl_typesupport_cpp.so
[1.805s] Listing '/home/usman/ros2_ws/install/zed_msgs/local/lib/python3.10/dist-packages/zed_msgs'...
[1.805s] Compiling '/home/usman/ros2_ws/install/zed_msgs/local/lib/python3.10/dist-packages/zed_msgs/__init__.py'...
[1.805s] Listing '/home/usman/ros2_ws/install/zed_msgs/local/lib/python3.10/dist-packages/zed_msgs/msg'...
[1.805s] Listing '/home/usman/ros2_ws/install/zed_msgs/local/lib/python3.10/dist-packages/zed_msgs/srv'...
[1.808s] -- Up-to-date: /home/usman/ros2_ws/install/zed_msgs/lib/libzed_msgs__rosidl_generator_py.so
[1.808s] -- Up-to-date: /home/usman/ros2_ws/install/zed_msgs/share/zed_msgs/cmake/export_zed_msgs__rosidl_generator_cExport.cmake
[1.808s] -- Up-to-date: /home/usman/ros2_ws/install/zed_msgs/share/zed_msgs/cmake/export_zed_msgs__rosidl_generator_cExport-release.cmake
[1.808s] -- Up-to-date: /home/usman/ros2_ws/install/zed_msgs/share/zed_msgs/cmake/export_zed_msgs__rosidl_typesupport_fastrtps_cExport.cmake
[1.808s] -- Up-to-date: /home/usman/ros2_ws/install/zed_msgs/share/zed_msgs/cmake/export_zed_msgs__rosidl_typesupport_fastrtps_cExport-release.cmake
[1.808s] -- Up-to-date: /home/usman/ros2_ws/install/zed_msgs/share/zed_msgs/cmake/export_zed_msgs__rosidl_generator_cppExport.cmake
[1.808s] -- Up-to-date: /home/usman/ros2_ws/install/zed_msgs/share/zed_msgs/cmake/export_zed_msgs__rosidl_typesupport_fastrtps_cppExport.cmake
[1.808s] -- Up-to-date: /home/usman/ros2_ws/install/zed_msgs/share/zed_msgs/cmake/export_zed_msgs__rosidl_typesupport_fastrtps_cppExport-release.cmake
[1.809s] -- Up-to-date: /home/usman/ros2_ws/install/zed_msgs/share/zed_msgs/cmake/zed_msgs__rosidl_typesupport_introspection_cExport.cmake
[1.809s] -- Up-to-date: /home/usman/ros2_ws/install/zed_msgs/share/zed_msgs/cmake/zed_msgs__rosidl_typesupport_introspection_cExport-release.cmake
[1.809s] -- Up-to-date: /home/usman/ros2_ws/install/zed_msgs/share/zed_msgs/cmake/zed_msgs__rosidl_typesupport_cExport.cmake
[1.809s] -- Up-to-date: /home/usman/ros2_ws/install/zed_msgs/share/zed_msgs/cmake/zed_msgs__rosidl_typesupport_cExport-release.cmake
[1.809s] -- Up-to-date: /home/usman/ros2_ws/install/zed_msgs/share/zed_msgs/cmake/zed_msgs__rosidl_typesupport_introspection_cppExport.cmake
[1.809s] -- Up-to-date: /home/usman/ros2_ws/install/zed_msgs/share/zed_msgs/cmake/zed_msgs__rosidl_typesupport_introspection_cppExport-release.cmake
[1.809s] -- Up-to-date: /home/usman/ros2_ws/install/zed_msgs/share/zed_msgs/cmake/zed_msgs__rosidl_typesupport_cppExport.cmake
[1.809s] -- Up-to-date: /home/usman/ros2_ws/install/zed_msgs/share/zed_msgs/cmake/zed_msgs__rosidl_typesupport_cppExport-release.cmake
[1.809s] -- Up-to-date: /home/usman/ros2_ws/install/zed_msgs/share/zed_msgs/cmake/export_zed_msgs__rosidl_generator_pyExport.cmake
[1.809s] -- Up-to-date: /home/usman/ros2_ws/install/zed_msgs/share/zed_msgs/cmake/export_zed_msgs__rosidl_generator_pyExport-release.cmake
[1.811s] Invoked command in '/home/usman/ros2_ws/build/zed_msgs' returned '0': CMAKE_PREFIX_PATH=${CMAKE_PREFIX_PATH}:/home/usman/ros2_ws/install/zedm_to_BC:/home/usman/ros2_ws/install/rgbd_pdf_exporter:/home/usman/ros2_ws/install/rgbd_observer:/home/usman/ros2_ws/install/rgbd_converter:/home/usman/ros2_ws/install/pdf_to_matrix:/opt/ros/humble /usr/bin/cmake --install /home/usman/ros2_ws/build/zed_msgs
