[0.006s] Invoking command in '/home/usman/ros2_ws/build/zed_components': CMAKE_PREFIX_PATH=/home/usman/ros2_ws/install/zed_msgs:/home/usman/ros2_ws/install/zed_ros2:/home/usman/ros2_ws/install/zed_wrapper:/home/usman/ros2_ws/install/zed_components:/home/usman/ros2_ws/install/zedm_to_BC:/home/usman/ros2_ws/install/rgbd_pdf_exporter:/home/usman/ros2_ws/install/rgbd_observer:/home/usman/ros2_ws/install/rgbd_converter:/home/usman/ros2_ws/install/pdf_to_matrix:/opt/ros/humble LD_LIBRARY_PATH=/home/usman/ros2_ws/install/zed_msgs/lib:/usr/local/cuda-12.1/lib64:/usr/lib/x86_64-linux-gnu:/usr/local/cuda-12.1/lib64:/usr/local/cuda-12.1/lib64:/usr/local/cuda-12.1/lib64:/usr/local/cuda-12.1/lib64:/usr/local/cuda-12.1/lib64:/usr/local/cuda-12.1/lib64:/usr/local/cuda-12.1/lib64:/usr/local/cuda-12.1/lib64:/home/usman/ros2_ws/install/zed_components/lib:/opt/ros/humble/opt/rviz_ogre_vendor/lib:/opt/ros/humble/lib/x86_64-linux-gnu:/opt/ros/humble/lib /usr/bin/cmake /home/usman/ros2_ws/src/zed-ros2-wrapper/zed_components -DCMAKE_INSTALL_PREFIX=/home/usman/ros2_ws/install/zed_components
[0.046s] -- Found CUDA: /usr/local/cuda-12.1 (found suitable version "12.1", minimum required is "12") 
[0.199s] -- Found CUDA: /usr/local/cuda-12.1 (found version "12.1") 
[0.200s] -- Found ament_cmake_auto: 1.3.10 (/opt/ros/humble/share/ament_cmake_auto/cmake)
[0.280s] -- Override CMake install command with custom implementation using symlinks instead of copying resources
[0.338s] -- Found rosidl_generator_c: 3.1.5 (/opt/ros/humble/share/rosidl_generator_c/cmake)
[0.339s] -- Found rosidl_adapter: 3.1.5 (/opt/ros/humble/share/rosidl_adapter/cmake)
[0.343s] -- Found rosidl_generator_cpp: 3.1.5 (/opt/ros/humble/share/rosidl_generator_cpp/cmake)
[0.349s] -- Using all available rosidl_typesupport_c: rosidl_typesupport_fastrtps_c;rosidl_typesupport_introspection_c
[0.357s] -- Using all available rosidl_typesupport_cpp: rosidl_typesupport_fastrtps_cpp;rosidl_typesupport_introspection_cpp
[0.423s] -- Found rmw_implementation_cmake: 6.1.2 (/opt/ros/humble/share/rmw_implementation_cmake/cmake)
[0.424s] -- Found rmw_fastrtps_cpp: 6.2.7 (/opt/ros/humble/share/rmw_fastrtps_cpp/cmake)
[0.506s] -- Using RMW implementation 'rmw_fastrtps_cpp' as default
[0.698s] -- Found eigen3_cmake_module: 0.1.1 (/opt/ros/humble/share/eigen3_cmake_module/cmake)
[0.700s] -- Ensuring Eigen3 include directory is part of orocos-kdl CMake target
[0.778s] -- Found ament_lint_auto: 0.12.11 (/opt/ros/humble/share/ament_lint_auto/cmake)
[0.792s] -- Added test 'copyright' to check source files copyright and LICENSE
[0.793s] -- Added test 'cppcheck' to perform static code analysis on C / C++ code
[0.794s] -- Configured cppcheck include dirs: /home/usman/ros2_ws/src/zed-ros2-wrapper/zed_components/src/include;/home/usman/ros2_ws/src/zed-ros2-wrapper/zed_components/src/zed_camera/include;/home/usman/ros2_ws/src/zed-ros2-wrapper/zed_components/src/tools/include
[0.794s] -- Configured cppcheck exclude dirs and/or files: 
[0.794s] -- Added test 'lint_cmake' to check CMake code style
[0.795s] -- Added test 'uncrustify' to check C / C++ code style
[0.795s] -- Configured uncrustify additional arguments: 
[0.796s] -- Added test 'xmllint' to check XML markup files
[0.798s] -- Configuring done
[0.814s] -- Generating done
[0.816s] -- Build files have been written to: /home/usman/ros2_ws/build/zed_components
[0.823s] Invoked command in '/home/usman/ros2_ws/build/zed_components' returned '0': CMAKE_PREFIX_PATH=/home/usman/ros2_ws/install/zed_msgs:/home/usman/ros2_ws/install/zed_ros2:/home/usman/ros2_ws/install/zed_wrapper:/home/usman/ros2_ws/install/zed_components:/home/usman/ros2_ws/install/zedm_to_BC:/home/usman/ros2_ws/install/rgbd_pdf_exporter:/home/usman/ros2_ws/install/rgbd_observer:/home/usman/ros2_ws/install/rgbd_converter:/home/usman/ros2_ws/install/pdf_to_matrix:/opt/ros/humble LD_LIBRARY_PATH=/home/usman/ros2_ws/install/zed_msgs/lib:/usr/local/cuda-12.1/lib64:/usr/lib/x86_64-linux-gnu:/usr/local/cuda-12.1/lib64:/usr/local/cuda-12.1/lib64:/usr/local/cuda-12.1/lib64:/usr/local/cuda-12.1/lib64:/usr/local/cuda-12.1/lib64:/usr/local/cuda-12.1/lib64:/usr/local/cuda-12.1/lib64:/usr/local/cuda-12.1/lib64:/home/usman/ros2_ws/install/zed_components/lib:/opt/ros/humble/opt/rviz_ogre_vendor/lib:/opt/ros/humble/lib/x86_64-linux-gnu:/opt/ros/humble/lib /usr/bin/cmake /home/usman/ros2_ws/src/zed-ros2-wrapper/zed_components -DCMAKE_INSTALL_PREFIX=/home/usman/ros2_ws/install/zed_components
[0.824s] Invoking command in '/home/usman/ros2_ws/build/zed_components': CMAKE_PREFIX_PATH=/home/usman/ros2_ws/install/zed_msgs:/home/usman/ros2_ws/install/zed_ros2:/home/usman/ros2_ws/install/zed_wrapper:/home/usman/ros2_ws/install/zed_components:/home/usman/ros2_ws/install/zedm_to_BC:/home/usman/ros2_ws/install/rgbd_pdf_exporter:/home/usman/ros2_ws/install/rgbd_observer:/home/usman/ros2_ws/install/rgbd_converter:/home/usman/ros2_ws/install/pdf_to_matrix:/opt/ros/humble LD_LIBRARY_PATH=/home/usman/ros2_ws/install/zed_msgs/lib:/usr/local/cuda-12.1/lib64:/usr/lib/x86_64-linux-gnu:/usr/local/cuda-12.1/lib64:/usr/local/cuda-12.1/lib64:/usr/local/cuda-12.1/lib64:/usr/local/cuda-12.1/lib64:/usr/local/cuda-12.1/lib64:/usr/local/cuda-12.1/lib64:/usr/local/cuda-12.1/lib64:/usr/local/cuda-12.1/lib64:/home/usman/ros2_ws/install/zed_components/lib:/opt/ros/humble/opt/rviz_ogre_vendor/lib:/opt/ros/humble/lib/x86_64-linux-gnu:/opt/ros/humble/lib /usr/bin/cmake --build /home/usman/ros2_ws/build/zed_components -- -j16 -l16
[0.854s] [35m[1mConsolidate compiler generated dependencies of target zed_camera_component[0m
[0.886s] [100%] Built target zed_camera_component
[0.893s] Invoked command in '/home/usman/ros2_ws/build/zed_components' returned '0': CMAKE_PREFIX_PATH=/home/usman/ros2_ws/install/zed_msgs:/home/usman/ros2_ws/install/zed_ros2:/home/usman/ros2_ws/install/zed_wrapper:/home/usman/ros2_ws/install/zed_components:/home/usman/ros2_ws/install/zedm_to_BC:/home/usman/ros2_ws/install/rgbd_pdf_exporter:/home/usman/ros2_ws/install/rgbd_observer:/home/usman/ros2_ws/install/rgbd_converter:/home/usman/ros2_ws/install/pdf_to_matrix:/opt/ros/humble LD_LIBRARY_PATH=/home/usman/ros2_ws/install/zed_msgs/lib:/usr/local/cuda-12.1/lib64:/usr/lib/x86_64-linux-gnu:/usr/local/cuda-12.1/lib64:/usr/local/cuda-12.1/lib64:/usr/local/cuda-12.1/lib64:/usr/local/cuda-12.1/lib64:/usr/local/cuda-12.1/lib64:/usr/local/cuda-12.1/lib64:/usr/local/cuda-12.1/lib64:/usr/local/cuda-12.1/lib64:/home/usman/ros2_ws/install/zed_components/lib:/opt/ros/humble/opt/rviz_ogre_vendor/lib:/opt/ros/humble/lib/x86_64-linux-gnu:/opt/ros/humble/lib /usr/bin/cmake --build /home/usman/ros2_ws/build/zed_components -- -j16 -l16
[0.913s] Invoking command in '/home/usman/ros2_ws/build/zed_components': CMAKE_PREFIX_PATH=/home/usman/ros2_ws/install/zed_msgs:/home/usman/ros2_ws/install/zed_ros2:/home/usman/ros2_ws/install/zed_wrapper:/home/usman/ros2_ws/install/zed_components:/home/usman/ros2_ws/install/zedm_to_BC:/home/usman/ros2_ws/install/rgbd_pdf_exporter:/home/usman/ros2_ws/install/rgbd_observer:/home/usman/ros2_ws/install/rgbd_converter:/home/usman/ros2_ws/install/pdf_to_matrix:/opt/ros/humble LD_LIBRARY_PATH=/home/usman/ros2_ws/install/zed_msgs/lib:/usr/local/cuda-12.1/lib64:/usr/lib/x86_64-linux-gnu:/usr/local/cuda-12.1/lib64:/usr/local/cuda-12.1/lib64:/usr/local/cuda-12.1/lib64:/usr/local/cuda-12.1/lib64:/usr/local/cuda-12.1/lib64:/usr/local/cuda-12.1/lib64:/usr/local/cuda-12.1/lib64:/usr/local/cuda-12.1/lib64:/home/usman/ros2_ws/install/zed_components/lib:/opt/ros/humble/opt/rviz_ogre_vendor/lib:/opt/ros/humble/lib/x86_64-linux-gnu:/opt/ros/humble/lib /usr/bin/cmake --install /home/usman/ros2_ws/build/zed_components
[0.918s] -- Install configuration: "Release"
[0.918s] -- Execute custom install script
[0.918s] -- Up-to-date symlink: /home/usman/ros2_ws/install/zed_components/lib/libzed_camera_component.so
[0.918s] -- Up-to-date symlink: /home/usman/ros2_ws/install/zed_components/include/zed_components//cost_traversability.hpp
[0.918s] -- Up-to-date symlink: /home/usman/ros2_ws/install/zed_components/include/zed_components//sl_types.hpp
[0.918s] -- Up-to-date symlink: /home/usman/ros2_ws/install/zed_components/include/zed_components//zed_camera_component.hpp
[0.919s] -- Up-to-date symlink: /home/usman/ros2_ws/install/zed_components/include/zed_components//gnss_replay.hpp
[0.919s] -- Up-to-date symlink: /home/usman/ros2_ws/install/zed_components/include/zed_components//json.hpp
[0.919s] -- Up-to-date symlink: /home/usman/ros2_ws/install/zed_components/include/zed_components//sl_logging.hpp
[0.919s] -- Up-to-date symlink: /home/usman/ros2_ws/install/zed_components/include/zed_components//sl_tools.hpp
[0.919s] -- Up-to-date symlink: /home/usman/ros2_ws/install/zed_components/include/zed_components//sl_win_avg.hpp
[0.919s] -- Up-to-date symlink: /home/usman/ros2_ws/install/zed_components/include/zed_components//visibility_control.hpp
[0.919s] -- Up-to-date symlink: /home/usman/ros2_ws/install/zed_components/share/zed_components/environment/library_path.sh
[0.919s] -- Up-to-date symlink: /home/usman/ros2_ws/install/zed_components/share/zed_components/environment/library_path.dsv
[0.919s] -- Up-to-date symlink: /home/usman/ros2_ws/install/zed_components/share/ament_index/resource_index/package_run_dependencies/zed_components
[0.919s] -- Up-to-date symlink: /home/usman/ros2_ws/install/zed_components/share/ament_index/resource_index/parent_prefix_path/zed_components
[0.920s] -- Up-to-date symlink: /home/usman/ros2_ws/install/zed_components/share/zed_components/environment/ament_prefix_path.sh
[0.920s] -- Up-to-date symlink: /home/usman/ros2_ws/install/zed_components/share/zed_components/environment/ament_prefix_path.dsv
[0.920s] -- Up-to-date symlink: /home/usman/ros2_ws/install/zed_components/share/zed_components/environment/path.sh
[0.920s] -- Up-to-date symlink: /home/usman/ros2_ws/install/zed_components/share/zed_components/environment/path.dsv
[0.920s] -- Up-to-date symlink: /home/usman/ros2_ws/install/zed_components/share/zed_components/local_setup.bash
[0.920s] -- Up-to-date symlink: /home/usman/ros2_ws/install/zed_components/share/zed_components/local_setup.sh
[0.920s] -- Up-to-date symlink: /home/usman/ros2_ws/install/zed_components/share/zed_components/local_setup.zsh
[0.920s] -- Up-to-date symlink: /home/usman/ros2_ws/install/zed_components/share/zed_components/local_setup.dsv
[0.920s] -- Symlinking: /home/usman/ros2_ws/install/zed_components/share/zed_components/package.dsv
[0.926s] -- Up-to-date symlink: /home/usman/ros2_ws/install/zed_components/share/ament_index/resource_index/packages/zed_components
[0.926s] -- Up-to-date symlink: /home/usman/ros2_ws/install/zed_components/share/ament_index/resource_index/rclcpp_components/zed_components
[0.926s] -- Up-to-date symlink: /home/usman/ros2_ws/install/zed_components/share/zed_components/cmake/ament_cmake_export_include_directories-extras.cmake
[0.926s] -- Up-to-date symlink: /home/usman/ros2_ws/install/zed_components/share/zed_components/cmake/ament_cmake_export_libraries-extras.cmake
[0.926s] -- Up-to-date symlink: /home/usman/ros2_ws/install/zed_components/share/zed_components/cmake/ament_cmake_export_dependencies-extras.cmake
[0.926s] -- Up-to-date symlink: /home/usman/ros2_ws/install/zed_components/share/zed_components/cmake/zed_componentsConfig.cmake
[0.926s] -- Up-to-date symlink: /home/usman/ros2_ws/install/zed_components/share/zed_components/cmake/zed_componentsConfig-version.cmake
[0.926s] -- Up-to-date symlink: /home/usman/ros2_ws/install/zed_components/share/zed_components/package.xml
[0.928s] Invoked command in '/home/usman/ros2_ws/build/zed_components' returned '0': CMAKE_PREFIX_PATH=/home/usman/ros2_ws/install/zed_msgs:/home/usman/ros2_ws/install/zed_ros2:/home/usman/ros2_ws/install/zed_wrapper:/home/usman/ros2_ws/install/zed_components:/home/usman/ros2_ws/install/zedm_to_BC:/home/usman/ros2_ws/install/rgbd_pdf_exporter:/home/usman/ros2_ws/install/rgbd_observer:/home/usman/ros2_ws/install/rgbd_converter:/home/usman/ros2_ws/install/pdf_to_matrix:/opt/ros/humble LD_LIBRARY_PATH=/home/usman/ros2_ws/install/zed_msgs/lib:/usr/local/cuda-12.1/lib64:/usr/lib/x86_64-linux-gnu:/usr/local/cuda-12.1/lib64:/usr/local/cuda-12.1/lib64:/usr/local/cuda-12.1/lib64:/usr/local/cuda-12.1/lib64:/usr/local/cuda-12.1/lib64:/usr/local/cuda-12.1/lib64:/usr/local/cuda-12.1/lib64:/usr/local/cuda-12.1/lib64:/home/usman/ros2_ws/install/zed_components/lib:/opt/ros/humble/opt/rviz_ogre_vendor/lib:/opt/ros/humble/lib/x86_64-linux-gnu:/opt/ros/humble/lib /usr/bin/cmake --install /home/usman/ros2_ws/build/zed_components
