[0.845s] Invoking command in '/home/usman/ros2_ws/src/zedm_to_BC': PYTHONPATH=/home/usman/ros2_ws/build/zedm_to_BC/prefix_override:/usr/lib/python3/dist-packages/colcon_core/task/python/colcon_distutils_commands:/home/usman/ros2_ws/install/zedm_to_BC/lib/python3.10/site-packages:${PYTHONPATH} /usr/bin/python3 -W ignore:setup.py install is deprecated setup.py egg_info --egg-base ../../build/zedm_to_BC build --build-base /home/usman/ros2_ws/build/zedm_to_BC/build install --record /home/usman/ros2_ws/build/zedm_to_BC/install.log --single-version-externally-managed install_data
[0.929s] /home/usman/.local/lib/python3.10/site-packages/setuptools/_distutils/dist.py:261: UserWarning: Unknown distribution option: 'tests_require'
[0.929s]   warnings.warn(msg)
[0.972s] running egg_info
[0.979s] writing ../../build/zedm_to_BC/zedm_to_BC.egg-info/PKG-INFO
[0.980s] writing dependency_links to ../../build/zedm_to_BC/zedm_to_BC.egg-info/dependency_links.txt
[0.980s] writing entry points to ../../build/zedm_to_BC/zedm_to_BC.egg-info/entry_points.txt
[0.980s] writing requirements to ../../build/zedm_to_BC/zedm_to_BC.egg-info/requires.txt
[0.980s] writing top-level names to ../../build/zedm_to_BC/zedm_to_BC.egg-info/top_level.txt
[0.995s] reading manifest file '../../build/zedm_to_BC/zedm_to_BC.egg-info/SOURCES.txt'
[0.996s] writing manifest file '../../build/zedm_to_BC/zedm_to_BC.egg-info/SOURCES.txt'
[0.996s] running build
[0.996s] running build_py
[0.996s] copying zedm_to_BC/main.py -> /home/usman/ros2_ws/build/zedm_to_BC/build/lib/zedm_to_BC
[0.996s] copying zedm_to_BC/__init__.py -> /home/usman/ros2_ws/build/zedm_to_BC/build/lib/zedm_to_BC
[0.997s] copying zedm_to_BC/observation_logger/__init__.py -> /home/usman/ros2_ws/build/zedm_to_BC/build/lib/zedm_to_BC/observation_logger
[0.997s] copying zedm_to_BC/observation_logger/observation_logger.py -> /home/usman/ros2_ws/build/zedm_to_BC/build/lib/zedm_to_BC/observation_logger
[0.997s] creating /home/usman/ros2_ws/build/zedm_to_BC/build/lib/zedm_to_BC/scripts
[0.997s] copying zedm_to_BC/scripts/control_publisher.py -> /home/usman/ros2_ws/build/zedm_to_BC/build/lib/zedm_to_BC/scripts
[0.997s] copying zedm_to_BC/scripts/__init__.py -> /home/usman/ros2_ws/build/zedm_to_BC/build/lib/zedm_to_BC/scripts
[0.997s] copying zedm_to_BC/training/behavior_cloning_training.py -> /home/usman/ros2_ws/build/zedm_to_BC/build/lib/zedm_to_BC/training
[0.997s] copying zedm_to_BC/training/__init__.py -> /home/usman/ros2_ws/build/zedm_to_BC/build/lib/zedm_to_BC/training
[0.997s] copying zedm_to_BC/training/combine_data.py -> /home/usman/ros2_ws/build/zedm_to_BC/build/lib/zedm_to_BC/training
[0.997s] copying zedm_to_BC/models/behavior_cloning_model.py -> /home/usman/ros2_ws/build/zedm_to_BC/build/lib/zedm_to_BC/models
[0.998s] copying zedm_to_BC/models/__init__.py -> /home/usman/ros2_ws/build/zedm_to_BC/build/lib/zedm_to_BC/models
[0.998s] running install
[1.001s] running install_lib
[1.008s] copying /home/usman/ros2_ws/build/zedm_to_BC/build/lib/zedm_to_BC/observation_logger/observation_logger.py -> /home/usman/ros2_ws/install/zedm_to_BC/lib/python3.10/site-packages/zedm_to_BC/observation_logger
[1.008s] creating /home/usman/ros2_ws/install/zedm_to_BC/lib/python3.10/site-packages/zedm_to_BC/scripts
[1.008s] copying /home/usman/ros2_ws/build/zedm_to_BC/build/lib/zedm_to_BC/scripts/control_publisher.py -> /home/usman/ros2_ws/install/zedm_to_BC/lib/python3.10/site-packages/zedm_to_BC/scripts
[1.008s] copying /home/usman/ros2_ws/build/zedm_to_BC/build/lib/zedm_to_BC/scripts/__init__.py -> /home/usman/ros2_ws/install/zedm_to_BC/lib/python3.10/site-packages/zedm_to_BC/scripts
[1.009s] byte-compiling /home/usman/ros2_ws/install/zedm_to_BC/lib/python3.10/site-packages/zedm_to_BC/observation_logger/observation_logger.py to observation_logger.cpython-310.pyc
[1.009s] byte-compiling /home/usman/ros2_ws/install/zedm_to_BC/lib/python3.10/site-packages/zedm_to_BC/scripts/control_publisher.py to control_publisher.cpython-310.pyc
[1.010s] byte-compiling /home/usman/ros2_ws/install/zedm_to_BC/lib/python3.10/site-packages/zedm_to_BC/scripts/__init__.py to __init__.cpython-310.pyc
[1.010s] running install_data
[1.010s] copying resource/zedm_to_BC -> /home/usman/ros2_ws/install/zedm_to_BC/share/ament_index/resource_index/packages
[1.010s] copying package.xml -> /home/usman/ros2_ws/install/zedm_to_BC/share/zedm_to_BC
[1.010s] running install_egg_info
[1.018s] removing '/home/usman/ros2_ws/install/zedm_to_BC/lib/python3.10/site-packages/zedm_to_BC-0.1.0-py3.10.egg-info' (and everything under it)
[1.019s] Copying ../../build/zedm_to_BC/zedm_to_BC.egg-info to /home/usman/ros2_ws/install/zedm_to_BC/lib/python3.10/site-packages/zedm_to_BC-0.1.0-py3.10.egg-info
[1.019s] running install_scripts
[1.083s] Installing logger script to /home/usman/ros2_ws/install/zedm_to_BC/lib/zedm_to_BC
[1.083s] Installing main script to /home/usman/ros2_ws/install/zedm_to_BC/lib/zedm_to_BC
[1.083s] Installing scripts script to /home/usman/ros2_ws/install/zedm_to_BC/lib/zedm_to_BC
[1.083s] Installing trainer script to /home/usman/ros2_ws/install/zedm_to_BC/lib/zedm_to_BC
[1.084s] writing list of installed files to '/home/usman/ros2_ws/build/zedm_to_BC/install.log'
[1.112s] Invoked command in '/home/usman/ros2_ws/src/zedm_to_BC' returned '0': PYTHONPATH=/home/usman/ros2_ws/build/zedm_to_BC/prefix_override:/usr/lib/python3/dist-packages/colcon_core/task/python/colcon_distutils_commands:/home/usman/ros2_ws/install/zedm_to_BC/lib/python3.10/site-packages:${PYTHONPATH} /usr/bin/python3 -W ignore:setup.py install is deprecated setup.py egg_info --egg-base ../../build/zedm_to_BC build --build-base /home/usman/ros2_ws/build/zedm_to_BC/build install --record /home/usman/ros2_ws/build/zedm_to_BC/install.log --single-version-externally-managed install_data
